        -:    0:Source:/Applications/Xcode.app/Contents/Developer/Toolchains/XcodeDefault.xctoolchain/usr/bin/../include/c++/v1/algorithm
        -:    0:Graph:TestCollatz.gcno
        -:    0:Data:TestCollatz.gcda
        -:    0:Runs:1
        -:    0:Programs:1
        -:    1:// -*- C++ -*-
        -:    2://===-------------------------- algorithm ---------------------------------===//
        -:    3://
        -:    4://                     The LLVM Compiler Infrastructure
        -:    5://
        -:    6:// This file is dual licensed under the MIT and the University of Illinois Open
        -:    7:// Source Licenses. See LICENSE.TXT for details.
        -:    8://
        -:    9://===----------------------------------------------------------------------===//
        -:   10:
        -:   11:#ifndef _LIBCPP_ALGORITHM
        -:   12:#define _LIBCPP_ALGORITHM
        -:   13:
        -:   14:/*
        -:   15:    algorithm synopsis
        -:   16:
        -:   17:#include <initializer_list>
        -:   18:
        -:   19:namespace std
        -:   20:{
        -:   21:
        -:   22:template <class InputIterator, class Predicate>
        -:   23:    bool
        -:   24:    all_of(InputIterator first, InputIterator last, Predicate pred);
        -:   25:
        -:   26:template <class InputIterator, class Predicate>
        -:   27:    bool
        -:   28:    any_of(InputIterator first, InputIterator last, Predicate pred);
        -:   29:
        -:   30:template <class InputIterator, class Predicate>
        -:   31:    bool
        -:   32:    none_of(InputIterator first, InputIterator last, Predicate pred);
        -:   33:
        -:   34:template <class InputIterator, class Function>
        -:   35:    Function
        -:   36:    for_each(InputIterator first, InputIterator last, Function f);
        -:   37:
        -:   38:template <class InputIterator, class T>
        -:   39:    InputIterator
        -:   40:    find(InputIterator first, InputIterator last, const T& value);
        -:   41:
        -:   42:template <class InputIterator, class Predicate>
        -:   43:    InputIterator
        -:   44:    find_if(InputIterator first, InputIterator last, Predicate pred);
        -:   45:
        -:   46:template<class InputIterator, class Predicate>
        -:   47:    InputIterator
        -:   48:    find_if_not(InputIterator first, InputIterator last, Predicate pred);
        -:   49:
        -:   50:template <class ForwardIterator1, class ForwardIterator2>
        -:   51:    ForwardIterator1
        -:   52:    find_end(ForwardIterator1 first1, ForwardIterator1 last1,
        -:   53:             ForwardIterator2 first2, ForwardIterator2 last2);
        -:   54:
        -:   55:template <class ForwardIterator1, class ForwardIterator2, class BinaryPredicate>
        -:   56:    ForwardIterator1
        -:   57:    find_end(ForwardIterator1 first1, ForwardIterator1 last1,
        -:   58:             ForwardIterator2 first2, ForwardIterator2 last2, BinaryPredicate pred);
        -:   59:
        -:   60:template <class ForwardIterator1, class ForwardIterator2>
        -:   61:    ForwardIterator1
        -:   62:    find_first_of(ForwardIterator1 first1, ForwardIterator1 last1,
        -:   63:                  ForwardIterator2 first2, ForwardIterator2 last2);
        -:   64:
        -:   65:template <class ForwardIterator1, class ForwardIterator2, class BinaryPredicate>
        -:   66:    ForwardIterator1
        -:   67:    find_first_of(ForwardIterator1 first1, ForwardIterator1 last1,
        -:   68:                  ForwardIterator2 first2, ForwardIterator2 last2, BinaryPredicate pred);
        -:   69:
        -:   70:template <class ForwardIterator>
        -:   71:    ForwardIterator
        -:   72:    adjacent_find(ForwardIterator first, ForwardIterator last);
        -:   73:
        -:   74:template <class ForwardIterator, class BinaryPredicate>
        -:   75:    ForwardIterator
        -:   76:    adjacent_find(ForwardIterator first, ForwardIterator last, BinaryPredicate pred);
        -:   77:
        -:   78:template <class InputIterator, class T>
        -:   79:    typename iterator_traits<InputIterator>::difference_type
        -:   80:    count(InputIterator first, InputIterator last, const T& value);
        -:   81:
        -:   82:template <class InputIterator, class Predicate>
        -:   83:    typename iterator_traits<InputIterator>::difference_type
        -:   84:    count_if(InputIterator first, InputIterator last, Predicate pred);
        -:   85:
        -:   86:template <class InputIterator1, class InputIterator2>
        -:   87:    pair<InputIterator1, InputIterator2>
        -:   88:    mismatch(InputIterator1 first1, InputIterator1 last1, InputIterator2 first2);
        -:   89:
        -:   90:template <class InputIterator1, class InputIterator2>
        -:   91:    pair<InputIterator1, InputIterator2>
        -:   92:    mismatch(InputIterator1 first1, InputIterator1 last1, 
        -:   93:             InputIterator2 first2, InputIterator2 last2); // **C++14**
        -:   94:
        -:   95:template <class InputIterator1, class InputIterator2, class BinaryPredicate>
        -:   96:    pair<InputIterator1, InputIterator2>
        -:   97:    mismatch(InputIterator1 first1, InputIterator1 last1,
        -:   98:             InputIterator2 first2, BinaryPredicate pred);
        -:   99:
        -:  100:template <class InputIterator1, class InputIterator2, class BinaryPredicate>
        -:  101:    pair<InputIterator1, InputIterator2>
        -:  102:    mismatch(InputIterator1 first1, InputIterator1 last1,
        -:  103:             InputIterator2 first2, InputIterator2 last2,
        -:  104:             BinaryPredicate pred); // **C++14**
        -:  105:
        -:  106:template <class InputIterator1, class InputIterator2>
        -:  107:    bool
        -:  108:    equal(InputIterator1 first1, InputIterator1 last1, InputIterator2 first2);
        -:  109:
        -:  110:template <class InputIterator1, class InputIterator2>
        -:  111:    bool
        -:  112:    equal(InputIterator1 first1, InputIterator1 last1, 
        -:  113:          InputIterator2 first2, InputIterator2 last2); // **C++14**
        -:  114:
        -:  115:template <class InputIterator1, class InputIterator2, class BinaryPredicate>
        -:  116:    bool
        -:  117:    equal(InputIterator1 first1, InputIterator1 last1,
        -:  118:          InputIterator2 first2, BinaryPredicate pred);
        -:  119:
        -:  120:template <class InputIterator1, class InputIterator2, class BinaryPredicate>
        -:  121:    bool
        -:  122:    equal(InputIterator1 first1, InputIterator1 last1,
        -:  123:          InputIterator2 first2, InputIterator2 last2,
        -:  124:          BinaryPredicate pred); // **C++14**
        -:  125:
        -:  126:template<class ForwardIterator1, class ForwardIterator2>
        -:  127:    bool
        -:  128:    is_permutation(ForwardIterator1 first1, ForwardIterator1 last1,
        -:  129:                   ForwardIterator2 first2);
        -:  130:
        -:  131:template<class ForwardIterator1, class ForwardIterator2>
        -:  132:    bool
        -:  133:    is_permutation(ForwardIterator1 first1, ForwardIterator1 last1,
        -:  134:                   ForwardIterator2 first2, ForwardIterator2 last2); // **C++14**
        -:  135:
        -:  136:template<class ForwardIterator1, class ForwardIterator2, class BinaryPredicate>
        -:  137:    bool
        -:  138:    is_permutation(ForwardIterator1 first1, ForwardIterator1 last1,
        -:  139:                   ForwardIterator2 first2, BinaryPredicate pred);
        -:  140:
        -:  141:template<class ForwardIterator1, class ForwardIterator2, class BinaryPredicate>
        -:  142:    bool
        -:  143:    is_permutation(ForwardIterator1 first1, ForwardIterator1 last1,
        -:  144:                   ForwardIterator2 first2, ForwardIterator2 last2,
        -:  145:                   BinaryPredicate pred);  // **C++14**
        -:  146:
        -:  147:template <class ForwardIterator1, class ForwardIterator2>
        -:  148:    ForwardIterator1
        -:  149:    search(ForwardIterator1 first1, ForwardIterator1 last1,
        -:  150:           ForwardIterator2 first2, ForwardIterator2 last2);
        -:  151:
        -:  152:template <class ForwardIterator1, class ForwardIterator2, class BinaryPredicate>
        -:  153:    ForwardIterator1
        -:  154:    search(ForwardIterator1 first1, ForwardIterator1 last1,
        -:  155:           ForwardIterator2 first2, ForwardIterator2 last2, BinaryPredicate pred);
        -:  156:
        -:  157:template <class ForwardIterator, class Size, class T>
        -:  158:    ForwardIterator
        -:  159:    search_n(ForwardIterator first, ForwardIterator last, Size count, const T& value);
        -:  160:
        -:  161:template <class ForwardIterator, class Size, class T, class BinaryPredicate>
        -:  162:    ForwardIterator
        -:  163:    search_n(ForwardIterator first, ForwardIterator last,
        -:  164:             Size count, const T& value, BinaryPredicate pred);
        -:  165:
        -:  166:template <class InputIterator, class OutputIterator>
        -:  167:    OutputIterator
        -:  168:    copy(InputIterator first, InputIterator last, OutputIterator result);
        -:  169:
        -:  170:template<class InputIterator, class OutputIterator, class Predicate>
        -:  171:    OutputIterator
        -:  172:    copy_if(InputIterator first, InputIterator last,
        -:  173:            OutputIterator result, Predicate pred);
        -:  174:
        -:  175:template<class InputIterator, class Size, class OutputIterator>
        -:  176:    OutputIterator
        -:  177:    copy_n(InputIterator first, Size n, OutputIterator result);
        -:  178:
        -:  179:template <class BidirectionalIterator1, class BidirectionalIterator2>
        -:  180:    BidirectionalIterator2
        -:  181:    copy_backward(BidirectionalIterator1 first, BidirectionalIterator1 last,
        -:  182:                  BidirectionalIterator2 result);
        -:  183:
        -:  184:template <class ForwardIterator1, class ForwardIterator2>
        -:  185:    ForwardIterator2
        -:  186:    swap_ranges(ForwardIterator1 first1, ForwardIterator1 last1, ForwardIterator2 first2);
        -:  187:
        -:  188:template <class ForwardIterator1, class ForwardIterator2>
        -:  189:    void
        -:  190:    iter_swap(ForwardIterator1 a, ForwardIterator2 b);
        -:  191:
        -:  192:template <class InputIterator, class OutputIterator, class UnaryOperation>
        -:  193:    OutputIterator
        -:  194:    transform(InputIterator first, InputIterator last, OutputIterator result, UnaryOperation op);
        -:  195:
        -:  196:template <class InputIterator1, class InputIterator2, class OutputIterator, class BinaryOperation>
        -:  197:    OutputIterator
        -:  198:    transform(InputIterator1 first1, InputIterator1 last1, InputIterator2 first2,
        -:  199:              OutputIterator result, BinaryOperation binary_op);
        -:  200:
        -:  201:template <class ForwardIterator, class T>
        -:  202:    void
        -:  203:    replace(ForwardIterator first, ForwardIterator last, const T& old_value, const T& new_value);
        -:  204:
        -:  205:template <class ForwardIterator, class Predicate, class T>
        -:  206:    void
        -:  207:    replace_if(ForwardIterator first, ForwardIterator last, Predicate pred, const T& new_value);
        -:  208:
        -:  209:template <class InputIterator, class OutputIterator, class T>
        -:  210:    OutputIterator
        -:  211:    replace_copy(InputIterator first, InputIterator last, OutputIterator result,
        -:  212:                 const T& old_value, const T& new_value);
        -:  213:
        -:  214:template <class InputIterator, class OutputIterator, class Predicate, class T>
        -:  215:    OutputIterator
        -:  216:    replace_copy_if(InputIterator first, InputIterator last, OutputIterator result, Predicate pred, const T& new_value);
        -:  217:
        -:  218:template <class ForwardIterator, class T>
        -:  219:    void
        -:  220:    fill(ForwardIterator first, ForwardIterator last, const T& value);
        -:  221:
        -:  222:template <class OutputIterator, class Size, class T>
        -:  223:    OutputIterator
        -:  224:    fill_n(OutputIterator first, Size n, const T& value);
        -:  225:
        -:  226:template <class ForwardIterator, class Generator>
        -:  227:    void
        -:  228:    generate(ForwardIterator first, ForwardIterator last, Generator gen);
        -:  229:
        -:  230:template <class OutputIterator, class Size, class Generator>
        -:  231:    OutputIterator
        -:  232:    generate_n(OutputIterator first, Size n, Generator gen);
        -:  233:
        -:  234:template <class ForwardIterator, class T>
        -:  235:    ForwardIterator
        -:  236:    remove(ForwardIterator first, ForwardIterator last, const T& value);
        -:  237:
        -:  238:template <class ForwardIterator, class Predicate>
        -:  239:    ForwardIterator
        -:  240:    remove_if(ForwardIterator first, ForwardIterator last, Predicate pred);
        -:  241:
        -:  242:template <class InputIterator, class OutputIterator, class T>
        -:  243:    OutputIterator
        -:  244:    remove_copy(InputIterator first, InputIterator last, OutputIterator result, const T& value);
        -:  245:
        -:  246:template <class InputIterator, class OutputIterator, class Predicate>
        -:  247:    OutputIterator
        -:  248:    remove_copy_if(InputIterator first, InputIterator last, OutputIterator result, Predicate pred);
        -:  249:
        -:  250:template <class ForwardIterator>
        -:  251:    ForwardIterator
        -:  252:    unique(ForwardIterator first, ForwardIterator last);
        -:  253:
        -:  254:template <class ForwardIterator, class BinaryPredicate>
        -:  255:    ForwardIterator
        -:  256:    unique(ForwardIterator first, ForwardIterator last, BinaryPredicate pred);
        -:  257:
        -:  258:template <class InputIterator, class OutputIterator>
        -:  259:    OutputIterator
        -:  260:    unique_copy(InputIterator first, InputIterator last, OutputIterator result);
        -:  261:
        -:  262:template <class InputIterator, class OutputIterator, class BinaryPredicate>
        -:  263:    OutputIterator
        -:  264:    unique_copy(InputIterator first, InputIterator last, OutputIterator result, BinaryPredicate pred);
        -:  265:
        -:  266:template <class BidirectionalIterator>
        -:  267:    void
        -:  268:    reverse(BidirectionalIterator first, BidirectionalIterator last);
        -:  269:
        -:  270:template <class BidirectionalIterator, class OutputIterator>
        -:  271:    OutputIterator
        -:  272:    reverse_copy(BidirectionalIterator first, BidirectionalIterator last, OutputIterator result);
        -:  273:
        -:  274:template <class ForwardIterator>
        -:  275:    ForwardIterator
        -:  276:    rotate(ForwardIterator first, ForwardIterator middle, ForwardIterator last);
        -:  277:
        -:  278:template <class ForwardIterator, class OutputIterator>
        -:  279:    OutputIterator
        -:  280:    rotate_copy(ForwardIterator first, ForwardIterator middle, ForwardIterator last, OutputIterator result);
        -:  281:
        -:  282:template <class RandomAccessIterator>
        -:  283:    void
        -:  284:    random_shuffle(RandomAccessIterator first, RandomAccessIterator last); // deprecated in C++14
        -:  285:
        -:  286:template <class RandomAccessIterator, class RandomNumberGenerator>
        -:  287:    void
        -:  288:    random_shuffle(RandomAccessIterator first, RandomAccessIterator last,
        -:  289:                   RandomNumberGenerator& rand);  // deprecated in C++14
        -:  290:
        -:  291:template<class RandomAccessIterator, class UniformRandomNumberGenerator>
        -:  292:    void shuffle(RandomAccessIterator first, RandomAccessIterator last,
        -:  293:                 UniformRandomNumberGenerator&& g);
        -:  294:
        -:  295:template <class InputIterator, class Predicate>
        -:  296:    bool
        -:  297:    is_partitioned(InputIterator first, InputIterator last, Predicate pred);
        -:  298:
        -:  299:template <class ForwardIterator, class Predicate>
        -:  300:    ForwardIterator
        -:  301:    partition(ForwardIterator first, ForwardIterator last, Predicate pred);
        -:  302:
        -:  303:template <class InputIterator, class OutputIterator1,
        -:  304:          class OutputIterator2, class Predicate>
        -:  305:    pair<OutputIterator1, OutputIterator2>
        -:  306:    partition_copy(InputIterator first, InputIterator last,
        -:  307:                   OutputIterator1 out_true, OutputIterator2 out_false,
        -:  308:                   Predicate pred);
        -:  309:
        -:  310:template <class ForwardIterator, class Predicate>
        -:  311:    ForwardIterator
        -:  312:    stable_partition(ForwardIterator first, ForwardIterator last, Predicate pred);
        -:  313:
        -:  314:template<class ForwardIterator, class Predicate>
        -:  315:    ForwardIterator
        -:  316:    partition_point(ForwardIterator first, ForwardIterator last, Predicate pred);
        -:  317:
        -:  318:template <class ForwardIterator>
        -:  319:    bool
        -:  320:    is_sorted(ForwardIterator first, ForwardIterator last);
        -:  321:
        -:  322:template <class ForwardIterator, class Compare>
        -:  323:    bool
        -:  324:    is_sorted(ForwardIterator first, ForwardIterator last, Compare comp);
        -:  325:
        -:  326:template<class ForwardIterator>
        -:  327:    ForwardIterator
        -:  328:    is_sorted_until(ForwardIterator first, ForwardIterator last);
        -:  329:
        -:  330:template <class ForwardIterator, class Compare>
        -:  331:    ForwardIterator
        -:  332:    is_sorted_until(ForwardIterator first, ForwardIterator last, Compare comp);
        -:  333:
        -:  334:template <class RandomAccessIterator>
        -:  335:    void
        -:  336:    sort(RandomAccessIterator first, RandomAccessIterator last);
        -:  337:
        -:  338:template <class RandomAccessIterator, class Compare>
        -:  339:    void
        -:  340:    sort(RandomAccessIterator first, RandomAccessIterator last, Compare comp);
        -:  341:
        -:  342:template <class RandomAccessIterator>
        -:  343:    void
        -:  344:    stable_sort(RandomAccessIterator first, RandomAccessIterator last);
        -:  345:
        -:  346:template <class RandomAccessIterator, class Compare>
        -:  347:    void
        -:  348:    stable_sort(RandomAccessIterator first, RandomAccessIterator last, Compare comp);
        -:  349:
        -:  350:template <class RandomAccessIterator>
        -:  351:    void
        -:  352:    partial_sort(RandomAccessIterator first, RandomAccessIterator middle, RandomAccessIterator last);
        -:  353:
        -:  354:template <class RandomAccessIterator, class Compare>
        -:  355:    void
        -:  356:    partial_sort(RandomAccessIterator first, RandomAccessIterator middle, RandomAccessIterator last, Compare comp);
        -:  357:
        -:  358:template <class InputIterator, class RandomAccessIterator>
        -:  359:    RandomAccessIterator
        -:  360:    partial_sort_copy(InputIterator first, InputIterator last,
        -:  361:                      RandomAccessIterator result_first, RandomAccessIterator result_last);
        -:  362:
        -:  363:template <class InputIterator, class RandomAccessIterator, class Compare>
        -:  364:    RandomAccessIterator
        -:  365:    partial_sort_copy(InputIterator first, InputIterator last,
        -:  366:                      RandomAccessIterator result_first, RandomAccessIterator result_last, Compare comp);
        -:  367:
        -:  368:template <class RandomAccessIterator>
        -:  369:    void
        -:  370:    nth_element(RandomAccessIterator first, RandomAccessIterator nth, RandomAccessIterator last);
        -:  371:
        -:  372:template <class RandomAccessIterator, class Compare>
        -:  373:    void
        -:  374:    nth_element(RandomAccessIterator first, RandomAccessIterator nth, RandomAccessIterator last, Compare comp);
        -:  375:
        -:  376:template <class ForwardIterator, class T>
        -:  377:    ForwardIterator
        -:  378:    lower_bound(ForwardIterator first, ForwardIterator last, const T& value);
        -:  379:
        -:  380:template <class ForwardIterator, class T, class Compare>
        -:  381:    ForwardIterator
        -:  382:    lower_bound(ForwardIterator first, ForwardIterator last, const T& value, Compare comp);
        -:  383:
        -:  384:template <class ForwardIterator, class T>
        -:  385:    ForwardIterator
        -:  386:    upper_bound(ForwardIterator first, ForwardIterator last, const T& value);
        -:  387:
        -:  388:template <class ForwardIterator, class T, class Compare>
        -:  389:    ForwardIterator
        -:  390:    upper_bound(ForwardIterator first, ForwardIterator last, const T& value, Compare comp);
        -:  391:
        -:  392:template <class ForwardIterator, class T>
        -:  393:    pair<ForwardIterator, ForwardIterator>
        -:  394:    equal_range(ForwardIterator first, ForwardIterator last, const T& value);
        -:  395:
        -:  396:template <class ForwardIterator, class T, class Compare>
        -:  397:    pair<ForwardIterator, ForwardIterator>
        -:  398:    equal_range(ForwardIterator first, ForwardIterator last, const T& value, Compare comp);
        -:  399:
        -:  400:template <class ForwardIterator, class T>
        -:  401:    bool
        -:  402:    binary_search(ForwardIterator first, ForwardIterator last, const T& value);
        -:  403:
        -:  404:template <class ForwardIterator, class T, class Compare>
        -:  405:    bool
        -:  406:    binary_search(ForwardIterator first, ForwardIterator last, const T& value, Compare comp);
        -:  407:
        -:  408:template <class InputIterator1, class InputIterator2, class OutputIterator>
        -:  409:    OutputIterator
        -:  410:    merge(InputIterator1 first1, InputIterator1 last1,
        -:  411:          InputIterator2 first2, InputIterator2 last2, OutputIterator result);
        -:  412:
        -:  413:template <class InputIterator1, class InputIterator2, class OutputIterator, class Compare>
        -:  414:    OutputIterator
        -:  415:    merge(InputIterator1 first1, InputIterator1 last1,
        -:  416:          InputIterator2 first2, InputIterator2 last2, OutputIterator result, Compare comp);
        -:  417:
        -:  418:template <class BidirectionalIterator>
        -:  419:    void
        -:  420:    inplace_merge(BidirectionalIterator first, BidirectionalIterator middle, BidirectionalIterator last);
        -:  421:
        -:  422:template <class BidirectionalIterator, class Compare>
        -:  423:    void
        -:  424:    inplace_merge(BidirectionalIterator first, BidirectionalIterator middle, BidirectionalIterator last, Compare comp);
        -:  425:
        -:  426:template <class InputIterator1, class InputIterator2>
        -:  427:    bool
        -:  428:    includes(InputIterator1 first1, InputIterator1 last1, InputIterator2 first2, InputIterator2 last2);
        -:  429:
        -:  430:template <class InputIterator1, class InputIterator2, class Compare>
        -:  431:    bool
        -:  432:    includes(InputIterator1 first1, InputIterator1 last1, InputIterator2 first2, InputIterator2 last2, Compare comp);
        -:  433:
        -:  434:template <class InputIterator1, class InputIterator2, class OutputIterator>
        -:  435:    OutputIterator
        -:  436:    set_union(InputIterator1 first1, InputIterator1 last1,
        -:  437:              InputIterator2 first2, InputIterator2 last2, OutputIterator result);
        -:  438:
        -:  439:template <class InputIterator1, class InputIterator2, class OutputIterator, class Compare>
        -:  440:    OutputIterator
        -:  441:    set_union(InputIterator1 first1, InputIterator1 last1,
        -:  442:              InputIterator2 first2, InputIterator2 last2, OutputIterator result, Compare comp);
        -:  443:
        -:  444:template <class InputIterator1, class InputIterator2, class OutputIterator>
        -:  445:    OutputIterator
        -:  446:    set_intersection(InputIterator1 first1, InputIterator1 last1,
        -:  447:                     InputIterator2 first2, InputIterator2 last2, OutputIterator result);
        -:  448:
        -:  449:template <class InputIterator1, class InputIterator2, class OutputIterator, class Compare>
        -:  450:    OutputIterator
        -:  451:    set_intersection(InputIterator1 first1, InputIterator1 last1,
        -:  452:                     InputIterator2 first2, InputIterator2 last2, OutputIterator result, Compare comp);
        -:  453:
        -:  454:template <class InputIterator1, class InputIterator2, class OutputIterator>
        -:  455:    OutputIterator
        -:  456:    set_difference(InputIterator1 first1, InputIterator1 last1,
        -:  457:                   InputIterator2 first2, InputIterator2 last2, OutputIterator result);
        -:  458:
        -:  459:template <class InputIterator1, class InputIterator2, class OutputIterator, class Compare>
        -:  460:    OutputIterator
        -:  461:    set_difference(InputIterator1 first1, InputIterator1 last1,
        -:  462:                   InputIterator2 first2, InputIterator2 last2, OutputIterator result, Compare comp);
        -:  463:
        -:  464:template <class InputIterator1, class InputIterator2, class OutputIterator>
        -:  465:    OutputIterator
        -:  466:    set_symmetric_difference(InputIterator1 first1, InputIterator1 last1,
        -:  467:                             InputIterator2 first2, InputIterator2 last2, OutputIterator result);
        -:  468:
        -:  469:template <class InputIterator1, class InputIterator2, class OutputIterator, class Compare>
        -:  470:    OutputIterator
        -:  471:    set_symmetric_difference(InputIterator1 first1, InputIterator1 last1,
        -:  472:                             InputIterator2 first2, InputIterator2 last2, OutputIterator result, Compare comp);
        -:  473:
        -:  474:template <class RandomAccessIterator>
        -:  475:    void
        -:  476:    push_heap(RandomAccessIterator first, RandomAccessIterator last);
        -:  477:
        -:  478:template <class RandomAccessIterator, class Compare>
        -:  479:    void
        -:  480:    push_heap(RandomAccessIterator first, RandomAccessIterator last, Compare comp);
        -:  481:
        -:  482:template <class RandomAccessIterator>
        -:  483:    void
        -:  484:    pop_heap(RandomAccessIterator first, RandomAccessIterator last);
        -:  485:
        -:  486:template <class RandomAccessIterator, class Compare>
        -:  487:    void
        -:  488:    pop_heap(RandomAccessIterator first, RandomAccessIterator last, Compare comp);
        -:  489:
        -:  490:template <class RandomAccessIterator>
        -:  491:    void
        -:  492:    make_heap(RandomAccessIterator first, RandomAccessIterator last);
        -:  493:
        -:  494:template <class RandomAccessIterator, class Compare>
        -:  495:    void
        -:  496:    make_heap(RandomAccessIterator first, RandomAccessIterator last, Compare comp);
        -:  497:
        -:  498:template <class RandomAccessIterator>
        -:  499:    void
        -:  500:    sort_heap(RandomAccessIterator first, RandomAccessIterator last);
        -:  501:
        -:  502:template <class RandomAccessIterator, class Compare>
        -:  503:    void
        -:  504:    sort_heap(RandomAccessIterator first, RandomAccessIterator last, Compare comp);
        -:  505:
        -:  506:template <class RandomAccessIterator>
        -:  507:    bool
        -:  508:    is_heap(RandomAccessIterator first, RandomAccessiterator last);
        -:  509:
        -:  510:template <class RandomAccessIterator, class Compare>
        -:  511:    bool
        -:  512:    is_heap(RandomAccessIterator first, RandomAccessiterator last, Compare comp);
        -:  513:
        -:  514:template <class RandomAccessIterator>
        -:  515:    RandomAccessIterator
        -:  516:    is_heap_until(RandomAccessIterator first, RandomAccessiterator last);
        -:  517:
        -:  518:template <class RandomAccessIterator, class Compare>
        -:  519:    RandomAccessIterator
        -:  520:    is_heap_until(RandomAccessIterator first, RandomAccessiterator last, Compare comp);
        -:  521:
        -:  522:template <class ForwardIterator>
        -:  523:    ForwardIterator
        -:  524:    min_element(ForwardIterator first, ForwardIterator last);
        -:  525:
        -:  526:template <class ForwardIterator, class Compare>
        -:  527:    ForwardIterator
        -:  528:    min_element(ForwardIterator first, ForwardIterator last, Compare comp);
        -:  529:
        -:  530:template <class T>
        -:  531:    const T&
        -:  532:    min(const T& a, const T& b);  // constexpr in C++14
        -:  533:
        -:  534:template <class T, class Compare>
        -:  535:    const T&
        -:  536:    min(const T& a, const T& b, Compare comp);  // constexpr in C++14
        -:  537:
        -:  538:template<class T>
        -:  539:    T
        -:  540:    min(initializer_list<T> t);  // constexpr in C++14
        -:  541:
        -:  542:template<class T, class Compare>
        -:  543:    T
        -:  544:    min(initializer_list<T> t, Compare comp);  // constexpr in C++14
        -:  545:
        -:  546:template <class ForwardIterator>
        -:  547:    ForwardIterator
        -:  548:    max_element(ForwardIterator first, ForwardIterator last);
        -:  549:
        -:  550:template <class ForwardIterator, class Compare>
        -:  551:    ForwardIterator
        -:  552:    max_element(ForwardIterator first, ForwardIterator last, Compare comp);
        -:  553:
        -:  554:template <class T>
        -:  555:    const T&
        -:  556:    max(const T& a, const T& b); // constexpr in C++14
        -:  557:
        -:  558:template <class T, class Compare>
        -:  559:    const T&
        -:  560:    max(const T& a, const T& b, Compare comp);  // constexpr in C++14
        -:  561:
        -:  562:template<class T>
        -:  563:    T
        -:  564:    max(initializer_list<T> t);  // constexpr in C++14
        -:  565:
        -:  566:template<class T, class Compare>
        -:  567:    T
        -:  568:    max(initializer_list<T> t, Compare comp);  // constexpr in C++14
        -:  569:
        -:  570:template<class ForwardIterator>
        -:  571:    pair<ForwardIterator, ForwardIterator>
        -:  572:    minmax_element(ForwardIterator first, ForwardIterator last);
        -:  573:
        -:  574:template<class ForwardIterator, class Compare>
        -:  575:    pair<ForwardIterator, ForwardIterator>
        -:  576:    minmax_element(ForwardIterator first, ForwardIterator last, Compare comp);
        -:  577:
        -:  578:template<class T>
        -:  579:    pair<const T&, const T&>
        -:  580:    minmax(const T& a, const T& b);  // constexpr in C++14
        -:  581:
        -:  582:template<class T, class Compare>
        -:  583:    pair<const T&, const T&>
        -:  584:    minmax(const T& a, const T& b, Compare comp);  // constexpr in C++14
        -:  585:
        -:  586:template<class T>
        -:  587:    pair<T, T>
        -:  588:    minmax(initializer_list<T> t);  // constexpr in C++14
        -:  589:
        -:  590:template<class T, class Compare>
        -:  591:    pair<T, T>
        -:  592:    minmax(initializer_list<T> t, Compare comp);  // constexpr in C++14
        -:  593:
        -:  594:template <class InputIterator1, class InputIterator2>
        -:  595:    bool
        -:  596:    lexicographical_compare(InputIterator1 first1, InputIterator1 last1, InputIterator2 first2, InputIterator2 last2);
        -:  597:
        -:  598:template <class InputIterator1, class InputIterator2, class Compare>
        -:  599:    bool
        -:  600:    lexicographical_compare(InputIterator1 first1, InputIterator1 last1,
        -:  601:                            InputIterator2 first2, InputIterator2 last2, Compare comp);
        -:  602:
        -:  603:template <class BidirectionalIterator>
        -:  604:    bool
        -:  605:    next_permutation(BidirectionalIterator first, BidirectionalIterator last);
        -:  606:
        -:  607:template <class BidirectionalIterator, class Compare>
        -:  608:    bool
        -:  609:    next_permutation(BidirectionalIterator first, BidirectionalIterator last, Compare comp);
        -:  610:
        -:  611:template <class BidirectionalIterator>
        -:  612:    bool
        -:  613:    prev_permutation(BidirectionalIterator first, BidirectionalIterator last);
        -:  614:
        -:  615:template <class BidirectionalIterator, class Compare>
        -:  616:    bool
        -:  617:    prev_permutation(BidirectionalIterator first, BidirectionalIterator last, Compare comp);
        -:  618:
        -:  619:}  // std
        -:  620:
        -:  621:*/
        -:  622:
        -:  623:#include <__config>
        -:  624:#include <initializer_list>
        -:  625:#include <type_traits>
        -:  626:#include <cstring>
        -:  627:#include <utility>
        -:  628:#include <memory>
        -:  629:#include <iterator>
        -:  630:#include <cstddef>
        -:  631:
        -:  632:#if defined(__IBMCPP__)
        -:  633:#include "support/ibm/support.h"
        -:  634:#endif
        -:  635:#if defined(_LIBCPP_MSVCRT) || defined(__MINGW32__)
        -:  636:#include "support/win32/support.h"
        -:  637:#endif
        -:  638:
        -:  639:#include <__undef_min_max>
        -:  640:
        -:  641:#include <__debug>
        -:  642:
        -:  643:#if !defined(_LIBCPP_HAS_NO_PRAGMA_SYSTEM_HEADER)
        -:  644:#pragma GCC system_header
        -:  645:#endif
        -:  646:
        -:  647:_LIBCPP_BEGIN_NAMESPACE_STD
        -:  648:
        -:  649:// I'd like to replace these with _VSTD::equal_to<void>, but can't because:
        -:  650://   * That only works with C++14 and later, and
        -:  651://   * We haven't included <functional> here.
        -:  652:template <class _T1, class _T2 = _T1>
        -:  653:struct __equal_to
        -:  654:{
        -:  655:    _LIBCPP_INLINE_VISIBILITY bool operator()(const _T1& __x, const _T1& __y) const {return __x == __y;}
        -:  656:    _LIBCPP_INLINE_VISIBILITY bool operator()(const _T1& __x, const _T2& __y) const {return __x == __y;}
        -:  657:    _LIBCPP_INLINE_VISIBILITY bool operator()(const _T2& __x, const _T1& __y) const {return __x == __y;}
        -:  658:    _LIBCPP_INLINE_VISIBILITY bool operator()(const _T2& __x, const _T2& __y) const {return __x == __y;}
        -:  659:};
        -:  660:
        -:  661:template <class _T1>
        -:  662:struct __equal_to<_T1, _T1>
        -:  663:{
        -:  664:    _LIBCPP_INLINE_VISIBILITY _LIBCPP_CONSTEXPR_AFTER_CXX11
        -:  665:    bool operator()(const _T1& __x, const _T1& __y) const {return __x == __y;}
        -:  666:};
        -:  667:
        -:  668:template <class _T1>
        -:  669:struct __equal_to<const _T1, _T1>
        -:  670:{
        -:  671:    _LIBCPP_INLINE_VISIBILITY _LIBCPP_CONSTEXPR_AFTER_CXX11
        -:  672:    bool operator()(const _T1& __x, const _T1& __y) const {return __x == __y;}
        -:  673:};
        -:  674:
        -:  675:template <class _T1>
        -:  676:struct __equal_to<_T1, const _T1>
        -:  677:{
        -:  678:    _LIBCPP_INLINE_VISIBILITY _LIBCPP_CONSTEXPR_AFTER_CXX11
        -:  679:    bool operator()(const _T1& __x, const _T1& __y) const {return __x == __y;}
        -:  680:};
        -:  681:
        -:  682:template <class _T1, class _T2 = _T1>
        -:  683:struct __less
        -:  684:{
        -:  685:    _LIBCPP_INLINE_VISIBILITY _LIBCPP_CONSTEXPR_AFTER_CXX11 
        -:  686:    bool operator()(const _T1& __x, const _T1& __y) const {return __x < __y;}
        -:  687:
        -:  688:    _LIBCPP_INLINE_VISIBILITY _LIBCPP_CONSTEXPR_AFTER_CXX11
        -:  689:    bool operator()(const _T1& __x, const _T2& __y) const {return __x < __y;}
        -:  690:
        -:  691:    _LIBCPP_INLINE_VISIBILITY _LIBCPP_CONSTEXPR_AFTER_CXX11
        -:  692:    bool operator()(const _T2& __x, const _T1& __y) const {return __x < __y;}
        -:  693:
        -:  694:    _LIBCPP_INLINE_VISIBILITY _LIBCPP_CONSTEXPR_AFTER_CXX11
        -:  695:    bool operator()(const _T2& __x, const _T2& __y) const {return __x < __y;}
        -:  696:};
        -:  697:
        -:  698:template <class _T1>
        -:  699:struct __less<_T1, _T1>
        -:  700:{
        -:  701:    _LIBCPP_INLINE_VISIBILITY _LIBCPP_CONSTEXPR_AFTER_CXX11
function _ZNKSt3__16__lessIPcS1_EclERKS1_S4_ called 0 returned 0% blocks executed 0%
    #####:  702:    bool operator()(const _T1& __x, const _T1& __y) const {return __x < __y;}
        -:  703:};
        -:  704:
        -:  705:template <class _T1>
        -:  706:struct __less<const _T1, _T1>
        -:  707:{
        -:  708:    _LIBCPP_INLINE_VISIBILITY _LIBCPP_CONSTEXPR_AFTER_CXX11
        -:  709:    bool operator()(const _T1& __x, const _T1& __y) const {return __x < __y;}
        -:  710:};
        -:  711:
        -:  712:template <class _T1>
        -:  713:struct __less<_T1, const _T1>
        -:  714:{
        -:  715:    _LIBCPP_INLINE_VISIBILITY _LIBCPP_CONSTEXPR_AFTER_CXX11
        -:  716:    bool operator()(const _T1& __x, const _T1& __y) const {return __x < __y;}
        -:  717:};
        -:  718:
        -:  719:template <class _Predicate>
        -:  720:class __negate
        -:  721:{
        -:  722:private:
        -:  723:    _Predicate __p_;
        -:  724:public:
        -:  725:    _LIBCPP_INLINE_VISIBILITY __negate() {}
        -:  726:
        -:  727:    _LIBCPP_INLINE_VISIBILITY
        -:  728:    explicit __negate(_Predicate __p) : __p_(__p) {}
        -:  729:
        -:  730:    template <class _T1>
        -:  731:    _LIBCPP_INLINE_VISIBILITY
        -:  732:    bool operator()(const _T1& __x) {return !__p_(__x);}
        -:  733:
        -:  734:    template <class _T1, class _T2>
        -:  735:    _LIBCPP_INLINE_VISIBILITY
        -:  736:    bool operator()(const _T1& __x, const _T2& __y) {return !__p_(__x, __y);}
        -:  737:};
        -:  738:
        -:  739:#ifdef _LIBCPP_DEBUG
        -:  740:
        -:  741:template <class _Compare>
        -:  742:struct __debug_less
        -:  743:{
        -:  744:    _Compare __comp_;
        -:  745:    __debug_less(_Compare& __c) : __comp_(__c) {}
        -:  746:    template <class _Tp, class _Up>
        -:  747:    bool operator()(const _Tp& __x, const _Up& __y)
        -:  748:    {
        -:  749:        bool __r = __comp_(__x, __y);
        -:  750:        if (__r)
        -:  751:            _LIBCPP_ASSERT(!__comp_(__y, __x), "Comparator does not induce a strict weak ordering");
        -:  752:        return __r;
        -:  753:    }
        -:  754:};
        -:  755:
        -:  756:#endif  // _LIBCPP_DEBUG
        -:  757:
        -:  758:// Precondition:  __x != 0
        -:  759:inline _LIBCPP_INLINE_VISIBILITY
        -:  760:unsigned
        -:  761:__ctz(unsigned __x)
        -:  762:{
        -:  763:    return static_cast<unsigned>(__builtin_ctz(__x));
        -:  764:}
        -:  765:
        -:  766:inline _LIBCPP_INLINE_VISIBILITY
        -:  767:unsigned long
        -:  768:__ctz(unsigned long __x)
        -:  769:{
        -:  770:    return static_cast<unsigned long>(__builtin_ctzl(__x));
        -:  771:}
        -:  772:
        -:  773:inline _LIBCPP_INLINE_VISIBILITY
        -:  774:unsigned long long
        -:  775:__ctz(unsigned long long __x)
        -:  776:{
        -:  777:    return static_cast<unsigned long long>(__builtin_ctzll(__x));
        -:  778:}
        -:  779:
        -:  780:// Precondition:  __x != 0
        -:  781:inline _LIBCPP_INLINE_VISIBILITY
        -:  782:unsigned
        -:  783:__clz(unsigned __x)
        -:  784:{
        -:  785:    return static_cast<unsigned>(__builtin_clz(__x));
        -:  786:}
        -:  787:
        -:  788:inline _LIBCPP_INLINE_VISIBILITY
        -:  789:unsigned long
        -:  790:__clz(unsigned long __x)
        -:  791:{
        -:  792:    return static_cast<unsigned long>(__builtin_clzl (__x));
        -:  793:}
        -:  794:
        -:  795:inline _LIBCPP_INLINE_VISIBILITY
        -:  796:unsigned long long
        -:  797:__clz(unsigned long long __x)
        -:  798:{
        -:  799:    return static_cast<unsigned long long>(__builtin_clzll(__x));
        -:  800:}
        -:  801:
        -:  802:inline _LIBCPP_INLINE_VISIBILITY int __pop_count(unsigned           __x) {return __builtin_popcount  (__x);}
        -:  803:inline _LIBCPP_INLINE_VISIBILITY int __pop_count(unsigned      long __x) {return __builtin_popcountl (__x);}
        -:  804:inline _LIBCPP_INLINE_VISIBILITY int __pop_count(unsigned long long __x) {return __builtin_popcountll(__x);}
        -:  805:
        -:  806:// all_of
        -:  807:
        -:  808:template <class _InputIterator, class _Predicate>
        -:  809:inline _LIBCPP_INLINE_VISIBILITY
        -:  810:bool
        -:  811:all_of(_InputIterator __first, _InputIterator __last, _Predicate __pred)
        -:  812:{
        -:  813:    for (; __first != __last; ++__first)
        -:  814:        if (!__pred(*__first))
        -:  815:            return false;
        -:  816:    return true;
        -:  817:}
        -:  818:
        -:  819:// any_of
        -:  820:
        -:  821:template <class _InputIterator, class _Predicate>
        -:  822:inline _LIBCPP_INLINE_VISIBILITY
        -:  823:bool
        -:  824:any_of(_InputIterator __first, _InputIterator __last, _Predicate __pred)
        -:  825:{
        -:  826:    for (; __first != __last; ++__first)
        -:  827:        if (__pred(*__first))
        -:  828:            return true;
        -:  829:    return false;
        -:  830:}
        -:  831:
        -:  832:// none_of
        -:  833:
        -:  834:template <class _InputIterator, class _Predicate>
        -:  835:inline _LIBCPP_INLINE_VISIBILITY
        -:  836:bool
        -:  837:none_of(_InputIterator __first, _InputIterator __last, _Predicate __pred)
        -:  838:{
        -:  839:    for (; __first != __last; ++__first)
        -:  840:        if (__pred(*__first))
        -:  841:            return false;
        -:  842:    return true;
        -:  843:}
        -:  844:
        -:  845:// for_each
        -:  846:
        -:  847:template <class _InputIterator, class _Function>
        -:  848:inline _LIBCPP_INLINE_VISIBILITY
        -:  849:_Function
        -:  850:for_each(_InputIterator __first, _InputIterator __last, _Function __f)
        -:  851:{
        -:  852:    for (; __first != __last; ++__first)
        -:  853:        __f(*__first);
        -:  854:    return _VSTD::move(__f);  // explicitly moved for (emulated) C++03
        -:  855:}
        -:  856:
        -:  857:// find
        -:  858:
        -:  859:template <class _InputIterator, class _Tp>
        -:  860:inline _LIBCPP_INLINE_VISIBILITY
        -:  861:_InputIterator
        -:  862:find(_InputIterator __first, _InputIterator __last, const _Tp& __value_)
        -:  863:{
        -:  864:    for (; __first != __last; ++__first)
        -:  865:        if (*__first == __value_)
        -:  866:            break;
        -:  867:    return __first;
        -:  868:}
        -:  869:
        -:  870:// find_if
        -:  871:
        -:  872:template <class _InputIterator, class _Predicate>
        -:  873:inline _LIBCPP_INLINE_VISIBILITY
        -:  874:_InputIterator
        -:  875:find_if(_InputIterator __first, _InputIterator __last, _Predicate __pred)
        -:  876:{
        -:  877:    for (; __first != __last; ++__first)
        -:  878:        if (__pred(*__first))
        -:  879:            break;
        -:  880:    return __first;
        -:  881:}
        -:  882:
        -:  883:// find_if_not
        -:  884:
        -:  885:template<class _InputIterator, class _Predicate>
        -:  886:inline _LIBCPP_INLINE_VISIBILITY
        -:  887:_InputIterator
        -:  888:find_if_not(_InputIterator __first, _InputIterator __last, _Predicate __pred)
        -:  889:{
        -:  890:    for (; __first != __last; ++__first)
        -:  891:        if (!__pred(*__first))
        -:  892:            break;
        -:  893:    return __first;
        -:  894:}
        -:  895:
        -:  896:// find_end
        -:  897:
        -:  898:template <class _BinaryPredicate, class _ForwardIterator1, class _ForwardIterator2>
        -:  899:_ForwardIterator1
        -:  900:__find_end(_ForwardIterator1 __first1, _ForwardIterator1 __last1,
        -:  901:           _ForwardIterator2 __first2, _ForwardIterator2 __last2, _BinaryPredicate __pred,
        -:  902:           forward_iterator_tag, forward_iterator_tag)
        -:  903:{
        -:  904:    // modeled after search algorithm
        -:  905:    _ForwardIterator1 __r = __last1;  // __last1 is the "default" answer
        -:  906:    if (__first2 == __last2)
        -:  907:        return __r;
        -:  908:    while (true)
        -:  909:    {
        -:  910:        while (true)
        -:  911:        {
        -:  912:            if (__first1 == __last1)         // if source exhausted return last correct answer
        -:  913:                return __r;                  //    (or __last1 if never found)
        -:  914:            if (__pred(*__first1, *__first2))
        -:  915:                break;
        -:  916:            ++__first1;
        -:  917:        }
        -:  918:        // *__first1 matches *__first2, now match elements after here
        -:  919:        _ForwardIterator1 __m1 = __first1;
        -:  920:        _ForwardIterator2 __m2 = __first2;
        -:  921:        while (true)
        -:  922:        {
        -:  923:            if (++__m2 == __last2)
        -:  924:            {                         // Pattern exhaused, record answer and search for another one
        -:  925:                __r = __first1;
        -:  926:                ++__first1;
        -:  927:                break;
        -:  928:            }
        -:  929:            if (++__m1 == __last1)     // Source exhausted, return last answer
        -:  930:                return __r;
        -:  931:            if (!__pred(*__m1, *__m2))  // mismatch, restart with a new __first
        -:  932:            {
        -:  933:                ++__first1;
        -:  934:                break;
        -:  935:            }  // else there is a match, check next elements
        -:  936:        }
        -:  937:    }
        -:  938:}
        -:  939:
        -:  940:template <class _BinaryPredicate, class _BidirectionalIterator1, class _BidirectionalIterator2>
        -:  941:_BidirectionalIterator1
        -:  942:__find_end(_BidirectionalIterator1 __first1, _BidirectionalIterator1 __last1,
        -:  943:           _BidirectionalIterator2 __first2, _BidirectionalIterator2 __last2, _BinaryPredicate __pred,
        -:  944:           bidirectional_iterator_tag, bidirectional_iterator_tag)
        -:  945:{
        -:  946:    // modeled after search algorithm (in reverse)
        -:  947:    if (__first2 == __last2)
        -:  948:        return __last1;  // Everything matches an empty sequence
        -:  949:    _BidirectionalIterator1 __l1 = __last1;
        -:  950:    _BidirectionalIterator2 __l2 = __last2;
        -:  951:    --__l2;
        -:  952:    while (true)
        -:  953:    {
        -:  954:        // Find last element in sequence 1 that matchs *(__last2-1), with a mininum of loop checks
        -:  955:        while (true)
        -:  956:        {
        -:  957:            if (__first1 == __l1)  // return __last1 if no element matches *__first2
        -:  958:                return __last1;
        -:  959:            if (__pred(*--__l1, *__l2))
        -:  960:                break;
        -:  961:        }
        -:  962:        // *__l1 matches *__l2, now match elements before here
        -:  963:        _BidirectionalIterator1 __m1 = __l1;
        -:  964:        _BidirectionalIterator2 __m2 = __l2;
        -:  965:        while (true)
        -:  966:        {
        -:  967:            if (__m2 == __first2)  // If pattern exhausted, __m1 is the answer (works for 1 element pattern)
        -:  968:                return __m1;
        -:  969:            if (__m1 == __first1)  // Otherwise if source exhaused, pattern not found
        -:  970:                return __last1;
        -:  971:            if (!__pred(*--__m1, *--__m2))  // if there is a mismatch, restart with a new __l1
        -:  972:            {
        -:  973:                break;
        -:  974:            }  // else there is a match, check next elements
        -:  975:        }
        -:  976:    }
        -:  977:}
        -:  978:
        -:  979:template <class _BinaryPredicate, class _RandomAccessIterator1, class _RandomAccessIterator2>
        -:  980:_LIBCPP_CONSTEXPR_AFTER_CXX11 _RandomAccessIterator1
        -:  981:__find_end(_RandomAccessIterator1 __first1, _RandomAccessIterator1 __last1,
        -:  982:           _RandomAccessIterator2 __first2, _RandomAccessIterator2 __last2, _BinaryPredicate __pred,
        -:  983:           random_access_iterator_tag, random_access_iterator_tag)
        -:  984:{
        -:  985:    // Take advantage of knowing source and pattern lengths.  Stop short when source is smaller than pattern
        -:  986:    typename iterator_traits<_RandomAccessIterator2>::difference_type __len2 = __last2 - __first2;
        -:  987:    if (__len2 == 0)
        -:  988:        return __last1;
        -:  989:    typename iterator_traits<_RandomAccessIterator1>::difference_type __len1 = __last1 - __first1;
        -:  990:    if (__len1 < __len2)
        -:  991:        return __last1;
        -:  992:    const _RandomAccessIterator1 __s = __first1 + (__len2 - 1);  // End of pattern match can't go before here
        -:  993:    _RandomAccessIterator1 __l1 = __last1;
        -:  994:    _RandomAccessIterator2 __l2 = __last2;
        -:  995:    --__l2;
        -:  996:    while (true)
        -:  997:    {
        -:  998:        while (true)
        -:  999:        {
        -: 1000:            if (__s == __l1)
        -: 1001:                return __last1;
        -: 1002:            if (__pred(*--__l1, *__l2))
        -: 1003:                break;
        -: 1004:        }
        -: 1005:        _RandomAccessIterator1 __m1 = __l1;
        -: 1006:        _RandomAccessIterator2 __m2 = __l2;
        -: 1007:        while (true)
        -: 1008:        {
        -: 1009:            if (__m2 == __first2)
        -: 1010:                return __m1;
        -: 1011:                                 // no need to check range on __m1 because __s guarantees we have enough source
        -: 1012:            if (!__pred(*--__m1, *--__m2))
        -: 1013:            {
        -: 1014:                break;
        -: 1015:            }
        -: 1016:        }
        -: 1017:    }
        -: 1018:}
        -: 1019:
        -: 1020:template <class _ForwardIterator1, class _ForwardIterator2, class _BinaryPredicate>
        -: 1021:inline _LIBCPP_INLINE_VISIBILITY
        -: 1022:_ForwardIterator1
        -: 1023:find_end(_ForwardIterator1 __first1, _ForwardIterator1 __last1,
        -: 1024:         _ForwardIterator2 __first2, _ForwardIterator2 __last2, _BinaryPredicate __pred)
        -: 1025:{
        -: 1026:    return _VSTD::__find_end<typename add_lvalue_reference<_BinaryPredicate>::type>
        -: 1027:                         (__first1, __last1, __first2, __last2, __pred,
        -: 1028:                          typename iterator_traits<_ForwardIterator1>::iterator_category(),
        -: 1029:                          typename iterator_traits<_ForwardIterator2>::iterator_category());
        -: 1030:}
        -: 1031:
        -: 1032:template <class _ForwardIterator1, class _ForwardIterator2>
        -: 1033:inline _LIBCPP_INLINE_VISIBILITY
        -: 1034:_ForwardIterator1
        -: 1035:find_end(_ForwardIterator1 __first1, _ForwardIterator1 __last1,
        -: 1036:         _ForwardIterator2 __first2, _ForwardIterator2 __last2)
        -: 1037:{
        -: 1038:    typedef typename iterator_traits<_ForwardIterator1>::value_type __v1;
        -: 1039:    typedef typename iterator_traits<_ForwardIterator2>::value_type __v2;
        -: 1040:    return _VSTD::find_end(__first1, __last1, __first2, __last2, __equal_to<__v1, __v2>());
        -: 1041:}
        -: 1042:
        -: 1043:// find_first_of
        -: 1044:
        -: 1045:template <class _ForwardIterator1, class _ForwardIterator2, class _BinaryPredicate>
        -: 1046:_LIBCPP_CONSTEXPR_AFTER_CXX11 _ForwardIterator1
        -: 1047:__find_first_of_ce(_ForwardIterator1 __first1, _ForwardIterator1 __last1,
        -: 1048:              _ForwardIterator2 __first2, _ForwardIterator2 __last2, _BinaryPredicate __pred)
        -: 1049:{
        -: 1050:    for (; __first1 != __last1; ++__first1)
        -: 1051:        for (_ForwardIterator2 __j = __first2; __j != __last2; ++__j)
        -: 1052:            if (__pred(*__first1, *__j))
        -: 1053:                return __first1;
        -: 1054:    return __last1;
        -: 1055:}
        -: 1056:
        -: 1057:
        -: 1058:template <class _ForwardIterator1, class _ForwardIterator2, class _BinaryPredicate>
        -: 1059:inline _LIBCPP_INLINE_VISIBILITY
        -: 1060:_ForwardIterator1
        -: 1061:find_first_of(_ForwardIterator1 __first1, _ForwardIterator1 __last1,
        -: 1062:              _ForwardIterator2 __first2, _ForwardIterator2 __last2, _BinaryPredicate __pred)
        -: 1063:{
        -: 1064:    return _VSTD::__find_first_of_ce(__first1, __last1, __first2, __last2, __pred);
        -: 1065:}
        -: 1066:
        -: 1067:template <class _ForwardIterator1, class _ForwardIterator2>
        -: 1068:inline _LIBCPP_INLINE_VISIBILITY
        -: 1069:_ForwardIterator1
        -: 1070:find_first_of(_ForwardIterator1 __first1, _ForwardIterator1 __last1,
        -: 1071:              _ForwardIterator2 __first2, _ForwardIterator2 __last2)
        -: 1072:{
        -: 1073:    typedef typename iterator_traits<_ForwardIterator1>::value_type __v1;
        -: 1074:    typedef typename iterator_traits<_ForwardIterator2>::value_type __v2;
        -: 1075:    return _VSTD::__find_first_of_ce(__first1, __last1, __first2, __last2, __equal_to<__v1, __v2>());
        -: 1076:}
        -: 1077:
        -: 1078:// adjacent_find
        -: 1079:
        -: 1080:template <class _ForwardIterator, class _BinaryPredicate>
        -: 1081:inline _LIBCPP_INLINE_VISIBILITY
        -: 1082:_ForwardIterator
        -: 1083:adjacent_find(_ForwardIterator __first, _ForwardIterator __last, _BinaryPredicate __pred)
        -: 1084:{
        -: 1085:    if (__first != __last)
        -: 1086:    {
        -: 1087:        _ForwardIterator __i = __first;
        -: 1088:        while (++__i != __last)
        -: 1089:        {
        -: 1090:            if (__pred(*__first, *__i))
        -: 1091:                return __first;
        -: 1092:            __first = __i;
        -: 1093:        }
        -: 1094:    }
        -: 1095:    return __last;
        -: 1096:}
        -: 1097:
        -: 1098:template <class _ForwardIterator>
        -: 1099:inline _LIBCPP_INLINE_VISIBILITY
        -: 1100:_ForwardIterator
        -: 1101:adjacent_find(_ForwardIterator __first, _ForwardIterator __last)
        -: 1102:{
        -: 1103:    typedef typename iterator_traits<_ForwardIterator>::value_type __v;
        -: 1104:    return _VSTD::adjacent_find(__first, __last, __equal_to<__v>());
        -: 1105:}
        -: 1106:
        -: 1107:// count
        -: 1108:
        -: 1109:template <class _InputIterator, class _Tp>
        -: 1110:inline _LIBCPP_INLINE_VISIBILITY
        -: 1111:typename iterator_traits<_InputIterator>::difference_type
        -: 1112:count(_InputIterator __first, _InputIterator __last, const _Tp& __value_)
        -: 1113:{
        -: 1114:    typename iterator_traits<_InputIterator>::difference_type __r(0);
        -: 1115:    for (; __first != __last; ++__first)
        -: 1116:        if (*__first == __value_)
        -: 1117:            ++__r;
        -: 1118:    return __r;
        -: 1119:}
        -: 1120:
        -: 1121:// count_if
        -: 1122:
        -: 1123:template <class _InputIterator, class _Predicate>
        -: 1124:inline _LIBCPP_INLINE_VISIBILITY
        -: 1125:typename iterator_traits<_InputIterator>::difference_type
        -: 1126:count_if(_InputIterator __first, _InputIterator __last, _Predicate __pred)
        -: 1127:{
        -: 1128:    typename iterator_traits<_InputIterator>::difference_type __r(0);
        -: 1129:    for (; __first != __last; ++__first)
        -: 1130:        if (__pred(*__first))
        -: 1131:            ++__r;
        -: 1132:    return __r;
        -: 1133:}
        -: 1134:
        -: 1135:// mismatch
        -: 1136:
        -: 1137:template <class _InputIterator1, class _InputIterator2, class _BinaryPredicate>
        -: 1138:inline _LIBCPP_INLINE_VISIBILITY
        -: 1139:pair<_InputIterator1, _InputIterator2>
        -: 1140:mismatch(_InputIterator1 __first1, _InputIterator1 __last1,
        -: 1141:         _InputIterator2 __first2, _BinaryPredicate __pred)
        -: 1142:{
        -: 1143:    for (; __first1 != __last1; ++__first1, ++__first2)
        -: 1144:        if (!__pred(*__first1, *__first2))
        -: 1145:            break;
        -: 1146:    return pair<_InputIterator1, _InputIterator2>(__first1, __first2);
        -: 1147:}
        -: 1148:
        -: 1149:template <class _InputIterator1, class _InputIterator2>
        -: 1150:inline _LIBCPP_INLINE_VISIBILITY
        -: 1151:pair<_InputIterator1, _InputIterator2>
        -: 1152:mismatch(_InputIterator1 __first1, _InputIterator1 __last1, _InputIterator2 __first2)
        -: 1153:{
        -: 1154:    typedef typename iterator_traits<_InputIterator1>::value_type __v1;
        -: 1155:    typedef typename iterator_traits<_InputIterator2>::value_type __v2;
        -: 1156:    return _VSTD::mismatch(__first1, __last1, __first2, __equal_to<__v1, __v2>());
        -: 1157:}
        -: 1158:
        -: 1159:#if _LIBCPP_STD_VER > 11
        -: 1160:template <class _InputIterator1, class _InputIterator2, class _BinaryPredicate>
        -: 1161:inline _LIBCPP_INLINE_VISIBILITY
        -: 1162:pair<_InputIterator1, _InputIterator2>
        -: 1163:mismatch(_InputIterator1 __first1, _InputIterator1 __last1,
        -: 1164:         _InputIterator2 __first2, _InputIterator2 __last2,
        -: 1165:         _BinaryPredicate __pred)
        -: 1166:{
        -: 1167:    for (; __first1 != __last1 && __first2 != __last2; ++__first1, ++__first2)
        -: 1168:        if (!__pred(*__first1, *__first2))
        -: 1169:            break;
        -: 1170:    return pair<_InputIterator1, _InputIterator2>(__first1, __first2);
        -: 1171:}
        -: 1172:
        -: 1173:template <class _InputIterator1, class _InputIterator2>
        -: 1174:inline _LIBCPP_INLINE_VISIBILITY
        -: 1175:pair<_InputIterator1, _InputIterator2>
        -: 1176:mismatch(_InputIterator1 __first1, _InputIterator1 __last1,
        -: 1177:         _InputIterator2 __first2, _InputIterator2 __last2)
        -: 1178:{
        -: 1179:    typedef typename iterator_traits<_InputIterator1>::value_type __v1;
        -: 1180:    typedef typename iterator_traits<_InputIterator2>::value_type __v2;
        -: 1181:    return _VSTD::mismatch(__first1, __last1, __first2, __last2, __equal_to<__v1, __v2>());
        -: 1182:}
        -: 1183:#endif
        -: 1184:
        -: 1185:// equal
        -: 1186:
        -: 1187:template <class _InputIterator1, class _InputIterator2, class _BinaryPredicate>
        -: 1188:inline _LIBCPP_INLINE_VISIBILITY
        -: 1189:bool
        -: 1190:equal(_InputIterator1 __first1, _InputIterator1 __last1, _InputIterator2 __first2, _BinaryPredicate __pred)
        -: 1191:{
        -: 1192:    for (; __first1 != __last1; ++__first1, ++__first2)
        -: 1193:        if (!__pred(*__first1, *__first2))
        -: 1194:            return false;
        -: 1195:    return true;
        -: 1196:}
        -: 1197:
        -: 1198:template <class _InputIterator1, class _InputIterator2>
        -: 1199:inline _LIBCPP_INLINE_VISIBILITY
        -: 1200:bool
        -: 1201:equal(_InputIterator1 __first1, _InputIterator1 __last1, _InputIterator2 __first2)
        -: 1202:{
        -: 1203:    typedef typename iterator_traits<_InputIterator1>::value_type __v1;
        -: 1204:    typedef typename iterator_traits<_InputIterator2>::value_type __v2;
        -: 1205:    return _VSTD::equal(__first1, __last1, __first2, __equal_to<__v1, __v2>());
        -: 1206:}
        -: 1207:
        -: 1208:#if _LIBCPP_STD_VER > 11
        -: 1209:template <class _BinaryPredicate, class _InputIterator1, class _InputIterator2>
        -: 1210:inline _LIBCPP_INLINE_VISIBILITY
        -: 1211:bool
        -: 1212:__equal(_InputIterator1 __first1, _InputIterator1 __last1, 
        -: 1213:        _InputIterator2 __first2, _InputIterator2 __last2, _BinaryPredicate __pred,
        -: 1214:        input_iterator_tag, input_iterator_tag )
        -: 1215:{
        -: 1216:    for (; __first1 != __last1 && __first2 != __last2; ++__first1, ++__first2)
        -: 1217:        if (!__pred(*__first1, *__first2))
        -: 1218:            return false;
        -: 1219:    return __first1 == __last1 && __first2 == __last2;
        -: 1220:}
        -: 1221:
        -: 1222:template <class _BinaryPredicate, class _RandomAccessIterator1, class _RandomAccessIterator2>
        -: 1223:inline _LIBCPP_INLINE_VISIBILITY
        -: 1224:bool
        -: 1225:__equal(_RandomAccessIterator1 __first1, _RandomAccessIterator1 __last1, 
        -: 1226:        _RandomAccessIterator2 __first2, _RandomAccessIterator2 __last2, _BinaryPredicate __pred, 
        -: 1227:      random_access_iterator_tag, random_access_iterator_tag )
        -: 1228:{
        -: 1229:    if ( _VSTD::distance(__first1, __last1) != _VSTD::distance(__first2, __last2))
        -: 1230:        return false;
        -: 1231:    return _VSTD::equal<_RandomAccessIterator1, _RandomAccessIterator2,
        -: 1232:                        typename add_lvalue_reference<_BinaryPredicate>::type>
        -: 1233:                       (__first1, __last1, __first2, __pred );
        -: 1234:}
        -: 1235:
        -: 1236:template <class _InputIterator1, class _InputIterator2, class _BinaryPredicate>
        -: 1237:inline _LIBCPP_INLINE_VISIBILITY
        -: 1238:bool
        -: 1239:equal(_InputIterator1 __first1, _InputIterator1 __last1, 
        -: 1240:      _InputIterator2 __first2, _InputIterator2 __last2, _BinaryPredicate __pred )
        -: 1241:{
        -: 1242:    return _VSTD::__equal<typename add_lvalue_reference<_BinaryPredicate>::type>
        -: 1243:       (__first1, __last1, __first2, __last2, __pred, 
        -: 1244:        typename iterator_traits<_InputIterator1>::iterator_category(),
        -: 1245:        typename iterator_traits<_InputIterator2>::iterator_category());
        -: 1246:}
        -: 1247:
        -: 1248:template <class _InputIterator1, class _InputIterator2>
        -: 1249:inline _LIBCPP_INLINE_VISIBILITY
        -: 1250:bool
        -: 1251:equal(_InputIterator1 __first1, _InputIterator1 __last1, 
        -: 1252:      _InputIterator2 __first2, _InputIterator2 __last2)
        -: 1253:{
        -: 1254:    typedef typename iterator_traits<_InputIterator1>::value_type __v1;
        -: 1255:    typedef typename iterator_traits<_InputIterator2>::value_type __v2;
        -: 1256:    return _VSTD::__equal(__first1, __last1, __first2, __last2, __equal_to<__v1, __v2>(),
        -: 1257:        typename iterator_traits<_InputIterator1>::iterator_category(),
        -: 1258:        typename iterator_traits<_InputIterator2>::iterator_category());
        -: 1259:}
        -: 1260:#endif
        -: 1261:
        -: 1262:// is_permutation
        -: 1263:
        -: 1264:template<class _ForwardIterator1, class _ForwardIterator2, class _BinaryPredicate>
        -: 1265:bool
        -: 1266:is_permutation(_ForwardIterator1 __first1, _ForwardIterator1 __last1,
        -: 1267:               _ForwardIterator2 __first2, _BinaryPredicate __pred)
        -: 1268:{
        -: 1269:    // shorten sequences as much as possible by lopping of any equal parts
        -: 1270:    for (; __first1 != __last1; ++__first1, ++__first2)
        -: 1271:        if (!__pred(*__first1, *__first2))
        -: 1272:            goto __not_done;
        -: 1273:    return true;
        -: 1274:__not_done:
        -: 1275:    // __first1 != __last1 && *__first1 != *__first2
        -: 1276:    typedef typename iterator_traits<_ForwardIterator1>::difference_type _D1;
        -: 1277:    _D1 __l1 = _VSTD::distance(__first1, __last1);
        -: 1278:    if (__l1 == _D1(1))
        -: 1279:        return false;
        -: 1280:    _ForwardIterator2 __last2 = _VSTD::next(__first2, __l1);
        -: 1281:    // For each element in [f1, l1) see if there are the same number of
        -: 1282:    //    equal elements in [f2, l2)
        -: 1283:    for (_ForwardIterator1 __i = __first1; __i != __last1; ++__i)
        -: 1284:    {
        -: 1285:        // Have we already counted the number of *__i in [f1, l1)?
        -: 1286:        for (_ForwardIterator1 __j = __first1; __j != __i; ++__j)
        -: 1287:            if (__pred(*__j, *__i))
        -: 1288:                goto __next_iter;
        -: 1289:        {
        -: 1290:            // Count number of *__i in [f2, l2)
        -: 1291:            _D1 __c2 = 0;
        -: 1292:            for (_ForwardIterator2 __j = __first2; __j != __last2; ++__j)
        -: 1293:                if (__pred(*__i, *__j))
        -: 1294:                    ++__c2;
        -: 1295:            if (__c2 == 0)
        -: 1296:                return false;
        -: 1297:            // Count number of *__i in [__i, l1) (we can start with 1)
        -: 1298:            _D1 __c1 = 1;
        -: 1299:            for (_ForwardIterator1 __j = _VSTD::next(__i); __j != __last1; ++__j)
        -: 1300:                if (__pred(*__i, *__j))
        -: 1301:                    ++__c1;
        -: 1302:            if (__c1 != __c2)
        -: 1303:                return false;
        -: 1304:        }
        -: 1305:__next_iter:;
        -: 1306:    }
        -: 1307:    return true;
        -: 1308:}
        -: 1309:
        -: 1310:template<class _ForwardIterator1, class _ForwardIterator2>
        -: 1311:inline _LIBCPP_INLINE_VISIBILITY
        -: 1312:bool
        -: 1313:is_permutation(_ForwardIterator1 __first1, _ForwardIterator1 __last1,
        -: 1314:               _ForwardIterator2 __first2)
        -: 1315:{
        -: 1316:    typedef typename iterator_traits<_ForwardIterator1>::value_type __v1;
        -: 1317:    typedef typename iterator_traits<_ForwardIterator2>::value_type __v2;
        -: 1318:    return _VSTD::is_permutation(__first1, __last1, __first2, __equal_to<__v1, __v2>());
        -: 1319:}
        -: 1320:
        -: 1321:#if _LIBCPP_STD_VER > 11
        -: 1322:template<class _BinaryPredicate, class _ForwardIterator1, class _ForwardIterator2>
        -: 1323:bool
        -: 1324:__is_permutation(_ForwardIterator1 __first1, _ForwardIterator1 __last1,
        -: 1325:                 _ForwardIterator2 __first2, _ForwardIterator2 __last2, 
        -: 1326:                 _BinaryPredicate __pred,
        -: 1327:                 forward_iterator_tag, forward_iterator_tag )
        -: 1328:{
        -: 1329:    // shorten sequences as much as possible by lopping of any equal parts
        -: 1330:    for (; __first1 != __last1 && __first2 != __last2; ++__first1, ++__first2)
        -: 1331:        if (!__pred(*__first1, *__first2))
        -: 1332:            goto __not_done;
        -: 1333:    return __first1 == __last1 && __first2 == __last2;
        -: 1334:__not_done:
        -: 1335:    // __first1 != __last1 && __first2 != __last2 && *__first1 != *__first2
        -: 1336:    typedef typename iterator_traits<_ForwardIterator1>::difference_type _D1;
        -: 1337:    _D1 __l1 = _VSTD::distance(__first1, __last1);
        -: 1338:
        -: 1339:    typedef typename iterator_traits<_ForwardIterator2>::difference_type _D2;
        -: 1340:    _D2 __l2 = _VSTD::distance(__first2, __last2);
        -: 1341:    if (__l1 != __l2)
        -: 1342:        return false;
        -: 1343:
        -: 1344:    // For each element in [f1, l1) see if there are the same number of
        -: 1345:    //    equal elements in [f2, l2)
        -: 1346:    for (_ForwardIterator1 __i = __first1; __i != __last1; ++__i)
        -: 1347:    {
        -: 1348:        // Have we already counted the number of *__i in [f1, l1)?
        -: 1349:        for (_ForwardIterator1 __j = __first1; __j != __i; ++__j)
        -: 1350:            if (__pred(*__j, *__i))
        -: 1351:                goto __next_iter;
        -: 1352:        {
        -: 1353:            // Count number of *__i in [f2, l2)
        -: 1354:            _D1 __c2 = 0;
        -: 1355:            for (_ForwardIterator2 __j = __first2; __j != __last2; ++__j)
        -: 1356:                if (__pred(*__i, *__j))
        -: 1357:                    ++__c2;
        -: 1358:            if (__c2 == 0)
        -: 1359:                return false;
        -: 1360:            // Count number of *__i in [__i, l1) (we can start with 1)
        -: 1361:            _D1 __c1 = 1;
        -: 1362:            for (_ForwardIterator1 __j = _VSTD::next(__i); __j != __last1; ++__j)
        -: 1363:                if (__pred(*__i, *__j))
        -: 1364:                    ++__c1;
        -: 1365:            if (__c1 != __c2)
        -: 1366:                return false;
        -: 1367:        }
        -: 1368:__next_iter:;
        -: 1369:    }
        -: 1370:    return true;
        -: 1371:}
        -: 1372:
        -: 1373:template<class _BinaryPredicate, class _RandomAccessIterator1, class _RandomAccessIterator2>
        -: 1374:bool
        -: 1375:__is_permutation(_RandomAccessIterator1 __first1, _RandomAccessIterator2 __last1,
        -: 1376:               _RandomAccessIterator1 __first2, _RandomAccessIterator2 __last2, 
        -: 1377:               _BinaryPredicate __pred,
        -: 1378:               random_access_iterator_tag, random_access_iterator_tag )
        -: 1379:{
        -: 1380:    if ( _VSTD::distance(__first1, __last1) != _VSTD::distance(__first2, __last2))
        -: 1381:        return false;
        -: 1382:    return _VSTD::is_permutation<_RandomAccessIterator1, _RandomAccessIterator2,
        -: 1383:                                 typename add_lvalue_reference<_BinaryPredicate>::type>
        -: 1384:                                (__first1, __last1, __first2, __pred );
        -: 1385:}
        -: 1386:
        -: 1387:template<class _ForwardIterator1, class _ForwardIterator2, class _BinaryPredicate>
        -: 1388:inline _LIBCPP_INLINE_VISIBILITY
        -: 1389:bool
        -: 1390:is_permutation(_ForwardIterator1 __first1, _ForwardIterator1 __last1,
        -: 1391:               _ForwardIterator2 __first2, _ForwardIterator2 __last2,
        -: 1392:               _BinaryPredicate __pred )
        -: 1393:{
        -: 1394:    return _VSTD::__is_permutation<typename add_lvalue_reference<_BinaryPredicate>::type>
        -: 1395:       (__first1, __last1, __first2, __last2, __pred,
        -: 1396:        typename iterator_traits<_ForwardIterator1>::iterator_category(),
        -: 1397:        typename iterator_traits<_ForwardIterator2>::iterator_category());
        -: 1398:}
        -: 1399:
        -: 1400:template<class _ForwardIterator1, class _ForwardIterator2>
        -: 1401:inline _LIBCPP_INLINE_VISIBILITY
        -: 1402:bool
        -: 1403:is_permutation(_ForwardIterator1 __first1, _ForwardIterator1 __last1,
        -: 1404:               _ForwardIterator2 __first2, _ForwardIterator2 __last2)
        -: 1405:{
        -: 1406:    typedef typename iterator_traits<_ForwardIterator1>::value_type __v1;
        -: 1407:    typedef typename iterator_traits<_ForwardIterator2>::value_type __v2;
        -: 1408:    return _VSTD::__is_permutation(__first1, __last1, __first2, __last2,
        -: 1409:        __equal_to<__v1, __v2>(),
        -: 1410:        typename iterator_traits<_ForwardIterator1>::iterator_category(),
        -: 1411:        typename iterator_traits<_ForwardIterator2>::iterator_category());
        -: 1412:}
        -: 1413:#endif
        -: 1414:
        -: 1415:// search
        -: 1416:
        -: 1417:template <class _BinaryPredicate, class _ForwardIterator1, class _ForwardIterator2>
        -: 1418:_ForwardIterator1
        -: 1419:__search(_ForwardIterator1 __first1, _ForwardIterator1 __last1,
        -: 1420:         _ForwardIterator2 __first2, _ForwardIterator2 __last2, _BinaryPredicate __pred,
        -: 1421:         forward_iterator_tag, forward_iterator_tag)
        -: 1422:{
        -: 1423:    if (__first2 == __last2)
        -: 1424:        return __first1;  // Everything matches an empty sequence
        -: 1425:    while (true)
        -: 1426:    {
        -: 1427:        // Find first element in sequence 1 that matchs *__first2, with a mininum of loop checks
        -: 1428:        while (true)
        -: 1429:        {
        -: 1430:            if (__first1 == __last1)  // return __last1 if no element matches *__first2
        -: 1431:                return __last1;
        -: 1432:            if (__pred(*__first1, *__first2))
        -: 1433:                break;
        -: 1434:            ++__first1;
        -: 1435:        }
        -: 1436:        // *__first1 matches *__first2, now match elements after here
        -: 1437:        _ForwardIterator1 __m1 = __first1;
        -: 1438:        _ForwardIterator2 __m2 = __first2;
        -: 1439:        while (true)
        -: 1440:        {
        -: 1441:            if (++__m2 == __last2)  // If pattern exhausted, __first1 is the answer (works for 1 element pattern)
        -: 1442:                return __first1;
        -: 1443:            if (++__m1 == __last1)  // Otherwise if source exhaused, pattern not found
        -: 1444:                return __last1;
        -: 1445:            if (!__pred(*__m1, *__m2))  // if there is a mismatch, restart with a new __first1
        -: 1446:            {
        -: 1447:                ++__first1;
        -: 1448:                break;
        -: 1449:            }  // else there is a match, check next elements
        -: 1450:        }
        -: 1451:    }
        -: 1452:}
        -: 1453:
        -: 1454:template <class _BinaryPredicate, class _RandomAccessIterator1, class _RandomAccessIterator2>
        -: 1455:_LIBCPP_CONSTEXPR_AFTER_CXX11 _RandomAccessIterator1
        -: 1456:__search(_RandomAccessIterator1 __first1, _RandomAccessIterator1 __last1,
        -: 1457:           _RandomAccessIterator2 __first2, _RandomAccessIterator2 __last2, _BinaryPredicate __pred,
        -: 1458:           random_access_iterator_tag, random_access_iterator_tag)
        -: 1459:{
        -: 1460:    typedef typename std::iterator_traits<_RandomAccessIterator1>::difference_type _D1;
        -: 1461:    typedef typename std::iterator_traits<_RandomAccessIterator2>::difference_type _D2;
        -: 1462:    // Take advantage of knowing source and pattern lengths.  Stop short when source is smaller than pattern
        -: 1463:    _D2 __len2 = __last2 - __first2;
        -: 1464:    if (__len2 == 0)
        -: 1465:        return __first1;
        -: 1466:    _D1 __len1 = __last1 - __first1;
        -: 1467:    if (__len1 < __len2)
        -: 1468:        return __last1;
        -: 1469:    const _RandomAccessIterator1 __s = __last1 - (__len2 - 1);  // Start of pattern match can't go beyond here
        -: 1470:    while (true)
        -: 1471:    {
        -: 1472:#if !_LIBCPP_UNROLL_LOOPS
        -: 1473:        while (true)
        -: 1474:        {
        -: 1475:            if (__first1 == __s)
        -: 1476:                return __last1;
        -: 1477:            if (__pred(*__first1, *__first2))
        -: 1478:                break;
        -: 1479:            ++__first1;
        -: 1480:        }
        -: 1481:#else  // !_LIBCPP_UNROLL_LOOPS
        -: 1482:        for (_D1 __loop_unroll = (__s - __first1) / 4; __loop_unroll > 0; --__loop_unroll)
        -: 1483:        {
        -: 1484:            if (__pred(*__first1, *__first2))
        -: 1485:                goto __phase2;
        -: 1486:            if (__pred(*++__first1, *__first2))
        -: 1487:                goto __phase2;
        -: 1488:            if (__pred(*++__first1, *__first2))
        -: 1489:                goto __phase2;
        -: 1490:            if (__pred(*++__first1, *__first2))
        -: 1491:                goto __phase2;
        -: 1492:            ++__first1;
        -: 1493:        }
        -: 1494:        switch (__s - __first1)
        -: 1495:        {
        -: 1496:        case 3:
        -: 1497:            if (__pred(*__first1, *__first2))
        -: 1498:                break;
        -: 1499:            ++__first1;
        -: 1500:        case 2:
        -: 1501:            if (__pred(*__first1, *__first2))
        -: 1502:                break;
        -: 1503:            ++__first1;
        -: 1504:        case 1:
        -: 1505:            if (__pred(*__first1, *__first2))
        -: 1506:                break;
        -: 1507:        case 0:
        -: 1508:            return __last1;
        -: 1509:        }
        -: 1510:    __phase2:
        -: 1511:#endif  // !_LIBCPP_UNROLL_LOOPS
        -: 1512:        _RandomAccessIterator1 __m1 = __first1;
        -: 1513:        _RandomAccessIterator2 __m2 = __first2;
        -: 1514:#if !_LIBCPP_UNROLL_LOOPS
        -: 1515:         while (true)
        -: 1516:         {
        -: 1517:             if (++__m2 == __last2)
        -: 1518:                 return __first1;
[...]
        -: 5386:                ++__first2;
        -: 5387:            ++__first1;
        -: 5388:        }
        -: 5389:    }
        -: 5390:    return _VSTD::copy(__first2, __last2, __result);
        -: 5391:}
        -: 5392:
        -: 5393:template <class _InputIterator1, class _InputIterator2, class _OutputIterator, class _Compare>
        -: 5394:inline _LIBCPP_INLINE_VISIBILITY
        -: 5395:_OutputIterator
        -: 5396:set_union(_InputIterator1 __first1, _InputIterator1 __last1,
        -: 5397:          _InputIterator2 __first2, _InputIterator2 __last2, _OutputIterator __result, _Compare __comp)
        -: 5398:{
        -: 5399:#ifdef _LIBCPP_DEBUG
        -: 5400:    typedef typename add_lvalue_reference<__debug_less<_Compare> >::type _Comp_ref;
        -: 5401:    __debug_less<_Compare> __c(__comp);
        -: 5402:    return __set_union<_Comp_ref>(__first1, __last1, __first2, __last2, __result, __c);
        -: 5403:#else  // _LIBCPP_DEBUG
        -: 5404:    typedef typename add_lvalue_reference<_Compare>::type _Comp_ref;
        -: 5405:    return __set_union<_Comp_ref>(__first1, __last1, __first2, __last2, __result, __comp);
        -: 5406:#endif  // _LIBCPP_DEBUG
        -: 5407:}
        -: 5408:
        -: 5409:template <class _InputIterator1, class _InputIterator2, class _OutputIterator>
        -: 5410:inline _LIBCPP_INLINE_VISIBILITY
        -: 5411:_OutputIterator
        -: 5412:set_union(_InputIterator1 __first1, _InputIterator1 __last1,
        -: 5413:          _InputIterator2 __first2, _InputIterator2 __last2, _OutputIterator __result)
        -: 5414:{
        -: 5415:    return _VSTD::set_union(__first1, __last1, __first2, __last2, __result,
        -: 5416:                          __less<typename iterator_traits<_InputIterator1>::value_type,
        -: 5417:                                 typename iterator_traits<_InputIterator2>::value_type>());
        -: 5418:}
        -: 5419:
        -: 5420:// set_intersection
        -: 5421:
        -: 5422:template <class _Compare, class _InputIterator1, class _InputIterator2, class _OutputIterator>
        -: 5423:_OutputIterator
        -: 5424:__set_intersection(_InputIterator1 __first1, _InputIterator1 __last1,
        -: 5425:                   _InputIterator2 __first2, _InputIterator2 __last2, _OutputIterator __result, _Compare __comp)
        -: 5426:{
        -: 5427:    while (__first1 != __last1 && __first2 != __last2)
        -: 5428:    {
        -: 5429:        if (__comp(*__first1, *__first2))
        -: 5430:            ++__first1;
        -: 5431:        else
        -: 5432:        {
        -: 5433:            if (!__comp(*__first2, *__first1))
        -: 5434:            {
        -: 5435:                *__result = *__first1;
        -: 5436:                ++__result;
        -: 5437:                ++__first1;
        -: 5438:            }
        -: 5439:            ++__first2;
        -: 5440:        }
        -: 5441:    }
        -: 5442:    return __result;
        -: 5443:}
        -: 5444:
        -: 5445:template <class _InputIterator1, class _InputIterator2, class _OutputIterator, class _Compare>
        -: 5446:inline _LIBCPP_INLINE_VISIBILITY
        -: 5447:_OutputIterator
        -: 5448:set_intersection(_InputIterator1 __first1, _InputIterator1 __last1,
        -: 5449:                 _InputIterator2 __first2, _InputIterator2 __last2, _OutputIterator __result, _Compare __comp)
        -: 5450:{
        -: 5451:#ifdef _LIBCPP_DEBUG
        -: 5452:    typedef typename add_lvalue_reference<__debug_less<_Compare> >::type _Comp_ref;
        -: 5453:    __debug_less<_Compare> __c(__comp);
        -: 5454:    return __set_intersection<_Comp_ref>(__first1, __last1, __first2, __last2, __result, __c);
        -: 5455:#else  // _LIBCPP_DEBUG
        -: 5456:    typedef typename add_lvalue_reference<_Compare>::type _Comp_ref;
        -: 5457:    return __set_intersection<_Comp_ref>(__first1, __last1, __first2, __last2, __result, __comp);
        -: 5458:#endif  // _LIBCPP_DEBUG
        -: 5459:}
        -: 5460:
        -: 5461:template <class _InputIterator1, class _InputIterator2, class _OutputIterator>
        -: 5462:inline _LIBCPP_INLINE_VISIBILITY
        -: 5463:_OutputIterator
        -: 5464:set_intersection(_InputIterator1 __first1, _InputIterator1 __last1,
        -: 5465:                 _InputIterator2 __first2, _InputIterator2 __last2, _OutputIterator __result)
        -: 5466:{
        -: 5467:    return _VSTD::set_intersection(__first1, __last1, __first2, __last2, __result,
        -: 5468:                                  __less<typename iterator_traits<_InputIterator1>::value_type,
        -: 5469:                                         typename iterator_traits<_InputIterator2>::value_type>());
        -: 5470:}
        -: 5471:
        -: 5472:// set_difference
        -: 5473:
        -: 5474:template <class _Compare, class _InputIterator1, class _InputIterator2, class _OutputIterator>
        -: 5475:_OutputIterator
        -: 5476:__set_difference(_InputIterator1 __first1, _InputIterator1 __last1,
        -: 5477:                 _InputIterator2 __first2, _InputIterator2 __last2, _OutputIterator __result, _Compare __comp)
        -: 5478:{
        -: 5479:    while (__first1 != __last1)
        -: 5480:    {
        -: 5481:        if (__first2 == __last2)
        -: 5482:            return _VSTD::copy(__first1, __last1, __result);
        -: 5483:        if (__comp(*__first1, *__first2))
        -: 5484:        {
        -: 5485:            *__result = *__first1;
        -: 5486:            ++__result;
        -: 5487:            ++__first1;
        -: 5488:        }
        -: 5489:        else
        -: 5490:        {
        -: 5491:            if (!__comp(*__first2, *__first1))
        -: 5492:                ++__first1;
        -: 5493:            ++__first2;
        -: 5494:        }
        -: 5495:    }
        -: 5496:    return __result;
        -: 5497:}
        -: 5498:
        -: 5499:template <class _InputIterator1, class _InputIterator2, class _OutputIterator, class _Compare>
        -: 5500:inline _LIBCPP_INLINE_VISIBILITY
        -: 5501:_OutputIterator
        -: 5502:set_difference(_InputIterator1 __first1, _InputIterator1 __last1,
        -: 5503:               _InputIterator2 __first2, _InputIterator2 __last2, _OutputIterator __result, _Compare __comp)
        -: 5504:{
        -: 5505:#ifdef _LIBCPP_DEBUG
        -: 5506:    typedef typename add_lvalue_reference<__debug_less<_Compare> >::type _Comp_ref;
        -: 5507:    __debug_less<_Compare> __c(__comp);
        -: 5508:    return __set_difference<_Comp_ref>(__first1, __last1, __first2, __last2, __result, __c);
        -: 5509:#else  // _LIBCPP_DEBUG
        -: 5510:    typedef typename add_lvalue_reference<_Compare>::type _Comp_ref;
        -: 5511:    return __set_difference<_Comp_ref>(__first1, __last1, __first2, __last2, __result, __comp);
        -: 5512:#endif  // _LIBCPP_DEBUG
        -: 5513:}
        -: 5514:
        -: 5515:template <class _InputIterator1, class _InputIterator2, class _OutputIterator>
        -: 5516:inline _LIBCPP_INLINE_VISIBILITY
        -: 5517:_OutputIterator
        -: 5518:set_difference(_InputIterator1 __first1, _InputIterator1 __last1,
        -: 5519:               _InputIterator2 __first2, _InputIterator2 __last2, _OutputIterator __result)
        -: 5520:{
        -: 5521:    return _VSTD::set_difference(__first1, __last1, __first2, __last2, __result,
        -: 5522:                                __less<typename iterator_traits<_InputIterator1>::value_type,
        -: 5523:                                       typename iterator_traits<_InputIterator2>::value_type>());
        -: 5524:}
        -: 5525:
        -: 5526:// set_symmetric_difference
        -: 5527:
        -: 5528:template <class _Compare, class _InputIterator1, class _InputIterator2, class _OutputIterator>
        -: 5529:_OutputIterator
        -: 5530:__set_symmetric_difference(_InputIterator1 __first1, _InputIterator1 __last1,
        -: 5531:                           _InputIterator2 __first2, _InputIterator2 __last2, _OutputIterator __result, _Compare __comp)
        -: 5532:{
        -: 5533:    while (__first1 != __last1)
        -: 5534:    {
        -: 5535:        if (__first2 == __last2)
        -: 5536:            return _VSTD::copy(__first1, __last1, __result);
        -: 5537:        if (__comp(*__first1, *__first2))
        -: 5538:        {
        -: 5539:            *__result = *__first1;
        -: 5540:            ++__result;
        -: 5541:            ++__first1;
        -: 5542:        }
        -: 5543:        else
        -: 5544:        {
        -: 5545:            if (__comp(*__first2, *__first1))
        -: 5546:            {
        -: 5547:                *__result = *__first2;
        -: 5548:                ++__result;
        -: 5549:            }
        -: 5550:            else
        -: 5551:                ++__first1;
        -: 5552:            ++__first2;
        -: 5553:        }
        -: 5554:    }
        -: 5555:    return _VSTD::copy(__first2, __last2, __result);
        -: 5556:}
        -: 5557:
        -: 5558:template <class _InputIterator1, class _InputIterator2, class _OutputIterator, class _Compare>
        -: 5559:inline _LIBCPP_INLINE_VISIBILITY
        -: 5560:_OutputIterator
        -: 5561:set_symmetric_difference(_InputIterator1 __first1, _InputIterator1 __last1,
        -: 5562:                         _InputIterator2 __first2, _InputIterator2 __last2, _OutputIterator __result, _Compare __comp)
        -: 5563:{
        -: 5564:#ifdef _LIBCPP_DEBUG
        -: 5565:    typedef typename add_lvalue_reference<__debug_less<_Compare> >::type _Comp_ref;
        -: 5566:    __debug_less<_Compare> __c(__comp);
        -: 5567:    return __set_symmetric_difference<_Comp_ref>(__first1, __last1, __first2, __last2, __result, __c);
        -: 5568:#else  // _LIBCPP_DEBUG
        -: 5569:    typedef typename add_lvalue_reference<_Compare>::type _Comp_ref;
        -: 5570:    return __set_symmetric_difference<_Comp_ref>(__first1, __last1, __first2, __last2, __result, __comp);
        -: 5571:#endif  // _LIBCPP_DEBUG
        -: 5572:}
        -: 5573:
        -: 5574:template <class _InputIterator1, class _InputIterator2, class _OutputIterator>
        -: 5575:inline _LIBCPP_INLINE_VISIBILITY
        -: 5576:_OutputIterator
        -: 5577:set_symmetric_difference(_InputIterator1 __first1, _InputIterator1 __last1,
        -: 5578:                         _InputIterator2 __first2, _InputIterator2 __last2, _OutputIterator __result)
        -: 5579:{
        -: 5580:    return _VSTD::set_symmetric_difference(__first1, __last1, __first2, __last2, __result,
        -: 5581:                                          __less<typename iterator_traits<_InputIterator1>::value_type,
        -: 5582:                                                 typename iterator_traits<_InputIterator2>::value_type>());
        -: 5583:}
        -: 5584:
        -: 5585:// lexicographical_compare
        -: 5586:
        -: 5587:template <class _Compare, class _InputIterator1, class _InputIterator2>
        -: 5588:bool
        -: 5589:__lexicographical_compare(_InputIterator1 __first1, _InputIterator1 __last1,
        -: 5590:                          _InputIterator2 __first2, _InputIterator2 __last2, _Compare __comp)
        -: 5591:{
        -: 5592:    for (; __first2 != __last2; ++__first1, ++__first2)
        -: 5593:    {
        -: 5594:        if (__first1 == __last1 || __comp(*__first1, *__first2))
        -: 5595:            return true;
        -: 5596:        if (__comp(*__first2, *__first1))
        -: 5597:            return false;
        -: 5598:    }
        -: 5599:    return false;
        -: 5600:}
        -: 5601:
        -: 5602:template <class _InputIterator1, class _InputIterator2, class _Compare>
        -: 5603:inline _LIBCPP_INLINE_VISIBILITY
        -: 5604:bool
        -: 5605:lexicographical_compare(_InputIterator1 __first1, _InputIterator1 __last1,
        -: 5606:                        _InputIterator2 __first2, _InputIterator2 __last2, _Compare __comp)
        -: 5607:{
        -: 5608:#ifdef _LIBCPP_DEBUG
        -: 5609:    typedef typename add_lvalue_reference<__debug_less<_Compare> >::type _Comp_ref;
        -: 5610:    __debug_less<_Compare> __c(__comp);
        -: 5611:    return __lexicographical_compare<_Comp_ref>(__first1, __last1, __first2, __last2, __c);
        -: 5612:#else  // _LIBCPP_DEBUG
        -: 5613:    typedef typename add_lvalue_reference<_Compare>::type _Comp_ref;
        -: 5614:    return __lexicographical_compare<_Comp_ref>(__first1, __last1, __first2, __last2, __comp);
        -: 5615:#endif  // _LIBCPP_DEBUG
        -: 5616:}
        -: 5617:
        -: 5618:template <class _InputIterator1, class _InputIterator2>
        -: 5619:inline _LIBCPP_INLINE_VISIBILITY
        -: 5620:bool
        -: 5621:lexicographical_compare(_InputIterator1 __first1, _InputIterator1 __last1,
        -: 5622:                        _InputIterator2 __first2, _InputIterator2 __last2)
        -: 5623:{
        -: 5624:    return _VSTD::lexicographical_compare(__first1, __last1, __first2, __last2,
        -: 5625:                                         __less<typename iterator_traits<_InputIterator1>::value_type,
        -: 5626:                                                typename iterator_traits<_InputIterator2>::value_type>());
        -: 5627:}
        -: 5628:
        -: 5629:// next_permutation
        -: 5630:
        -: 5631:template <class _Compare, class _BidirectionalIterator>
        -: 5632:bool
        -: 5633:__next_permutation(_BidirectionalIterator __first, _BidirectionalIterator __last, _Compare __comp)
        -: 5634:{
        -: 5635:    _BidirectionalIterator __i = __last;
        -: 5636:    if (__first == __last || __first == --__i)
        -: 5637:        return false;
        -: 5638:    while (true)
        -: 5639:    {
        -: 5640:        _BidirectionalIterator __ip1 = __i;
        -: 5641:        if (__comp(*--__i, *__ip1))
        -: 5642:        {
        -: 5643:            _BidirectionalIterator __j = __last;
        -: 5644:            while (!__comp(*__i, *--__j))
        -: 5645:                ;
        -: 5646:            swap(*__i, *__j);
        -: 5647:            _VSTD::reverse(__ip1, __last);
        -: 5648:            return true;
        -: 5649:        }
        -: 5650:        if (__i == __first)
        -: 5651:        {
        -: 5652:            _VSTD::reverse(__first, __last);
        -: 5653:            return false;
        -: 5654:        }
        -: 5655:    }
        -: 5656:}
        -: 5657:
        -: 5658:template <class _BidirectionalIterator, class _Compare>
        -: 5659:inline _LIBCPP_INLINE_VISIBILITY
        -: 5660:bool
        -: 5661:next_permutation(_BidirectionalIterator __first, _BidirectionalIterator __last, _Compare __comp)
        -: 5662:{
        -: 5663:#ifdef _LIBCPP_DEBUG
        -: 5664:    typedef typename add_lvalue_reference<__debug_less<_Compare> >::type _Comp_ref;
        -: 5665:    __debug_less<_Compare> __c(__comp);
        -: 5666:    return __next_permutation<_Comp_ref>(__first, __last, __c);
        -: 5667:#else  // _LIBCPP_DEBUG
        -: 5668:    typedef typename add_lvalue_reference<_Compare>::type _Comp_ref;
        -: 5669:    return __next_permutation<_Comp_ref>(__first, __last, __comp);
        -: 5670:#endif  // _LIBCPP_DEBUG
        -: 5671:}
        -: 5672:
        -: 5673:template <class _BidirectionalIterator>
        -: 5674:inline _LIBCPP_INLINE_VISIBILITY
        -: 5675:bool
        -: 5676:next_permutation(_BidirectionalIterator __first, _BidirectionalIterator __last)
        -: 5677:{
        -: 5678:    return _VSTD::next_permutation(__first, __last,
        -: 5679:                                  __less<typename iterator_traits<_BidirectionalIterator>::value_type>());
        -: 5680:}
        -: 5681:
        -: 5682:// prev_permutation
        -: 5683:
        -: 5684:template <class _Compare, class _BidirectionalIterator>
        -: 5685:bool
        -: 5686:__prev_permutation(_BidirectionalIterator __first, _BidirectionalIterator __last, _Compare __comp)
        -: 5687:{
        -: 5688:    _BidirectionalIterator __i = __last;
        -: 5689:    if (__first == __last || __first == --__i)
        -: 5690:        return false;
        -: 5691:    while (true)
        -: 5692:    {
        -: 5693:        _BidirectionalIterator __ip1 = __i;
        -: 5694:        if (__comp(*__ip1, *--__i))
        -: 5695:        {
        -: 5696:            _BidirectionalIterator __j = __last;
        -: 5697:            while (!__comp(*--__j, *__i))
        -: 5698:                ;
        -: 5699:            swap(*__i, *__j);
        -: 5700:            _VSTD::reverse(__ip1, __last);
        -: 5701:            return true;
        -: 5702:        }
        -: 5703:        if (__i == __first)
        -: 5704:        {
        -: 5705:            _VSTD::reverse(__first, __last);
        -: 5706:            return false;
        -: 5707:        }
        -: 5708:    }
        -: 5709:}
        -: 5710:
        -: 5711:template <class _BidirectionalIterator, class _Compare>
        -: 5712:inline _LIBCPP_INLINE_VISIBILITY
        -: 5713:bool
        -: 5714:prev_permutation(_BidirectionalIterator __first, _BidirectionalIterator __last, _Compare __comp)
        -: 5715:{
        -: 5716:#ifdef _LIBCPP_DEBUG
        -: 5717:    typedef typename add_lvalue_reference<__debug_less<_Compare> >::type _Comp_ref;
        -: 5718:    __debug_less<_Compare> __c(__comp);
        -: 5719:    return __prev_permutation<_Comp_ref>(__first, __last, __c);
        -: 5720:#else  // _LIBCPP_DEBUG
        -: 5721:    typedef typename add_lvalue_reference<_Compare>::type _Comp_ref;
        -: 5722:    return __prev_permutation<_Comp_ref>(__first, __last, __comp);
        -: 5723:#endif  // _LIBCPP_DEBUG
        -: 5724:}
        -: 5725:
        -: 5726:template <class _BidirectionalIterator>
        -: 5727:inline _LIBCPP_INLINE_VISIBILITY
        -: 5728:bool
        -: 5729:prev_permutation(_BidirectionalIterator __first, _BidirectionalIterator __last)
        -: 5730:{
        -: 5731:    return _VSTD::prev_permutation(__first, __last,
        -: 5732:                                  __less<typename iterator_traits<_BidirectionalIterator>::value_type>());
        -: 5733:}
        -: 5734:
        -: 5735:template <class _Tp>
        -: 5736:inline _LIBCPP_INLINE_VISIBILITY
        -: 5737:typename enable_if
        -: 5738:<
        -: 5739:    is_integral<_Tp>::value,
        -: 5740:    _Tp
        -: 5741:>::type
        -: 5742:__rotate_left(_Tp __t, _Tp __n = 1)
        -: 5743:{
        -: 5744:    const unsigned __bits = static_cast<unsigned>(sizeof(_Tp) * __CHAR_BIT__ - 1);
        -: 5745:    __n &= __bits;
        -: 5746:    return static_cast<_Tp>((__t << __n) | (static_cast<typename make_unsigned<_Tp>::type>(__t) >> (__bits - __n)));
        -: 5747:}
        -: 5748:
        -: 5749:template <class _Tp>
        -: 5750:inline _LIBCPP_INLINE_VISIBILITY
        -: 5751:typename enable_if
        -: 5752:<
        -: 5753:    is_integral<_Tp>::value,
        -: 5754:    _Tp
        -: 5755:>::type
        -: 5756:__rotate_right(_Tp __t, _Tp __n = 1)
        -: 5757:{
        -: 5758:    const unsigned __bits = static_cast<unsigned>(sizeof(_Tp) * __CHAR_BIT__ - 1);
        -: 5759:    __n &= __bits;
        -: 5760:    return static_cast<_Tp>((__t << (__bits - __n)) | (static_cast<typename make_unsigned<_Tp>::type>(__t) >> __n));
        -: 5761:}
        -: 5762:
        -: 5763:_LIBCPP_END_NAMESPACE_STD
        -: 5764:
        -: 5765:#endif  // _LIBCPP_ALGORITHM
