        -:    0:Source:/Applications/Xcode.app/Contents/Developer/Toolchains/XcodeDefault.xctoolchain/usr/bin/../include/c++/v1/memory
        -:    0:Graph:TestCollatz.gcno
        -:    0:Data:TestCollatz.gcda
        -:    0:Runs:1
        -:    0:Programs:1
        -:    1:// -*- C++ -*-
        -:    2://===-------------------------- memory ------------------------------------===//
        -:    3://
        -:    4://                     The LLVM Compiler Infrastructure
        -:    5://
        -:    6:// This file is dual licensed under the MIT and the University of Illinois Open
        -:    7:// Source Licenses. See LICENSE.TXT for details.
        -:    8://
        -:    9://===----------------------------------------------------------------------===//
        -:   10:
        -:   11:#ifndef _LIBCPP_MEMORY
        -:   12:#define _LIBCPP_MEMORY
        -:   13:
        -:   14:/*
        -:   15:    memory synopsis
        -:   16:
        -:   17:namespace std
        -:   18:{
        -:   19:
        -:   20:struct allocator_arg_t { };
        -:   21:constexpr allocator_arg_t allocator_arg = allocator_arg_t();
        -:   22:
        -:   23:template <class T, class Alloc> struct uses_allocator;
        -:   24:
        -:   25:template <class Ptr>
        -:   26:struct pointer_traits
        -:   27:{
        -:   28:    typedef Ptr pointer;
        -:   29:    typedef <details> element_type;
        -:   30:    typedef <details> difference_type;
        -:   31:
        -:   32:    template <class U> using rebind = <details>;
        -:   33:
        -:   34:    static pointer pointer_to(<details>);
        -:   35:};
        -:   36:
        -:   37:template <class T>
        -:   38:struct pointer_traits<T*>
        -:   39:{
        -:   40:    typedef T* pointer;
        -:   41:    typedef T element_type;
        -:   42:    typedef ptrdiff_t difference_type;
        -:   43:
        -:   44:    template <class U> using rebind = U*;
        -:   45:
        -:   46:    static pointer pointer_to(<details>) noexcept;
        -:   47:};
        -:   48:
        -:   49:template <class Alloc>
        -:   50:struct allocator_traits
        -:   51:{
        -:   52:    typedef Alloc                        allocator_type;
        -:   53:    typedef typename allocator_type::value_type
        -:   54:                                         value_type;
        -:   55:
        -:   56:    typedef Alloc::pointer | value_type* pointer;
        -:   57:    typedef Alloc::const_pointer
        -:   58:          | pointer_traits<pointer>::rebind<const value_type>
        -:   59:                                         const_pointer;
        -:   60:    typedef Alloc::void_pointer
        -:   61:          | pointer_traits<pointer>::rebind<void>
        -:   62:                                         void_pointer;
        -:   63:    typedef Alloc::const_void_pointer
        -:   64:          | pointer_traits<pointer>::rebind<const void>
        -:   65:                                         const_void_pointer;
        -:   66:    typedef Alloc::difference_type
        -:   67:          | pointer_traits<pointer>::difference_type
        -:   68:                                         difference_type;
        -:   69:    typedef Alloc::size_type
        -:   70:          | make_unsigned<difference_type>::type
        -:   71:                                         size_type;
        -:   72:    typedef Alloc::propagate_on_container_copy_assignment
        -:   73:          | false_type                   propagate_on_container_copy_assignment;
        -:   74:    typedef Alloc::propagate_on_container_move_assignment
        -:   75:          | false_type                   propagate_on_container_move_assignment;
        -:   76:    typedef Alloc::propagate_on_container_swap
        -:   77:          | false_type                   propagate_on_container_swap;
        -:   78:
        -:   79:    template <class T> using rebind_alloc  = Alloc::rebind<U>::other | Alloc<T, Args...>;
        -:   80:    template <class T> using rebind_traits = allocator_traits<rebind_alloc<T>>;
        -:   81:
        -:   82:    static pointer allocate(allocator_type& a, size_type n);
        -:   83:    static pointer allocate(allocator_type& a, size_type n, const_void_pointer hint);
        -:   84:
        -:   85:    static void deallocate(allocator_type& a, pointer p, size_type n) noexcept;
        -:   86:
        -:   87:    template <class T, class... Args>
        -:   88:        static void construct(allocator_type& a, T* p, Args&&... args);
        -:   89:
        -:   90:    template <class T>
        -:   91:        static void destroy(allocator_type& a, T* p);
        -:   92:
        -:   93:    static size_type max_size(const allocator_type& a); // noexcept in C++14
        -:   94:
        -:   95:    static allocator_type
        -:   96:        select_on_container_copy_construction(const allocator_type& a);
        -:   97:};
        -:   98:
        -:   99:template <>
        -:  100:class allocator<void>
        -:  101:{
        -:  102:public:
        -:  103:    typedef void*                                 pointer;
        -:  104:    typedef const void*                           const_pointer;
        -:  105:    typedef void                                  value_type;
        -:  106:
        -:  107:    template <class _Up> struct rebind {typedef allocator<_Up> other;};
        -:  108:};
        -:  109:
        -:  110:template <class T>
        -:  111:class allocator
        -:  112:{
        -:  113:public:
        -:  114:    typedef size_t                                size_type;
        -:  115:    typedef ptrdiff_t                             difference_type;
        -:  116:    typedef T*                                    pointer;
        -:  117:    typedef const T*                              const_pointer;
        -:  118:    typedef typename add_lvalue_reference<T>::type       reference;
        -:  119:    typedef typename add_lvalue_reference<const T>::type const_reference;
        -:  120:    typedef T                                     value_type;
        -:  121:
        -:  122:    template <class U> struct rebind {typedef allocator<U> other;};
        -:  123:
        -:  124:    allocator() noexcept;
        -:  125:    allocator(const allocator&) noexcept;
        -:  126:    template <class U> allocator(const allocator<U>&) noexcept;
        -:  127:    ~allocator();
        -:  128:    pointer address(reference x) const noexcept;
        -:  129:    const_pointer address(const_reference x) const noexcept;
        -:  130:    pointer allocate(size_type, allocator<void>::const_pointer hint = 0);
        -:  131:    void deallocate(pointer p, size_type n) noexcept;
        -:  132:    size_type max_size() const noexcept;
        -:  133:    template<class U, class... Args>
        -:  134:        void construct(U* p, Args&&... args);
        -:  135:    template <class U>
        -:  136:        void destroy(U* p);
        -:  137:};
        -:  138:
        -:  139:template <class T, class U>
        -:  140:bool operator==(const allocator<T>&, const allocator<U>&) noexcept;
        -:  141:
        -:  142:template <class T, class U>
        -:  143:bool operator!=(const allocator<T>&, const allocator<U>&) noexcept;
        -:  144:
        -:  145:template <class OutputIterator, class T>
        -:  146:class raw_storage_iterator
        -:  147:    : public iterator<output_iterator_tag,
        -:  148:                      T,                               // purposefully not C++03
        -:  149:                      ptrdiff_t,                       // purposefully not C++03
        -:  150:                      T*,                              // purposefully not C++03
        -:  151:                      raw_storage_iterator&>           // purposefully not C++03
        -:  152:{
        -:  153:public:
        -:  154:    explicit raw_storage_iterator(OutputIterator x);
        -:  155:    raw_storage_iterator& operator*();
        -:  156:    raw_storage_iterator& operator=(const T& element);
        -:  157:    raw_storage_iterator& operator++();
        -:  158:    raw_storage_iterator  operator++(int);
        -:  159:};
        -:  160:
        -:  161:template <class T> pair<T*,ptrdiff_t> get_temporary_buffer(ptrdiff_t n) noexcept;
        -:  162:template <class T> void               return_temporary_buffer(T* p) noexcept;
        -:  163:
        -:  164:template <class T> T* addressof(T& r) noexcept;
        -:  165:
        -:  166:template <class InputIterator, class ForwardIterator>
        -:  167:ForwardIterator
        -:  168:uninitialized_copy(InputIterator first, InputIterator last, ForwardIterator result);
        -:  169:
        -:  170:template <class InputIterator, class Size, class ForwardIterator>
        -:  171:ForwardIterator
        -:  172:uninitialized_copy_n(InputIterator first, Size n, ForwardIterator result);
        -:  173:
        -:  174:template <class ForwardIterator, class T>
        -:  175:void uninitialized_fill(ForwardIterator first, ForwardIterator last, const T& x);
        -:  176:
        -:  177:template <class ForwardIterator, class Size, class T>
        -:  178:ForwardIterator
        -:  179:uninitialized_fill_n(ForwardIterator first, Size n, const T& x);
        -:  180:
        -:  181:template <class Y> struct auto_ptr_ref {};
        -:  182:
        -:  183:template<class X>
        -:  184:class auto_ptr
        -:  185:{
        -:  186:public:
        -:  187:    typedef X element_type;
        -:  188:
        -:  189:    explicit auto_ptr(X* p =0) throw();
        -:  190:    auto_ptr(auto_ptr&) throw();
        -:  191:    template<class Y> auto_ptr(auto_ptr<Y>&) throw();
        -:  192:    auto_ptr& operator=(auto_ptr&) throw();
        -:  193:    template<class Y> auto_ptr& operator=(auto_ptr<Y>&) throw();
        -:  194:    auto_ptr& operator=(auto_ptr_ref<X> r) throw();
        -:  195:    ~auto_ptr() throw();
        -:  196:
        -:  197:    typename add_lvalue_reference<X>::type operator*() const throw();
        -:  198:    X* operator->() const throw();
        -:  199:    X* get() const throw();
        -:  200:    X* release() throw();
        -:  201:    void reset(X* p =0) throw();
        -:  202:
        -:  203:    auto_ptr(auto_ptr_ref<X>) throw();
        -:  204:    template<class Y> operator auto_ptr_ref<Y>() throw();
        -:  205:    template<class Y> operator auto_ptr<Y>() throw();
        -:  206:};
        -:  207:
        -:  208:template <class T>
        -:  209:struct default_delete
        -:  210:{
        -:  211:    constexpr default_delete() noexcept = default;
        -:  212:    template <class U> default_delete(const default_delete<U>&) noexcept;
        -:  213:
        -:  214:    void operator()(T*) const noexcept;
        -:  215:};
        -:  216:
        -:  217:template <class T>
        -:  218:struct default_delete<T[]>
        -:  219:{
        -:  220:    constexpr default_delete() noexcept = default;
        -:  221:    void operator()(T*) const noexcept;
        -:  222:    template <class U> void operator()(U*) const = delete;
        -:  223:};
        -:  224:
        -:  225:template <class T, class D = default_delete<T>>
        -:  226:class unique_ptr
        -:  227:{
        -:  228:public:
        -:  229:    typedef see below pointer;
        -:  230:    typedef T element_type;
        -:  231:    typedef D deleter_type;
        -:  232:
        -:  233:    // constructors
        -:  234:    constexpr unique_ptr() noexcept;
        -:  235:    explicit unique_ptr(pointer p) noexcept;
        -:  236:    unique_ptr(pointer p, see below d1) noexcept;
        -:  237:    unique_ptr(pointer p, see below d2) noexcept;
        -:  238:    unique_ptr(unique_ptr&& u) noexcept;
        -:  239:    unique_ptr(nullptr_t) noexcept : unique_ptr() { }
        -:  240:    template <class U, class E>
        -:  241:        unique_ptr(unique_ptr<U, E>&& u) noexcept;
        -:  242:    template <class U>
        -:  243:        unique_ptr(auto_ptr<U>&& u) noexcept;
        -:  244:
        -:  245:    // destructor
        -:  246:    ~unique_ptr();
        -:  247:
        -:  248:    // assignment
        -:  249:    unique_ptr& operator=(unique_ptr&& u) noexcept;
        -:  250:    template <class U, class E> unique_ptr& operator=(unique_ptr<U, E>&& u) noexcept;
        -:  251:    unique_ptr& operator=(nullptr_t) noexcept;
        -:  252:
        -:  253:    // observers
        -:  254:    typename add_lvalue_reference<T>::type operator*() const;
        -:  255:    pointer operator->() const noexcept;
        -:  256:    pointer get() const noexcept;
        -:  257:    deleter_type& get_deleter() noexcept;
        -:  258:    const deleter_type& get_deleter() const noexcept;
        -:  259:    explicit operator bool() const noexcept;
        -:  260:
        -:  261:    // modifiers
        -:  262:    pointer release() noexcept;
        -:  263:    void reset(pointer p = pointer()) noexcept;
        -:  264:    void swap(unique_ptr& u) noexcept;
        -:  265:};
        -:  266:
        -:  267:template <class T, class D>
        -:  268:class unique_ptr<T[], D>
        -:  269:{
        -:  270:public:
        -:  271:    typedef implementation-defined pointer;
        -:  272:    typedef T element_type;
        -:  273:    typedef D deleter_type;
        -:  274:
        -:  275:    // constructors
        -:  276:    constexpr unique_ptr() noexcept;
        -:  277:    explicit unique_ptr(pointer p) noexcept;
        -:  278:    unique_ptr(pointer p, see below d) noexcept;
        -:  279:    unique_ptr(pointer p, see below d) noexcept;
        -:  280:    unique_ptr(unique_ptr&& u) noexcept;
        -:  281:    unique_ptr(nullptr_t) noexcept : unique_ptr() { }
        -:  282:
        -:  283:    // destructor
        -:  284:    ~unique_ptr();
        -:  285:
        -:  286:    // assignment
        -:  287:    unique_ptr& operator=(unique_ptr&& u) noexcept;
        -:  288:    unique_ptr& operator=(nullptr_t) noexcept;
        -:  289:
        -:  290:    // observers
        -:  291:    T& operator[](size_t i) const;
        -:  292:    pointer get() const noexcept;
        -:  293:    deleter_type& get_deleter() noexcept;
        -:  294:    const deleter_type& get_deleter() const noexcept;
        -:  295:    explicit operator bool() const noexcept;
        -:  296:
        -:  297:    // modifiers
        -:  298:    pointer release() noexcept;
        -:  299:    void reset(pointer p = pointer()) noexcept;
        -:  300:    void reset(nullptr_t) noexcept;
        -:  301:    template <class U> void reset(U) = delete;
        -:  302:    void swap(unique_ptr& u) noexcept;
        -:  303:};
        -:  304:
        -:  305:template <class T, class D>
        -:  306:    void swap(unique_ptr<T, D>& x, unique_ptr<T, D>& y) noexcept;
        -:  307:
        -:  308:template <class T1, class D1, class T2, class D2>
        -:  309:    bool operator==(const unique_ptr<T1, D1>& x, const unique_ptr<T2, D2>& y);
        -:  310:template <class T1, class D1, class T2, class D2>
        -:  311:    bool operator!=(const unique_ptr<T1, D1>& x, const unique_ptr<T2, D2>& y);
        -:  312:template <class T1, class D1, class T2, class D2>
        -:  313:    bool operator<(const unique_ptr<T1, D1>& x, const unique_ptr<T2, D2>& y);
        -:  314:template <class T1, class D1, class T2, class D2>
        -:  315:    bool operator<=(const unique_ptr<T1, D1>& x, const unique_ptr<T2, D2>& y);
        -:  316:template <class T1, class D1, class T2, class D2>
        -:  317:    bool operator>(const unique_ptr<T1, D1>& x, const unique_ptr<T2, D2>& y);
        -:  318:template <class T1, class D1, class T2, class D2>
        -:  319:    bool operator>=(const unique_ptr<T1, D1>& x, const unique_ptr<T2, D2>& y);
        -:  320:
        -:  321:template <class T, class D>
        -:  322:    bool operator==(const unique_ptr<T, D>& x, nullptr_t) noexcept;
        -:  323:template <class T, class D>
        -:  324:    bool operator==(nullptr_t, const unique_ptr<T, D>& y) noexcept;
        -:  325:template <class T, class D>
        -:  326:    bool operator!=(const unique_ptr<T, D>& x, nullptr_t) noexcept;
        -:  327:template <class T, class D>
        -:  328:    bool operator!=(nullptr_t, const unique_ptr<T, D>& y) noexcept;
        -:  329:
        -:  330:template <class T, class D>
        -:  331:    bool operator<(const unique_ptr<T, D>& x, nullptr_t);
        -:  332:template <class T, class D>
        -:  333:    bool operator<(nullptr_t, const unique_ptr<T, D>& y);
        -:  334:template <class T, class D>
        -:  335:    bool operator<=(const unique_ptr<T, D>& x, nullptr_t);
        -:  336:template <class T, class D>
        -:  337:    bool operator<=(nullptr_t, const unique_ptr<T, D>& y);
        -:  338:template <class T, class D>
        -:  339:    bool operator>(const unique_ptr<T, D>& x, nullptr_t);
        -:  340:template <class T, class D>
        -:  341:    bool operator>(nullptr_t, const unique_ptr<T, D>& y);
        -:  342:template <class T, class D>
        -:  343:    bool operator>=(const unique_ptr<T, D>& x, nullptr_t);
        -:  344:template <class T, class D>
        -:  345:    bool operator>=(nullptr_t, const unique_ptr<T, D>& y);
        -:  346:
        -:  347:class bad_weak_ptr
        -:  348:    : public std::exception
        -:  349:{
        -:  350:    bad_weak_ptr() noexcept;
        -:  351:};
        -:  352:
        -:  353:template<class T, class... Args> unique_ptr<T> make_unique(Args&&... args);     // C++14
        -:  354:template<class T>                unique_ptr<T> make_unique(size_t n);           // C++14
        -:  355:template<class T, class... Args> unspecified   make_unique(Args&&...) = delete; // C++14, T == U[N]
        -:  356:
        -:  357:template<class T>
        -:  358:class shared_ptr
        -:  359:{
        -:  360:public:
        -:  361:    typedef T element_type;
        -:  362:
        -:  363:    // constructors:
        -:  364:    constexpr shared_ptr() noexcept;
        -:  365:    template<class Y> explicit shared_ptr(Y* p);
        -:  366:    template<class Y, class D> shared_ptr(Y* p, D d);
        -:  367:    template<class Y, class D, class A> shared_ptr(Y* p, D d, A a);
        -:  368:    template <class D> shared_ptr(nullptr_t p, D d);
        -:  369:    template <class D, class A> shared_ptr(nullptr_t p, D d, A a);
        -:  370:    template<class Y> shared_ptr(const shared_ptr<Y>& r, T *p) noexcept;
        -:  371:    shared_ptr(const shared_ptr& r) noexcept;
        -:  372:    template<class Y> shared_ptr(const shared_ptr<Y>& r) noexcept;
        -:  373:    shared_ptr(shared_ptr&& r) noexcept;
        -:  374:    template<class Y> shared_ptr(shared_ptr<Y>&& r) noexcept;
        -:  375:    template<class Y> explicit shared_ptr(const weak_ptr<Y>& r);
        -:  376:    template<class Y> shared_ptr(auto_ptr<Y>&& r);
        -:  377:    template <class Y, class D> shared_ptr(unique_ptr<Y, D>&& r);
        -:  378:    shared_ptr(nullptr_t) : shared_ptr() { }
        -:  379:
        -:  380:    // destructor:
        -:  381:    ~shared_ptr();
        -:  382:
        -:  383:    // assignment:
        -:  384:    shared_ptr& operator=(const shared_ptr& r) noexcept;
        -:  385:    template<class Y> shared_ptr& operator=(const shared_ptr<Y>& r) noexcept;
        -:  386:    shared_ptr& operator=(shared_ptr&& r) noexcept;
        -:  387:    template<class Y> shared_ptr& operator=(shared_ptr<Y>&& r);
        -:  388:    template<class Y> shared_ptr& operator=(auto_ptr<Y>&& r);
        -:  389:    template <class Y, class D> shared_ptr& operator=(unique_ptr<Y, D>&& r);
        -:  390:
        -:  391:    // modifiers:
        -:  392:    void swap(shared_ptr& r) noexcept;
        -:  393:    void reset() noexcept;
        -:  394:    template<class Y> void reset(Y* p);
        -:  395:    template<class Y, class D> void reset(Y* p, D d);
        -:  396:    template<class Y, class D, class A> void reset(Y* p, D d, A a);
        -:  397:
        -:  398:    // observers:
        -:  399:    T* get() const noexcept;
        -:  400:    T& operator*() const noexcept;
        -:  401:    T* operator->() const noexcept;
        -:  402:    long use_count() const noexcept;
        -:  403:    bool unique() const noexcept;
        -:  404:    explicit operator bool() const noexcept;
        -:  405:    template<class U> bool owner_before(shared_ptr<U> const& b) const;
        -:  406:    template<class U> bool owner_before(weak_ptr<U> const& b) const;
        -:  407:};
        -:  408:
        -:  409:// shared_ptr comparisons:
        -:  410:template<class T, class U>
        -:  411:    bool operator==(shared_ptr<T> const& a, shared_ptr<U> const& b) noexcept;
        -:  412:template<class T, class U>
        -:  413:    bool operator!=(shared_ptr<T> const& a, shared_ptr<U> const& b) noexcept;
        -:  414:template<class T, class U>
        -:  415:    bool operator<(shared_ptr<T> const& a, shared_ptr<U> const& b) noexcept;
        -:  416:template<class T, class U>
        -:  417:    bool operator>(shared_ptr<T> const& a, shared_ptr<U> const& b) noexcept;
        -:  418:template<class T, class U>
        -:  419:    bool operator<=(shared_ptr<T> const& a, shared_ptr<U> const& b) noexcept;
        -:  420:template<class T, class U>
        -:  421:    bool operator>=(shared_ptr<T> const& a, shared_ptr<U> const& b) noexcept;
        -:  422:
        -:  423:template <class T>
        -:  424:    bool operator==(const shared_ptr<T>& x, nullptr_t) noexcept;
        -:  425:template <class T>
        -:  426:    bool operator==(nullptr_t, const shared_ptr<T>& y) noexcept;
        -:  427:template <class T>
        -:  428:    bool operator!=(const shared_ptr<T>& x, nullptr_t) noexcept;
        -:  429:template <class T>
        -:  430:    bool operator!=(nullptr_t, const shared_ptr<T>& y) noexcept;
        -:  431:template <class T>
        -:  432:    bool operator<(const shared_ptr<T>& x, nullptr_t) noexcept;
        -:  433:template <class T>
        -:  434:bool operator<(nullptr_t, const shared_ptr<T>& y) noexcept;
        -:  435:template <class T>
        -:  436:    bool operator<=(const shared_ptr<T>& x, nullptr_t) noexcept;
        -:  437:template <class T>
        -:  438:    bool operator<=(nullptr_t, const shared_ptr<T>& y) noexcept;
        -:  439:template <class T>
        -:  440:    bool operator>(const shared_ptr<T>& x, nullptr_t) noexcept;
        -:  441:template <class T>
        -:  442:    bool operator>(nullptr_t, const shared_ptr<T>& y) noexcept;
        -:  443:template <class T>
        -:  444:    bool operator>=(const shared_ptr<T>& x, nullptr_t) noexcept;
        -:  445:template <class T>
        -:  446:    bool operator>=(nullptr_t, const shared_ptr<T>& y) noexcept;
        -:  447:
        -:  448:// shared_ptr specialized algorithms:
        -:  449:template<class T> void swap(shared_ptr<T>& a, shared_ptr<T>& b) noexcept;
        -:  450:
        -:  451:// shared_ptr casts:
        -:  452:template<class T, class U>
        -:  453:    shared_ptr<T> static_pointer_cast(shared_ptr<U> const& r) noexcept;
        -:  454:template<class T, class U>
        -:  455:    shared_ptr<T> dynamic_pointer_cast(shared_ptr<U> const& r) noexcept;
        -:  456:template<class T, class U>
        -:  457:    shared_ptr<T> const_pointer_cast(shared_ptr<U> const& r) noexcept;
        -:  458:
        -:  459:// shared_ptr I/O:
        -:  460:template<class E, class T, class Y>
        -:  461:    basic_ostream<E, T>& operator<< (basic_ostream<E, T>& os, shared_ptr<Y> const& p);
        -:  462:
        -:  463:// shared_ptr get_deleter:
        -:  464:template<class D, class T> D* get_deleter(shared_ptr<T> const& p) noexcept;
        -:  465:
        -:  466:template<class T, class... Args>
        -:  467:    shared_ptr<T> make_shared(Args&&... args);
        -:  468:template<class T, class A, class... Args>
        -:  469:    shared_ptr<T> allocate_shared(const A& a, Args&&... args);
        -:  470:
        -:  471:template<class T>
        -:  472:class weak_ptr
        -:  473:{
        -:  474:public:
        -:  475:    typedef T element_type;
        -:  476:
        -:  477:    // constructors
        -:  478:    constexpr weak_ptr() noexcept;
        -:  479:    template<class Y> weak_ptr(shared_ptr<Y> const& r) noexcept;
        -:  480:    weak_ptr(weak_ptr const& r) noexcept;
        -:  481:    template<class Y> weak_ptr(weak_ptr<Y> const& r) noexcept;
        -:  482:    weak_ptr(weak_ptr&& r) noexcept;                      // C++14
        -:  483:    template<class Y> weak_ptr(weak_ptr<Y>&& r) noexcept; // C++14
        -:  484:
        -:  485:    // destructor
        -:  486:    ~weak_ptr();
        -:  487:
        -:  488:    // assignment
        -:  489:    weak_ptr& operator=(weak_ptr const& r) noexcept;
        -:  490:    template<class Y> weak_ptr& operator=(weak_ptr<Y> const& r) noexcept;
        -:  491:    template<class Y> weak_ptr& operator=(shared_ptr<Y> const& r) noexcept;
        -:  492:    weak_ptr& operator=(weak_ptr&& r) noexcept;                      // C++14
        -:  493:    template<class Y> weak_ptr& operator=(weak_ptr<Y>&& r) noexcept; // C++14
        -:  494:
        -:  495:    // modifiers
        -:  496:    void swap(weak_ptr& r) noexcept;
        -:  497:    void reset() noexcept;
        -:  498:
        -:  499:    // observers
        -:  500:    long use_count() const noexcept;
        -:  501:    bool expired() const noexcept;
        -:  502:    shared_ptr<T> lock() const noexcept;
        -:  503:    template<class U> bool owner_before(shared_ptr<U> const& b) const;
        -:  504:    template<class U> bool owner_before(weak_ptr<U> const& b) const;
        -:  505:};
        -:  506:
        -:  507:// weak_ptr specialized algorithms:
        -:  508:template<class T> void swap(weak_ptr<T>& a, weak_ptr<T>& b) noexcept;
        -:  509:
        -:  510:// class owner_less:
        -:  511:template<class T> struct owner_less;
        -:  512:
        -:  513:template<class T>
        -:  514:struct owner_less<shared_ptr<T>>
        -:  515:    : binary_function<shared_ptr<T>, shared_ptr<T>, bool>
        -:  516:{
        -:  517:    typedef bool result_type;
        -:  518:    bool operator()(shared_ptr<T> const&, shared_ptr<T> const&) const;
        -:  519:    bool operator()(shared_ptr<T> const&, weak_ptr<T> const&) const;
        -:  520:    bool operator()(weak_ptr<T> const&, shared_ptr<T> const&) const;
        -:  521:};
        -:  522:
        -:  523:template<class T>
        -:  524:struct owner_less<weak_ptr<T>>
        -:  525:    : binary_function<weak_ptr<T>, weak_ptr<T>, bool>
        -:  526:{
        -:  527:    typedef bool result_type;
        -:  528:    bool operator()(weak_ptr<T> const&, weak_ptr<T> const&) const;
        -:  529:    bool operator()(shared_ptr<T> const&, weak_ptr<T> const&) const;
        -:  530:    bool operator()(weak_ptr<T> const&, shared_ptr<T> const&) const;
        -:  531:};
        -:  532:
        -:  533:template<class T>
        -:  534:class enable_shared_from_this
        -:  535:{
        -:  536:protected:
        -:  537:    constexpr enable_shared_from_this() noexcept;
        -:  538:    enable_shared_from_this(enable_shared_from_this const&) noexcept;
        -:  539:    enable_shared_from_this& operator=(enable_shared_from_this const&) noexcept;
        -:  540:    ~enable_shared_from_this();
        -:  541:public:
        -:  542:    shared_ptr<T> shared_from_this();
        -:  543:    shared_ptr<T const> shared_from_this() const;
        -:  544:};
        -:  545:
        -:  546:template<class T>
        -:  547:    bool atomic_is_lock_free(const shared_ptr<T>* p);
        -:  548:template<class T>
        -:  549:    shared_ptr<T> atomic_load(const shared_ptr<T>* p);
        -:  550:template<class T>
        -:  551:    shared_ptr<T> atomic_load_explicit(const shared_ptr<T>* p, memory_order mo);
        -:  552:template<class T>
        -:  553:    void atomic_store(shared_ptr<T>* p, shared_ptr<T> r);
        -:  554:template<class T>
        -:  555:    void atomic_store_explicit(shared_ptr<T>* p, shared_ptr<T> r, memory_order mo);
        -:  556:template<class T>
        -:  557:    shared_ptr<T> atomic_exchange(shared_ptr<T>* p, shared_ptr<T> r);
        -:  558:template<class T>
        -:  559:    shared_ptr<T>
        -:  560:    atomic_exchange_explicit(shared_ptr<T>* p, shared_ptr<T> r, memory_order mo);
        -:  561:template<class T>
        -:  562:    bool
        -:  563:    atomic_compare_exchange_weak(shared_ptr<T>* p, shared_ptr<T>* v, shared_ptr<T> w);
        -:  564:template<class T>
        -:  565:    bool
        -:  566:    atomic_compare_exchange_strong( shared_ptr<T>* p, shared_ptr<T>* v, shared_ptr<T> w);
        -:  567:template<class T>
        -:  568:    bool
        -:  569:    atomic_compare_exchange_weak_explicit(shared_ptr<T>* p, shared_ptr<T>* v,
        -:  570:                                          shared_ptr<T> w, memory_order success,
        -:  571:                                          memory_order failure);
        -:  572:template<class T>
        -:  573:    bool
        -:  574:    atomic_compare_exchange_strong_explicit(shared_ptr<T>* p, shared_ptr<T>* v,
        -:  575:                                            shared_ptr<T> w, memory_order success,
        -:  576:                                            memory_order failure);
        -:  577:// Hash support
        -:  578:template <class T> struct hash;
        -:  579:template <class T, class D> struct hash<unique_ptr<T, D> >;
        -:  580:template <class T> struct hash<shared_ptr<T> >;
        -:  581:
        -:  582:// Pointer safety
        -:  583:enum class pointer_safety { relaxed, preferred, strict };
        -:  584:void declare_reachable(void *p);
        -:  585:template <class T> T *undeclare_reachable(T *p);
        -:  586:void declare_no_pointers(char *p, size_t n);
        -:  587:void undeclare_no_pointers(char *p, size_t n);
        -:  588:pointer_safety get_pointer_safety() noexcept;
        -:  589:
        -:  590:void* align(size_t alignment, size_t size, void*& ptr, size_t& space);
        -:  591:
        -:  592:}  // std
        -:  593:
        -:  594:*/
        -:  595:
        -:  596:#include <__config>
        -:  597:#include <type_traits>
        -:  598:#include <typeinfo>
        -:  599:#include <cstddef>
        -:  600:#include <cstdint>
        -:  601:#include <new>
        -:  602:#include <utility>
        -:  603:#include <limits>
        -:  604:#include <iterator>
        -:  605:#include <__functional_base>
        -:  606:#include <iosfwd>
        -:  607:#include <tuple>
        -:  608:#include <cstring>
        -:  609:#if defined(_LIBCPP_NO_EXCEPTIONS)
        -:  610:    #include <cassert>
        -:  611:#endif
        -:  612:
        -:  613:#if __has_feature(cxx_atomic)
        -:  614:#  include <atomic>
        -:  615:#endif
        -:  616:
        -:  617:#include <__undef_min_max>
        -:  618:
        -:  619:#if !defined(_LIBCPP_HAS_NO_PRAGMA_SYSTEM_HEADER)
        -:  620:#pragma GCC system_header
        -:  621:#endif
        -:  622:
        -:  623:_LIBCPP_BEGIN_NAMESPACE_STD
        -:  624:
        -:  625:// addressof moved to <__functional_base>
        -:  626:
        -:  627:template <class _Tp> class allocator;
        -:  628:
        -:  629:template <>
        -:  630:class _LIBCPP_TYPE_VIS_ONLY allocator<void>
        -:  631:{
        -:  632:public:
        -:  633:    typedef void*             pointer;
        -:  634:    typedef const void*       const_pointer;
        -:  635:    typedef void              value_type;
        -:  636:
        -:  637:    template <class _Up> struct rebind {typedef allocator<_Up> other;};
        -:  638:};
        -:  639:
        -:  640:template <>
        -:  641:class _LIBCPP_TYPE_VIS_ONLY allocator<const void>
        -:  642:{
        -:  643:public:
        -:  644:    typedef const void*       pointer;
        -:  645:    typedef const void*       const_pointer;
        -:  646:    typedef const void        value_type;
        -:  647:
        -:  648:    template <class _Up> struct rebind {typedef allocator<_Up> other;};
        -:  649:};
        -:  650:
        -:  651:// pointer_traits
        -:  652:
        -:  653:template <class _Tp>
        -:  654:struct __has_element_type
        -:  655:{
        -:  656:private:
        -:  657:    struct __two {char __lx; char __lxx;};
        -:  658:    template <class _Up> static __two __test(...);
        -:  659:    template <class _Up> static char __test(typename _Up::element_type* = 0);
        -:  660:public:
        -:  661:    static const bool value = sizeof(__test<_Tp>(0)) == 1;
        -:  662:};
        -:  663:
        -:  664:template <class _Ptr, bool = __has_element_type<_Ptr>::value>
        -:  665:struct __pointer_traits_element_type;
        -:  666:
        -:  667:template <class _Ptr>
        -:  668:struct __pointer_traits_element_type<_Ptr, true>
        -:  669:{
        -:  670:    typedef typename _Ptr::element_type type;
        -:  671:};
        -:  672:
        -:  673:#ifndef _LIBCPP_HAS_NO_VARIADICS
        -:  674:
        -:  675:template <template <class, class...> class _Sp, class _Tp, class ..._Args>
        -:  676:struct __pointer_traits_element_type<_Sp<_Tp, _Args...>, true>
        -:  677:{
        -:  678:    typedef typename _Sp<_Tp, _Args...>::element_type type;
        -:  679:};
        -:  680:
        -:  681:template <template <class, class...> class _Sp, class _Tp, class ..._Args>
        -:  682:struct __pointer_traits_element_type<_Sp<_Tp, _Args...>, false>
        -:  683:{
        -:  684:    typedef _Tp type;
        -:  685:};
        -:  686:
        -:  687:#else  // _LIBCPP_HAS_NO_VARIADICS
        -:  688:
        -:  689:template <template <class> class _Sp, class _Tp>
        -:  690:struct __pointer_traits_element_type<_Sp<_Tp>, true>
        -:  691:{
        -:  692:    typedef typename _Sp<_Tp>::element_type type;
        -:  693:};
        -:  694:
        -:  695:template <template <class> class _Sp, class _Tp>
        -:  696:struct __pointer_traits_element_type<_Sp<_Tp>, false>
        -:  697:{
        -:  698:    typedef _Tp type;
        -:  699:};
        -:  700:
        -:  701:template <template <class, class> class _Sp, class _Tp, class _A0>
        -:  702:struct __pointer_traits_element_type<_Sp<_Tp, _A0>, true>
        -:  703:{
        -:  704:    typedef typename _Sp<_Tp, _A0>::element_type type;
        -:  705:};
        -:  706:
        -:  707:template <template <class, class> class _Sp, class _Tp, class _A0>
        -:  708:struct __pointer_traits_element_type<_Sp<_Tp, _A0>, false>
        -:  709:{
        -:  710:    typedef _Tp type;
        -:  711:};
        -:  712:
        -:  713:template <template <class, class, class> class _Sp, class _Tp, class _A0, class _A1>
        -:  714:struct __pointer_traits_element_type<_Sp<_Tp, _A0, _A1>, true>
        -:  715:{
        -:  716:    typedef typename _Sp<_Tp, _A0, _A1>::element_type type;
        -:  717:};
        -:  718:
        -:  719:template <template <class, class, class> class _Sp, class _Tp, class _A0, class _A1>
        -:  720:struct __pointer_traits_element_type<_Sp<_Tp, _A0, _A1>, false>
        -:  721:{
        -:  722:    typedef _Tp type;
        -:  723:};
        -:  724:
        -:  725:template <template <class, class, class, class> class _Sp, class _Tp, class _A0,
        -:  726:                                                           class _A1, class _A2>
        -:  727:struct __pointer_traits_element_type<_Sp<_Tp, _A0, _A1, _A2>, true>
        -:  728:{
        -:  729:    typedef typename _Sp<_Tp, _A0, _A1, _A2>::element_type type;
        -:  730:};
        -:  731:
        -:  732:template <template <class, class, class, class> class _Sp, class _Tp, class _A0,
        -:  733:                                                           class _A1, class _A2>
        -:  734:struct __pointer_traits_element_type<_Sp<_Tp, _A0, _A1, _A2>, false>
        -:  735:{
        -:  736:    typedef _Tp type;
        -:  737:};
        -:  738:
        -:  739:#endif  // _LIBCPP_HAS_NO_VARIADICS
        -:  740:
        -:  741:template <class _Tp>
        -:  742:struct __has_difference_type
        -:  743:{
        -:  744:private:
        -:  745:    struct __two {char __lx; char __lxx;};
        -:  746:    template <class _Up> static __two __test(...);
        -:  747:    template <class _Up> static char __test(typename _Up::difference_type* = 0);
        -:  748:public:
        -:  749:    static const bool value = sizeof(__test<_Tp>(0)) == 1;
        -:  750:};
        -:  751:
        -:  752:template <class _Ptr, bool = __has_difference_type<_Ptr>::value>
        -:  753:struct __pointer_traits_difference_type
        -:  754:{
        -:  755:    typedef ptrdiff_t type;
        -:  756:};
        -:  757:
        -:  758:template <class _Ptr>
        -:  759:struct __pointer_traits_difference_type<_Ptr, true>
        -:  760:{
        -:  761:    typedef typename _Ptr::difference_type type;
        -:  762:};
        -:  763:
        -:  764:template <class _Tp, class _Up>
        -:  765:struct __has_rebind
        -:  766:{
        -:  767:private:
        -:  768:    struct __two {char __lx; char __lxx;};
        -:  769:    template <class _Xp> static __two __test(...);
        -:  770:    template <class _Xp> static char __test(typename _Xp::template rebind<_Up>* = 0);
        -:  771:public:
        -:  772:    static const bool value = sizeof(__test<_Tp>(0)) == 1;
        -:  773:};
        -:  774:
        -:  775:template <class _Tp, class _Up, bool = __has_rebind<_Tp, _Up>::value>
        -:  776:struct __pointer_traits_rebind
        -:  777:{
        -:  778:#ifndef _LIBCPP_HAS_NO_TEMPLATE_ALIASES
        -:  779:    typedef typename _Tp::template rebind<_Up> type;
        -:  780:#else
        -:  781:    typedef typename _Tp::template rebind<_Up>::other type;
        -:  782:#endif
        -:  783:};
        -:  784:
        -:  785:#ifndef _LIBCPP_HAS_NO_VARIADICS
        -:  786:
        -:  787:template <template <class, class...> class _Sp, class _Tp, class ..._Args, class _Up>
        -:  788:struct __pointer_traits_rebind<_Sp<_Tp, _Args...>, _Up, true>
        -:  789:{
        -:  790:#ifndef _LIBCPP_HAS_NO_TEMPLATE_ALIASES
        -:  791:    typedef typename _Sp<_Tp, _Args...>::template rebind<_Up> type;
        -:  792:#else
        -:  793:    typedef typename _Sp<_Tp, _Args...>::template rebind<_Up>::other type;
        -:  794:#endif
        -:  795:};
        -:  796:
        -:  797:template <template <class, class...> class _Sp, class _Tp, class ..._Args, class _Up>
        -:  798:struct __pointer_traits_rebind<_Sp<_Tp, _Args...>, _Up, false>
        -:  799:{
        -:  800:    typedef _Sp<_Up, _Args...> type;
        -:  801:};
        -:  802:
        -:  803:#else  // _LIBCPP_HAS_NO_VARIADICS
        -:  804:
        -:  805:template <template <class> class _Sp, class _Tp, class _Up>
        -:  806:struct __pointer_traits_rebind<_Sp<_Tp>, _Up, true>
        -:  807:{
        -:  808:#ifndef _LIBCPP_HAS_NO_TEMPLATE_ALIASES
        -:  809:    typedef typename _Sp<_Tp>::template rebind<_Up> type;
        -:  810:#else
        -:  811:    typedef typename _Sp<_Tp>::template rebind<_Up>::other type;
        -:  812:#endif
        -:  813:};
        -:  814:
        -:  815:template <template <class> class _Sp, class _Tp, class _Up>
        -:  816:struct __pointer_traits_rebind<_Sp<_Tp>, _Up, false>
        -:  817:{
        -:  818:    typedef _Sp<_Up> type;
        -:  819:};
        -:  820:
        -:  821:template <template <class, class> class _Sp, class _Tp, class _A0, class _Up>
        -:  822:struct __pointer_traits_rebind<_Sp<_Tp, _A0>, _Up, true>
        -:  823:{
        -:  824:#ifndef _LIBCPP_HAS_NO_TEMPLATE_ALIASES
        -:  825:    typedef typename _Sp<_Tp, _A0>::template rebind<_Up> type;
        -:  826:#else
        -:  827:    typedef typename _Sp<_Tp, _A0>::template rebind<_Up>::other type;
        -:  828:#endif
        -:  829:};
        -:  830:
        -:  831:template <template <class, class> class _Sp, class _Tp, class _A0, class _Up>
        -:  832:struct __pointer_traits_rebind<_Sp<_Tp, _A0>, _Up, false>
        -:  833:{
        -:  834:    typedef _Sp<_Up, _A0> type;
        -:  835:};
        -:  836:
        -:  837:template <template <class, class, class> class _Sp, class _Tp, class _A0,
        -:  838:                                         class _A1, class _Up>
        -:  839:struct __pointer_traits_rebind<_Sp<_Tp, _A0, _A1>, _Up, true>
        -:  840:{
        -:  841:#ifndef _LIBCPP_HAS_NO_TEMPLATE_ALIASES
        -:  842:    typedef typename _Sp<_Tp, _A0, _A1>::template rebind<_Up> type;
        -:  843:#else
        -:  844:    typedef typename _Sp<_Tp, _A0, _A1>::template rebind<_Up>::other type;
        -:  845:#endif
        -:  846:};
        -:  847:
        -:  848:template <template <class, class, class> class _Sp, class _Tp, class _A0,
        -:  849:                                         class _A1, class _Up>
        -:  850:struct __pointer_traits_rebind<_Sp<_Tp, _A0, _A1>, _Up, false>
        -:  851:{
        -:  852:    typedef _Sp<_Up, _A0, _A1> type;
        -:  853:};
        -:  854:
        -:  855:template <template <class, class, class, class> class _Sp, class _Tp, class _A0,
        -:  856:                                                class _A1, class _A2, class _Up>
        -:  857:struct __pointer_traits_rebind<_Sp<_Tp, _A0, _A1, _A2>, _Up, true>
        -:  858:{
        -:  859:#ifndef _LIBCPP_HAS_NO_TEMPLATE_ALIASES
        -:  860:    typedef typename _Sp<_Tp, _A0, _A1, _A2>::template rebind<_Up> type;
        -:  861:#else
        -:  862:    typedef typename _Sp<_Tp, _A0, _A1, _A2>::template rebind<_Up>::other type;
        -:  863:#endif
        -:  864:};
        -:  865:
        -:  866:template <template <class, class, class, class> class _Sp, class _Tp, class _A0,
        -:  867:                                                class _A1, class _A2, class _Up>
        -:  868:struct __pointer_traits_rebind<_Sp<_Tp, _A0, _A1, _A2>, _Up, false>
        -:  869:{
        -:  870:    typedef _Sp<_Up, _A0, _A1, _A2> type;
        -:  871:};
        -:  872:
        -:  873:#endif  // _LIBCPP_HAS_NO_VARIADICS
        -:  874:
        -:  875:template <class _Ptr>
        -:  876:struct _LIBCPP_TYPE_VIS_ONLY pointer_traits
        -:  877:{
        -:  878:    typedef _Ptr                                                     pointer;
        -:  879:    typedef typename __pointer_traits_element_type<pointer>::type    element_type;
        -:  880:    typedef typename __pointer_traits_difference_type<pointer>::type difference_type;
        -:  881:
        -:  882:#ifndef _LIBCPP_HAS_NO_TEMPLATE_ALIASES
        -:  883:    template <class _Up> using rebind = typename __pointer_traits_rebind<pointer, _Up>::type;
        -:  884:#else
        -:  885:    template <class _Up> struct rebind
        -:  886:        {typedef typename __pointer_traits_rebind<pointer, _Up>::type other;};
        -:  887:#endif  // _LIBCPP_HAS_NO_TEMPLATE_ALIASES
        -:  888:
        -:  889:private:
        -:  890:    struct __nat {};
        -:  891:public:
        -:  892:    _LIBCPP_INLINE_VISIBILITY
        -:  893:    static pointer pointer_to(typename conditional<is_void<element_type>::value,
        -:  894:                                           __nat, element_type>::type& __r)
        -:  895:        {return pointer::pointer_to(__r);}
        -:  896:};
        -:  897:
        -:  898:template <class _Tp>
        -:  899:struct _LIBCPP_TYPE_VIS_ONLY pointer_traits<_Tp*>
        -:  900:{
        -:  901:    typedef _Tp*      pointer;
        -:  902:    typedef _Tp       element_type;
        -:  903:    typedef ptrdiff_t difference_type;
        -:  904:
        -:  905:#ifndef _LIBCPP_HAS_NO_TEMPLATE_ALIASES
        -:  906:    template <class _Up> using rebind = _Up*;
        -:  907:#else
        -:  908:    template <class _Up> struct rebind {typedef _Up* other;};
        -:  909:#endif
        -:  910:
        -:  911:private:
        -:  912:    struct __nat {};
        -:  913:public:
        -:  914:    _LIBCPP_INLINE_VISIBILITY
function _ZNSt3__114pointer_traitsIPKcE10pointer_toERS1_ called 0 returned 0% blocks executed 0%
function _ZNSt3__114pointer_traitsIPcE10pointer_toERc called 1 returned 100% blocks executed 100%
        -:  915:    static pointer pointer_to(typename conditional<is_void<element_type>::value,
        -:  916:                                      __nat, element_type>::type& __r) _NOEXCEPT
        1:  917:        {return _VSTD::addressof(__r);}
        -:  918:};
        -:  919:
        -:  920:// allocator_traits
        -:  921:
        -:  922:namespace __has_pointer_type_imp
        -:  923:{
        -:  924:    template <class _Up> static __two __test(...);
        -:  925:    template <class _Up> static char __test(typename _Up::pointer* = 0);
        -:  926:}
        -:  927:
        -:  928:template <class _Tp>
        -:  929:struct __has_pointer_type
        -:  930:    : public integral_constant<bool, sizeof(__has_pointer_type_imp::__test<_Tp>(0)) == 1>
        -:  931:{
        -:  932:};
        -:  933:
        -:  934:namespace __pointer_type_imp
        -:  935:{
        -:  936:
        -:  937:template <class _Tp, class _Dp, bool = __has_pointer_type<_Dp>::value>
        -:  938:struct __pointer_type
        -:  939:{
        -:  940:    typedef typename _Dp::pointer type;
        -:  941:};
        -:  942:
        -:  943:template <class _Tp, class _Dp>
        -:  944:struct __pointer_type<_Tp, _Dp, false>
        -:  945:{
        -:  946:    typedef _Tp* type;
        -:  947:};
        -:  948:
        -:  949:}  // __pointer_type_imp
        -:  950:
        -:  951:template <class _Tp, class _Dp>
        -:  952:struct __pointer_type
        -:  953:{
        -:  954:    typedef typename __pointer_type_imp::__pointer_type<_Tp, typename remove_reference<_Dp>::type>::type type;
        -:  955:};
        -:  956:
        -:  957:template <class _Tp>
        -:  958:struct __has_const_pointer
        -:  959:{
        -:  960:private:
        -:  961:    struct __two {char __lx; char __lxx;};
        -:  962:    template <class _Up> static __two __test(...);
        -:  963:    template <class _Up> static char __test(typename _Up::const_pointer* = 0);
        -:  964:public:
        -:  965:    static const bool value = sizeof(__test<_Tp>(0)) == 1;
        -:  966:};
        -:  967:
        -:  968:template <class _Tp, class _Ptr, class _Alloc, bool = __has_const_pointer<_Alloc>::value>
        -:  969:struct __const_pointer
        -:  970:{
        -:  971:    typedef typename _Alloc::const_pointer type;
        -:  972:};
        -:  973:
        -:  974:template <class _Tp, class _Ptr, class _Alloc>
        -:  975:struct __const_pointer<_Tp, _Ptr, _Alloc, false>
        -:  976:{
        -:  977:#ifndef _LIBCPP_HAS_NO_TEMPLATE_ALIASES
        -:  978:    typedef typename pointer_traits<_Ptr>::template rebind<const _Tp> type;
        -:  979:#else
        -:  980:    typedef typename pointer_traits<_Ptr>::template rebind<const _Tp>::other type;
        -:  981:#endif
        -:  982:};
        -:  983:
        -:  984:template <class _Tp>
        -:  985:struct __has_void_pointer
        -:  986:{
        -:  987:private:
        -:  988:    struct __two {char __lx; char __lxx;};
        -:  989:    template <class _Up> static __two __test(...);
        -:  990:    template <class _Up> static char __test(typename _Up::void_pointer* = 0);
        -:  991:public:
        -:  992:    static const bool value = sizeof(__test<_Tp>(0)) == 1;
        -:  993:};
        -:  994:
        -:  995:template <class _Ptr, class _Alloc, bool = __has_void_pointer<_Alloc>::value>
        -:  996:struct __void_pointer
        -:  997:{
        -:  998:    typedef typename _Alloc::void_pointer type;
        -:  999:};
        -: 1000:
        -: 1001:template <class _Ptr, class _Alloc>
        -: 1002:struct __void_pointer<_Ptr, _Alloc, false>
        -: 1003:{
        -: 1004:#ifndef _LIBCPP_HAS_NO_TEMPLATE_ALIASES
        -: 1005:    typedef typename pointer_traits<_Ptr>::template rebind<void> type;
        -: 1006:#else
        -: 1007:    typedef typename pointer_traits<_Ptr>::template rebind<void>::other type;
        -: 1008:#endif
        -: 1009:};
        -: 1010:
        -: 1011:template <class _Tp>
        -: 1012:struct __has_const_void_pointer
        -: 1013:{
        -: 1014:private:
        -: 1015:    struct __two {char __lx; char __lxx;};
        -: 1016:    template <class _Up> static __two __test(...);
        -: 1017:    template <class _Up> static char __test(typename _Up::const_void_pointer* = 0);
        -: 1018:public:
        -: 1019:    static const bool value = sizeof(__test<_Tp>(0)) == 1;
        -: 1020:};
        -: 1021:
        -: 1022:template <class _Ptr, class _Alloc, bool = __has_const_void_pointer<_Alloc>::value>
        -: 1023:struct __const_void_pointer
        -: 1024:{
        -: 1025:    typedef typename _Alloc::const_void_pointer type;
        -: 1026:};
        -: 1027:
        -: 1028:template <class _Ptr, class _Alloc>
        -: 1029:struct __const_void_pointer<_Ptr, _Alloc, false>
        -: 1030:{
        -: 1031:#ifndef _LIBCPP_HAS_NO_TEMPLATE_ALIASES
        -: 1032:    typedef typename pointer_traits<_Ptr>::template rebind<const void> type;
        -: 1033:#else
        -: 1034:    typedef typename pointer_traits<_Ptr>::template rebind<const void>::other type;
        -: 1035:#endif
        -: 1036:};
        -: 1037:
        -: 1038:template <class _Tp>
        -: 1039:inline _LIBCPP_INLINE_VISIBILITY
        -: 1040:_Tp*
function _ZNSt3__116__to_raw_pointerIKcEEPT_S3_ called 0 returned 0% blocks executed 0%
        -: 1041:__to_raw_pointer(_Tp* __p) _NOEXCEPT
        -: 1042:{
    #####: 1043:    return __p;
        -: 1044:}
        -: 1045:
        -: 1046:template <class _Pointer>
        -: 1047:inline _LIBCPP_INLINE_VISIBILITY
        -: 1048:typename pointer_traits<_Pointer>::element_type*
        -: 1049:__to_raw_pointer(_Pointer __p) _NOEXCEPT
        -: 1050:{
        -: 1051:    return _VSTD::__to_raw_pointer(__p.operator->());
        -: 1052:}
        -: 1053:
        -: 1054:template <class _Tp>
        -: 1055:struct __has_size_type
        -: 1056:{
        -: 1057:private:
        -: 1058:    struct __two {char __lx; char __lxx;};
        -: 1059:    template <class _Up> static __two __test(...);
        -: 1060:    template <class _Up> static char __test(typename _Up::size_type* = 0);
        -: 1061:public:
        -: 1062:    static const bool value = sizeof(__test<_Tp>(0)) == 1;
        -: 1063:};
        -: 1064:
        -: 1065:template <class _Alloc, class _DiffType, bool = __has_size_type<_Alloc>::value>
        -: 1066:struct __size_type
        -: 1067:{
        -: 1068:    typedef typename make_unsigned<_DiffType>::type type;
        -: 1069:};
        -: 1070:
        -: 1071:template <class _Alloc, class _DiffType>
        -: 1072:struct __size_type<_Alloc, _DiffType, true>
        -: 1073:{
        -: 1074:    typedef typename _Alloc::size_type type;
        -: 1075:};
        -: 1076:
        -: 1077:template <class _Tp>
        -: 1078:struct __has_propagate_on_container_copy_assignment
        -: 1079:{
        -: 1080:private:
        -: 1081:    struct __two {char __lx; char __lxx;};
        -: 1082:    template <class _Up> static __two __test(...);
        -: 1083:    template <class _Up> static char __test(typename _Up::propagate_on_container_copy_assignment* = 0);
        -: 1084:public:
        -: 1085:    static const bool value = sizeof(__test<_Tp>(0)) == 1;
        -: 1086:};
        -: 1087:
        -: 1088:template <class _Alloc, bool = __has_propagate_on_container_copy_assignment<_Alloc>::value>
        -: 1089:struct __propagate_on_container_copy_assignment
        -: 1090:{
        -: 1091:    typedef false_type type;
        -: 1092:};
        -: 1093:
        -: 1094:template <class _Alloc>
        -: 1095:struct __propagate_on_container_copy_assignment<_Alloc, true>
        -: 1096:{
        -: 1097:    typedef typename _Alloc::propagate_on_container_copy_assignment type;
        -: 1098:};
        -: 1099:
        -: 1100:template <class _Tp>
        -: 1101:struct __has_propagate_on_container_move_assignment
        -: 1102:{
        -: 1103:private:
        -: 1104:    struct __two {char __lx; char __lxx;};
        -: 1105:    template <class _Up> static __two __test(...);
        -: 1106:    template <class _Up> static char __test(typename _Up::propagate_on_container_move_assignment* = 0);
        -: 1107:public:
        -: 1108:    static const bool value = sizeof(__test<_Tp>(0)) == 1;
        -: 1109:};
        -: 1110:
        -: 1111:template <class _Alloc, bool = __has_propagate_on_container_move_assignment<_Alloc>::value>
        -: 1112:struct __propagate_on_container_move_assignment
        -: 1113:{
        -: 1114:    typedef false_type type;
        -: 1115:};
        -: 1116:
        -: 1117:template <class _Alloc>
        -: 1118:struct __propagate_on_container_move_assignment<_Alloc, true>
        -: 1119:{
        -: 1120:    typedef typename _Alloc::propagate_on_container_move_assignment type;
        -: 1121:};
        -: 1122:
        -: 1123:template <class _Tp>
        -: 1124:struct __has_propagate_on_container_swap
        -: 1125:{
        -: 1126:private:
        -: 1127:    struct __two {char __lx; char __lxx;};
        -: 1128:    template <class _Up> static __two __test(...);
        -: 1129:    template <class _Up> static char __test(typename _Up::propagate_on_container_swap* = 0);
        -: 1130:public:
        -: 1131:    static const bool value = sizeof(__test<_Tp>(0)) == 1;
        -: 1132:};
        -: 1133:
        -: 1134:template <class _Alloc, bool = __has_propagate_on_container_swap<_Alloc>::value>
        -: 1135:struct __propagate_on_container_swap
        -: 1136:{
        -: 1137:    typedef false_type type;
        -: 1138:};
        -: 1139:
        -: 1140:template <class _Alloc>
        -: 1141:struct __propagate_on_container_swap<_Alloc, true>
        -: 1142:{
        -: 1143:    typedef typename _Alloc::propagate_on_container_swap type;
        -: 1144:};
        -: 1145:
        -: 1146:template <class _Tp, class _Up, bool = __has_rebind<_Tp, _Up>::value>
        -: 1147:struct __has_rebind_other
        -: 1148:{
        -: 1149:private:
        -: 1150:    struct __two {char __lx; char __lxx;};
        -: 1151:    template <class _Xp> static __two __test(...);
        -: 1152:    template <class _Xp> static char __test(typename _Xp::template rebind<_Up>::other* = 0);
        -: 1153:public:
        -: 1154:    static const bool value = sizeof(__test<_Tp>(0)) == 1;
        -: 1155:};
        -: 1156:
        -: 1157:template <class _Tp, class _Up>
        -: 1158:struct __has_rebind_other<_Tp, _Up, false>
        -: 1159:{
        -: 1160:    static const bool value = false;
        -: 1161:};
        -: 1162:
        -: 1163:template <class _Tp, class _Up, bool = __has_rebind_other<_Tp, _Up>::value>
        -: 1164:struct __allocator_traits_rebind
        -: 1165:{
        -: 1166:    typedef typename _Tp::template rebind<_Up>::other type;
        -: 1167:};
        -: 1168:
        -: 1169:#ifndef _LIBCPP_HAS_NO_VARIADICS
        -: 1170:
        -: 1171:template <template <class, class...> class _Alloc, class _Tp, class ..._Args, class _Up>
        -: 1172:struct __allocator_traits_rebind<_Alloc<_Tp, _Args...>, _Up, true>
        -: 1173:{
        -: 1174:    typedef typename _Alloc<_Tp, _Args...>::template rebind<_Up>::other type;
        -: 1175:};
        -: 1176:
        -: 1177:template <template <class, class...> class _Alloc, class _Tp, class ..._Args, class _Up>
        -: 1178:struct __allocator_traits_rebind<_Alloc<_Tp, _Args...>, _Up, false>
        -: 1179:{
        -: 1180:    typedef _Alloc<_Up, _Args...> type;
        -: 1181:};
        -: 1182:
        -: 1183:#else  // _LIBCPP_HAS_NO_VARIADICS
        -: 1184:
        -: 1185:template <template <class> class _Alloc, class _Tp, class _Up>
        -: 1186:struct __allocator_traits_rebind<_Alloc<_Tp>, _Up, true>
        -: 1187:{
        -: 1188:    typedef typename _Alloc<_Tp>::template rebind<_Up>::other type;
        -: 1189:};
        -: 1190:
        -: 1191:template <template <class> class _Alloc, class _Tp, class _Up>
        -: 1192:struct __allocator_traits_rebind<_Alloc<_Tp>, _Up, false>
        -: 1193:{
        -: 1194:    typedef _Alloc<_Up> type;
        -: 1195:};
        -: 1196:
        -: 1197:template <template <class, class> class _Alloc, class _Tp, class _A0, class _Up>
        -: 1198:struct __allocator_traits_rebind<_Alloc<_Tp, _A0>, _Up, true>
        -: 1199:{
        -: 1200:    typedef typename _Alloc<_Tp, _A0>::template rebind<_Up>::other type;
        -: 1201:};
        -: 1202:
        -: 1203:template <template <class, class> class _Alloc, class _Tp, class _A0, class _Up>
        -: 1204:struct __allocator_traits_rebind<_Alloc<_Tp, _A0>, _Up, false>
        -: 1205:{
        -: 1206:    typedef _Alloc<_Up, _A0> type;
        -: 1207:};
        -: 1208:
        -: 1209:template <template <class, class, class> class _Alloc, class _Tp, class _A0,
        -: 1210:                                         class _A1, class _Up>
        -: 1211:struct __allocator_traits_rebind<_Alloc<_Tp, _A0, _A1>, _Up, true>
        -: 1212:{
        -: 1213:    typedef typename _Alloc<_Tp, _A0, _A1>::template rebind<_Up>::other type;
        -: 1214:};
        -: 1215:
        -: 1216:template <template <class, class, class> class _Alloc, class _Tp, class _A0,
        -: 1217:                                         class _A1, class _Up>
        -: 1218:struct __allocator_traits_rebind<_Alloc<_Tp, _A0, _A1>, _Up, false>
        -: 1219:{
        -: 1220:    typedef _Alloc<_Up, _A0, _A1> type;
        -: 1221:};
        -: 1222:
        -: 1223:template <template <class, class, class, class> class _Alloc, class _Tp, class _A0,
        -: 1224:                                                class _A1, class _A2, class _Up>
        -: 1225:struct __allocator_traits_rebind<_Alloc<_Tp, _A0, _A1, _A2>, _Up, true>
        -: 1226:{
        -: 1227:    typedef typename _Alloc<_Tp, _A0, _A1, _A2>::template rebind<_Up>::other type;
        -: 1228:};
        -: 1229:
        -: 1230:template <template <class, class, class, class> class _Alloc, class _Tp, class _A0,
        -: 1231:                                                class _A1, class _A2, class _Up>
        -: 1232:struct __allocator_traits_rebind<_Alloc<_Tp, _A0, _A1, _A2>, _Up, false>
        -: 1233:{
        -: 1234:    typedef _Alloc<_Up, _A0, _A1, _A2> type;
        -: 1235:};
        -: 1236:
        -: 1237:#endif  // _LIBCPP_HAS_NO_VARIADICS
        -: 1238:
        -: 1239:#ifndef _LIBCPP_HAS_NO_ADVANCED_SFINAE
        -: 1240:
        -: 1241:template <class _Alloc, class _SizeType, class _ConstVoidPtr>
        -: 1242:auto
        -: 1243:__has_allocate_hint_test(_Alloc&& __a, _SizeType&& __sz, _ConstVoidPtr&& __p)
        -: 1244:    -> decltype(__a.allocate(__sz, __p), true_type());
        -: 1245:
        -: 1246:template <class _Alloc, class _SizeType, class _ConstVoidPtr>
        -: 1247:auto
        -: 1248:__has_allocate_hint_test(const _Alloc& __a, _SizeType&& __sz, _ConstVoidPtr&& __p)
        -: 1249:    -> false_type;
        -: 1250:
        -: 1251:template <class _Alloc, class _SizeType, class _ConstVoidPtr>
        -: 1252:struct __has_allocate_hint
        -: 1253:    : integral_constant<bool,
        -: 1254:        is_same<
        -: 1255:            decltype(__has_allocate_hint_test(declval<_Alloc>(),
        -: 1256:                                          declval<_SizeType>(),
        -: 1257:                                          declval<_ConstVoidPtr>())),
        -: 1258:            true_type>::value>
        -: 1259:{
        -: 1260:};
        -: 1261:
        -: 1262:#else  // _LIBCPP_HAS_NO_ADVANCED_SFINAE
        -: 1263:
        -: 1264:template <class _Alloc, class _SizeType, class _ConstVoidPtr>
        -: 1265:struct __has_allocate_hint
        -: 1266:    : true_type
        -: 1267:{
        -: 1268:};
        -: 1269:
        -: 1270:#endif  // _LIBCPP_HAS_NO_ADVANCED_SFINAE
        -: 1271:
        -: 1272:#if !defined(_LIBCPP_HAS_NO_ADVANCED_SFINAE) && !defined(_LIBCPP_HAS_NO_VARIADICS)
        -: 1273:
        -: 1274:template <class _Alloc, class _Tp, class ..._Args>
        -: 1275:decltype(_VSTD::declval<_Alloc>().construct(_VSTD::declval<_Tp*>(),
        -: 1276:                                           _VSTD::declval<_Args>()...),
        -: 1277:                                           true_type())
        -: 1278:__has_construct_test(_Alloc&& __a, _Tp* __p, _Args&& ...__args);
        -: 1279:
        -: 1280:template <class _Alloc, class _Pointer, class ..._Args>
        -: 1281:false_type
        -: 1282:__has_construct_test(const _Alloc& __a, _Pointer&& __p, _Args&& ...__args);
        -: 1283:
        -: 1284:template <class _Alloc, class _Pointer, class ..._Args>
        -: 1285:struct __has_construct
        -: 1286:    : integral_constant<bool,
        -: 1287:        is_same<
        -: 1288:            decltype(__has_construct_test(declval<_Alloc>(),
        -: 1289:                                          declval<_Pointer>(),
        -: 1290:                                          declval<_Args>()...)),
        -: 1291:            true_type>::value>
        -: 1292:{
        -: 1293:};
        -: 1294:
        -: 1295:template <class _Alloc, class _Pointer>
        -: 1296:auto
        -: 1297:__has_destroy_test(_Alloc&& __a, _Pointer&& __p)
        -: 1298:    -> decltype(__a.destroy(__p), true_type());
        -: 1299:
        -: 1300:template <class _Alloc, class _Pointer>
        -: 1301:auto
        -: 1302:__has_destroy_test(const _Alloc& __a, _Pointer&& __p)
        -: 1303:    -> false_type;
        -: 1304:
        -: 1305:template <class _Alloc, class _Pointer>
        -: 1306:struct __has_destroy
        -: 1307:    : integral_constant<bool,
        -: 1308:        is_same<
        -: 1309:            decltype(__has_destroy_test(declval<_Alloc>(),
        -: 1310:                                        declval<_Pointer>())),
        -: 1311:            true_type>::value>
        -: 1312:{
        -: 1313:};
        -: 1314:
        -: 1315:template <class _Alloc>
        -: 1316:auto
        -: 1317:__has_max_size_test(_Alloc&& __a)
        -: 1318:    -> decltype(__a.max_size(), true_type());
        -: 1319:
        -: 1320:template <class _Alloc>
        -: 1321:auto
        -: 1322:__has_max_size_test(const volatile _Alloc& __a)
        -: 1323:    -> false_type;
        -: 1324:
        -: 1325:template <class _Alloc>
        -: 1326:struct __has_max_size
        -: 1327:    : integral_constant<bool,
        -: 1328:        is_same<
        -: 1329:            decltype(__has_max_size_test(declval<_Alloc&>())),
        -: 1330:            true_type>::value>
        -: 1331:{
        -: 1332:};
        -: 1333:
        -: 1334:template <class _Alloc>
        -: 1335:auto
        -: 1336:__has_select_on_container_copy_construction_test(_Alloc&& __a)
        -: 1337:    -> decltype(__a.select_on_container_copy_construction(), true_type());
        -: 1338:
        -: 1339:template <class _Alloc>
        -: 1340:auto
        -: 1341:__has_select_on_container_copy_construction_test(const volatile _Alloc& __a)
        -: 1342:    -> false_type;
        -: 1343:
        -: 1344:template <class _Alloc>
        -: 1345:struct __has_select_on_container_copy_construction
        -: 1346:    : integral_constant<bool,
        -: 1347:        is_same<
        -: 1348:            decltype(__has_select_on_container_copy_construction_test(declval<_Alloc&>())),
        -: 1349:            true_type>::value>
        -: 1350:{
        -: 1351:};
        -: 1352:
        -: 1353:#else  // _LIBCPP_HAS_NO_ADVANCED_SFINAE
        -: 1354:
        -: 1355:#ifndef _LIBCPP_HAS_NO_VARIADICS
        -: 1356:
        -: 1357:template <class _Alloc, class _Pointer, class ..._Args>
        -: 1358:struct __has_construct
        -: 1359:    : false_type
        -: 1360:{
        -: 1361:};
        -: 1362:
        -: 1363:#else  // _LIBCPP_HAS_NO_VARIADICS
        -: 1364:
        -: 1365:template <class _Alloc, class _Pointer, class _Args>
        -: 1366:struct __has_construct
        -: 1367:    : false_type
        -: 1368:{
        -: 1369:};
        -: 1370:
        -: 1371:#endif  // _LIBCPP_HAS_NO_VARIADICS
        -: 1372:
        -: 1373:template <class _Alloc, class _Pointer>
        -: 1374:struct __has_destroy
        -: 1375:    : false_type
        -: 1376:{
        -: 1377:};
        -: 1378:
        -: 1379:template <class _Alloc>
        -: 1380:struct __has_max_size
        -: 1381:    : true_type
        -: 1382:{
        -: 1383:};
        -: 1384:
        -: 1385:template <class _Alloc>
        -: 1386:struct __has_select_on_container_copy_construction
        -: 1387:    : false_type
        -: 1388:{
        -: 1389:};
        -: 1390:
        -: 1391:#endif  // _LIBCPP_HAS_NO_ADVANCED_SFINAE
        -: 1392:
        -: 1393:template <class _Alloc, class _Ptr, bool = __has_difference_type<_Alloc>::value>
        -: 1394:struct __alloc_traits_difference_type
        -: 1395:{
        -: 1396:    typedef typename pointer_traits<_Ptr>::difference_type type;
        -: 1397:};
        -: 1398:
        -: 1399:template <class _Alloc, class _Ptr>
        -: 1400:struct __alloc_traits_difference_type<_Alloc, _Ptr, true>
        -: 1401:{
        -: 1402:    typedef typename _Alloc::difference_type type;
        -: 1403:};
        -: 1404:
        -: 1405:template <class _Alloc>
        -: 1406:struct _LIBCPP_TYPE_VIS_ONLY allocator_traits
        -: 1407:{
        -: 1408:    typedef _Alloc                              allocator_type;
        -: 1409:    typedef typename allocator_type::value_type value_type;
        -: 1410:
        -: 1411:    typedef typename __pointer_type<value_type, allocator_type>::type pointer;
        -: 1412:    typedef typename __const_pointer<value_type, pointer, allocator_type>::type const_pointer;
        -: 1413:    typedef typename __void_pointer<pointer, allocator_type>::type void_pointer;
        -: 1414:    typedef typename __const_void_pointer<pointer, allocator_type>::type const_void_pointer;
        -: 1415:
        -: 1416:    typedef typename __alloc_traits_difference_type<allocator_type, pointer>::type difference_type;
        -: 1417:    typedef typename __size_type<allocator_type, difference_type>::type size_type;
        -: 1418:
        -: 1419:    typedef typename __propagate_on_container_copy_assignment<allocator_type>::type
        -: 1420:                     propagate_on_container_copy_assignment;
        -: 1421:    typedef typename __propagate_on_container_move_assignment<allocator_type>::type
        -: 1422:                     propagate_on_container_move_assignment;
        -: 1423:    typedef typename __propagate_on_container_swap<allocator_type>::type
        -: 1424:                     propagate_on_container_swap;
        -: 1425:
        -: 1426:#ifndef _LIBCPP_HAS_NO_TEMPLATE_ALIASES
        -: 1427:    template <class _Tp> using rebind_alloc =
        -: 1428:                  typename __allocator_traits_rebind<allocator_type, _Tp>::type;
        -: 1429:    template <class _Tp> using rebind_traits = allocator_traits<rebind_alloc<_Tp>>;
        -: 1430:#else  // _LIBCPP_HAS_NO_TEMPLATE_ALIASES
        -: 1431:    template <class _Tp> struct rebind_alloc
        -: 1432:        {typedef typename __allocator_traits_rebind<allocator_type, _Tp>::type other;};
        -: 1433:    template <class _Tp> struct rebind_traits
        -: 1434:        {typedef allocator_traits<typename rebind_alloc<_Tp>::other> other;};
        -: 1435:#endif  // _LIBCPP_HAS_NO_TEMPLATE_ALIASES
        -: 1436:
        -: 1437:    _LIBCPP_INLINE_VISIBILITY
function _ZNSt3__116allocator_traitsINS_9allocatorIcEEE8allocateERS2_m called 1 returned 100% blocks executed 100%
        -: 1438:    static pointer allocate(allocator_type& __a, size_type __n)
        1: 1439:        {return __a.allocate(__n);}
        -: 1440:    _LIBCPP_INLINE_VISIBILITY
        -: 1441:    static pointer allocate(allocator_type& __a, size_type __n, const_void_pointer __hint)
        -: 1442:        {return allocate(__a, __n, __hint,
        -: 1443:            __has_allocate_hint<allocator_type, size_type, const_void_pointer>());}
        -: 1444:
        -: 1445:    _LIBCPP_INLINE_VISIBILITY
        -: 1446:    static void deallocate(allocator_type& __a, pointer __p, size_type __n) _NOEXCEPT
        -: 1447:        {__a.deallocate(__p, __n);}
        -: 1448:
        -: 1449:#ifndef _LIBCPP_HAS_NO_VARIADICS
        -: 1450:    template <class _Tp, class... _Args>
        -: 1451:        _LIBCPP_INLINE_VISIBILITY
        -: 1452:        static void construct(allocator_type& __a, _Tp* __p, _Args&&... __args)
        -: 1453:            {__construct(__has_construct<allocator_type, pointer, _Args...>(),
        -: 1454:                         __a, __p, _VSTD::forward<_Args>(__args)...);}
        -: 1455:#else  // _LIBCPP_HAS_NO_VARIADICS
        -: 1456:    template <class _Tp>
        -: 1457:        _LIBCPP_INLINE_VISIBILITY
        -: 1458:        static void construct(allocator_type& __a, _Tp* __p)
        -: 1459:            {
        -: 1460:                ::new ((void*)__p) _Tp();
        -: 1461:            }
        -: 1462:    template <class _Tp, class _A0>
        -: 1463:        _LIBCPP_INLINE_VISIBILITY
        -: 1464:        static void construct(allocator_type& __a, _Tp* __p, const _A0& __a0)
        -: 1465:            {
        -: 1466:                ::new ((void*)__p) _Tp(__a0);
        -: 1467:            }
        -: 1468:    template <class _Tp, class _A0, class _A1>
        -: 1469:        _LIBCPP_INLINE_VISIBILITY
        -: 1470:        static void construct(allocator_type& __a, _Tp* __p, const _A0& __a0,
        -: 1471:                              const _A1& __a1)
        -: 1472:            {
        -: 1473:                ::new ((void*)__p) _Tp(__a0, __a1);
        -: 1474:            }
        -: 1475:    template <class _Tp, class _A0, class _A1, class _A2>
        -: 1476:        _LIBCPP_INLINE_VISIBILITY
        -: 1477:        static void construct(allocator_type& __a, _Tp* __p, const _A0& __a0,
        -: 1478:                              const _A1& __a1, const _A2& __a2)
        -: 1479:            {
        -: 1480:                ::new ((void*)__p) _Tp(__a0, __a1, __a2);
        -: 1481:            }
        -: 1482:#endif  // _LIBCPP_HAS_NO_VARIADICS
        -: 1483:
        -: 1484:    template <class _Tp>
        -: 1485:        _LIBCPP_INLINE_VISIBILITY
        -: 1486:        static void destroy(allocator_type& __a, _Tp* __p)
        -: 1487:            {__destroy(__has_destroy<allocator_type, _Tp*>(), __a, __p);}
        -: 1488:
        -: 1489:    _LIBCPP_INLINE_VISIBILITY
function _ZNSt3__116allocator_traitsINS_9allocatorIcEEE8max_sizeERKS2_ called 2 returned 100% blocks executed 75%
        -: 1490:    static size_type max_size(const allocator_type& __a) _NOEXCEPT
        4: 1491:        {return __max_size(__has_max_size<const allocator_type>(), __a);}
branch  0 taken 100%
branch  1 taken 0%
        -: 1492:
        -: 1493:    _LIBCPP_INLINE_VISIBILITY
        -: 1494:    static allocator_type
        -: 1495:        select_on_container_copy_construction(const allocator_type& __a)
        -: 1496:            {return select_on_container_copy_construction(
        -: 1497:                __has_select_on_container_copy_construction<const allocator_type>(),
        -: 1498:                __a);}
        -: 1499:
        -: 1500:    template <class _Ptr>
        -: 1501:        _LIBCPP_INLINE_VISIBILITY
        -: 1502:        static
        -: 1503:        void
        -: 1504:        __construct_forward(allocator_type& __a, _Ptr __begin1, _Ptr __end1, _Ptr& __begin2)
        -: 1505:        {
        -: 1506:            for (; __begin1 != __end1; ++__begin1, ++__begin2)
        -: 1507:                construct(__a, _VSTD::__to_raw_pointer(__begin2), _VSTD::move_if_noexcept(*__begin1));
        -: 1508:        }
        -: 1509:
        -: 1510:    template <class _Tp>
        -: 1511:        _LIBCPP_INLINE_VISIBILITY
        -: 1512:        static
        -: 1513:        typename enable_if
        -: 1514:        <
        -: 1515:            (is_same<allocator_type, allocator<_Tp> >::value
        -: 1516:                || !__has_construct<allocator_type, _Tp*, _Tp>::value) &&
        -: 1517:             is_trivially_move_constructible<_Tp>::value,
        -: 1518:            void
        -: 1519:        >::type
        -: 1520:        __construct_forward(allocator_type& __a, _Tp* __begin1, _Tp* __end1, _Tp*& __begin2)
        -: 1521:        {
        -: 1522:            ptrdiff_t _Np = __end1 - __begin1;
        -: 1523:            _VSTD::memcpy(__begin2, __begin1, _Np * sizeof(_Tp));
        -: 1524:            __begin2 += _Np;
        -: 1525:        }
        -: 1526:
        -: 1527:    template <class _Ptr>
        -: 1528:        _LIBCPP_INLINE_VISIBILITY
        -: 1529:        static
        -: 1530:        void
        -: 1531:        __construct_backward(allocator_type& __a, _Ptr __begin1, _Ptr __end1, _Ptr& __end2)
        -: 1532:        {
        -: 1533:            while (__end1 != __begin1)
        -: 1534:            {
        -: 1535:                construct(__a, _VSTD::__to_raw_pointer(__end2-1), _VSTD::move_if_noexcept(*--__end1));
        -: 1536:                --__end2;
        -: 1537:            }
        -: 1538:        }
        -: 1539:
        -: 1540:    template <class _Tp>
        -: 1541:        _LIBCPP_INLINE_VISIBILITY
        -: 1542:        static
        -: 1543:        typename enable_if
        -: 1544:        <
        -: 1545:            (is_same<allocator_type, allocator<_Tp> >::value
        -: 1546:                || !__has_construct<allocator_type, _Tp*, _Tp>::value) &&
        -: 1547:             is_trivially_move_constructible<_Tp>::value,
        -: 1548:            void
        -: 1549:        >::type
        -: 1550:        __construct_backward(allocator_type& __a, _Tp* __begin1, _Tp* __end1, _Tp*& __end2)
        -: 1551:        {
        -: 1552:            ptrdiff_t _Np = __end1 - __begin1;
        -: 1553:            __end2 -= _Np;
        -: 1554:            _VSTD::memcpy(__end2, __begin1, _Np * sizeof(_Tp));
        -: 1555:        }
        -: 1556:
        -: 1557:private:
        -: 1558:
        -: 1559:    _LIBCPP_INLINE_VISIBILITY
        -: 1560:    static pointer allocate(allocator_type& __a, size_type __n,
        -: 1561:        const_void_pointer __hint, true_type)
        -: 1562:        {return __a.allocate(__n, __hint);}
        -: 1563:    _LIBCPP_INLINE_VISIBILITY
        -: 1564:    static pointer allocate(allocator_type& __a, size_type __n,
        -: 1565:        const_void_pointer, false_type)
        -: 1566:        {return __a.allocate(__n);}
        -: 1567:
        -: 1568:#ifndef _LIBCPP_HAS_NO_VARIADICS
        -: 1569:    template <class _Tp, class... _Args>
        -: 1570:        _LIBCPP_INLINE_VISIBILITY
        -: 1571:        static void __construct(true_type, allocator_type& __a, _Tp* __p, _Args&&... __args)
        -: 1572:            {__a.construct(__p, _VSTD::forward<_Args>(__args)...);}
        -: 1573:    template <class _Tp, class... _Args>
        -: 1574:        _LIBCPP_INLINE_VISIBILITY
        -: 1575:        static void __construct(false_type, allocator_type&, _Tp* __p, _Args&&... __args)
        -: 1576:            {
        -: 1577:                ::new ((void*)__p) _Tp(_VSTD::forward<_Args>(__args)...);
        -: 1578:            }
        -: 1579:#endif  // _LIBCPP_HAS_NO_VARIADICS
        -: 1580:
        -: 1581:    template <class _Tp>
        -: 1582:        _LIBCPP_INLINE_VISIBILITY
        -: 1583:        static void __destroy(true_type, allocator_type& __a, _Tp* __p)
        -: 1584:            {__a.destroy(__p);}
        -: 1585:    template <class _Tp>
        -: 1586:        _LIBCPP_INLINE_VISIBILITY
        -: 1587:        static void __destroy(false_type, allocator_type&, _Tp* __p)
        -: 1588:            {
        -: 1589:                __p->~_Tp();
        -: 1590:            }
        -: 1591:
        -: 1592:    _LIBCPP_INLINE_VISIBILITY
function _ZNSt3__116allocator_traitsINS_9allocatorIcEEE10__max_sizeENS_17integral_constantIbLb1EEERKS2_ called 2 returned 100% blocks executed 100%
        -: 1593:    static size_type __max_size(true_type, const allocator_type& __a)
        2: 1594:            {return __a.max_size();}
        -: 1595:    _LIBCPP_INLINE_VISIBILITY
        -: 1596:    static size_type __max_size(false_type, const allocator_type&)
        -: 1597:            {return numeric_limits<size_type>::max();}
        -: 1598:
        -: 1599:    _LIBCPP_INLINE_VISIBILITY
        -: 1600:    static allocator_type
        -: 1601:        select_on_container_copy_construction(true_type, const allocator_type& __a)
        -: 1602:            {return __a.select_on_container_copy_construction();}
        -: 1603:    _LIBCPP_INLINE_VISIBILITY
        -: 1604:    static allocator_type
        -: 1605:        select_on_container_copy_construction(false_type, const allocator_type& __a)
        -: 1606:            {return __a;}
        -: 1607:};
        -: 1608:
        -: 1609:// allocator
        -: 1610:
        -: 1611:template <class _Tp>
        -: 1612:class _LIBCPP_TYPE_VIS_ONLY allocator
        -: 1613:{
        -: 1614:public:
        -: 1615:    typedef size_t            size_type;
        -: 1616:    typedef ptrdiff_t         difference_type;
        -: 1617:    typedef _Tp*              pointer;
        -: 1618:    typedef const _Tp*        const_pointer;
        -: 1619:    typedef _Tp&              reference;
        -: 1620:    typedef const _Tp&        const_reference;
        -: 1621:    typedef _Tp               value_type;
        -: 1622:
        -: 1623:    typedef true_type propagate_on_container_move_assignment;
        -: 1624:
        -: 1625:    template <class _Up> struct rebind {typedef allocator<_Up> other;};
        -: 1626:
function _ZNSt3__19allocatorIcEC2Ev called 7 returned 100% blocks executed 100%
        7: 1627:    _LIBCPP_INLINE_VISIBILITY allocator() _NOEXCEPT {}
        -: 1628:    template <class _Up> _LIBCPP_INLINE_VISIBILITY allocator(const allocator<_Up>&) _NOEXCEPT {}
[...]
        -: 4943:    template<class _Yp>
        -: 4944:        typename enable_if
        -: 4945:        <
        -: 4946:            is_convertible<_Yp*, element_type*>::value,
        -: 4947:            weak_ptr&
        -: 4948:        >::type
        -: 4949:        operator=(weak_ptr<_Yp> const& __r) _NOEXCEPT;
        -: 4950:
        -: 4951:#ifndef _LIBCPP_HAS_NO_RVALUE_REFERENCES
        -: 4952:
        -: 4953:    weak_ptr& operator=(weak_ptr&& __r) _NOEXCEPT;
        -: 4954:    template<class _Yp>
        -: 4955:        typename enable_if
        -: 4956:        <
        -: 4957:            is_convertible<_Yp*, element_type*>::value,
        -: 4958:            weak_ptr&
        -: 4959:        >::type
        -: 4960:        operator=(weak_ptr<_Yp>&& __r) _NOEXCEPT;
        -: 4961:
        -: 4962:#endif  // _LIBCPP_HAS_NO_RVALUE_REFERENCES
        -: 4963:
        -: 4964:    template<class _Yp>
        -: 4965:        typename enable_if
        -: 4966:        <
        -: 4967:            is_convertible<_Yp*, element_type*>::value,
        -: 4968:            weak_ptr&
        -: 4969:        >::type
        -: 4970:        operator=(shared_ptr<_Yp> const& __r) _NOEXCEPT;
        -: 4971:
        -: 4972:    void swap(weak_ptr& __r) _NOEXCEPT;
        -: 4973:    void reset() _NOEXCEPT;
        -: 4974:
        -: 4975:    _LIBCPP_INLINE_VISIBILITY
        -: 4976:    long use_count() const _NOEXCEPT
        -: 4977:        {return __cntrl_ ? __cntrl_->use_count() : 0;}
        -: 4978:    _LIBCPP_INLINE_VISIBILITY
        -: 4979:    bool expired() const _NOEXCEPT
        -: 4980:        {return __cntrl_ == 0 || __cntrl_->use_count() == 0;}
        -: 4981:    shared_ptr<_Tp> lock() const _NOEXCEPT;
        -: 4982:    template<class _Up>
        -: 4983:        _LIBCPP_INLINE_VISIBILITY
        -: 4984:        bool owner_before(const shared_ptr<_Up>& __r) const
        -: 4985:        {return __cntrl_ < __r.__cntrl_;}
        -: 4986:    template<class _Up>
        -: 4987:        _LIBCPP_INLINE_VISIBILITY
        -: 4988:        bool owner_before(const weak_ptr<_Up>& __r) const
        -: 4989:        {return __cntrl_ < __r.__cntrl_;}
        -: 4990:
        -: 4991:    template <class _Up> friend class _LIBCPP_TYPE_VIS_ONLY weak_ptr;
        -: 4992:    template <class _Up> friend class _LIBCPP_TYPE_VIS_ONLY shared_ptr;
        -: 4993:};
        -: 4994:
        -: 4995:template<class _Tp>
        -: 4996:inline _LIBCPP_INLINE_VISIBILITY
        -: 4997:_LIBCPP_CONSTEXPR
        -: 4998:weak_ptr<_Tp>::weak_ptr() _NOEXCEPT
        -: 4999:    : __ptr_(0),
        -: 5000:      __cntrl_(0)
        -: 5001:{
        -: 5002:}
        -: 5003:
        -: 5004:template<class _Tp>
        -: 5005:inline _LIBCPP_INLINE_VISIBILITY
        -: 5006:weak_ptr<_Tp>::weak_ptr(weak_ptr const& __r) _NOEXCEPT
        -: 5007:    : __ptr_(__r.__ptr_),
        -: 5008:      __cntrl_(__r.__cntrl_)
        -: 5009:{
        -: 5010:    if (__cntrl_)
        -: 5011:        __cntrl_->__add_weak();
        -: 5012:}
        -: 5013:
        -: 5014:template<class _Tp>
        -: 5015:template<class _Yp>
        -: 5016:inline _LIBCPP_INLINE_VISIBILITY
        -: 5017:weak_ptr<_Tp>::weak_ptr(shared_ptr<_Yp> const& __r,
        -: 5018:                        typename enable_if<is_convertible<_Yp*, _Tp*>::value, __nat*>::type)
        -: 5019:                         _NOEXCEPT
        -: 5020:    : __ptr_(__r.__ptr_),
        -: 5021:      __cntrl_(__r.__cntrl_)
        -: 5022:{
        -: 5023:    if (__cntrl_)
        -: 5024:        __cntrl_->__add_weak();
        -: 5025:}
        -: 5026:
        -: 5027:template<class _Tp>
        -: 5028:template<class _Yp>
        -: 5029:inline _LIBCPP_INLINE_VISIBILITY
        -: 5030:weak_ptr<_Tp>::weak_ptr(weak_ptr<_Yp> const& __r,
        -: 5031:                        typename enable_if<is_convertible<_Yp*, _Tp*>::value, __nat*>::type)
        -: 5032:         _NOEXCEPT
        -: 5033:    : __ptr_(__r.__ptr_),
        -: 5034:      __cntrl_(__r.__cntrl_)
        -: 5035:{
        -: 5036:    if (__cntrl_)
        -: 5037:        __cntrl_->__add_weak();
        -: 5038:}
        -: 5039:
        -: 5040:#ifndef _LIBCPP_HAS_NO_RVALUE_REFERENCES
        -: 5041:
        -: 5042:template<class _Tp>
        -: 5043:inline _LIBCPP_INLINE_VISIBILITY
        -: 5044:weak_ptr<_Tp>::weak_ptr(weak_ptr&& __r) _NOEXCEPT
        -: 5045:    : __ptr_(__r.__ptr_),
        -: 5046:      __cntrl_(__r.__cntrl_)
        -: 5047:{
        -: 5048:    __r.__ptr_ = 0;
        -: 5049:    __r.__cntrl_ = 0;
        -: 5050:}
        -: 5051:
        -: 5052:template<class _Tp>
        -: 5053:template<class _Yp>
        -: 5054:inline _LIBCPP_INLINE_VISIBILITY
        -: 5055:weak_ptr<_Tp>::weak_ptr(weak_ptr<_Yp>&& __r,
        -: 5056:                        typename enable_if<is_convertible<_Yp*, _Tp*>::value, __nat*>::type)
        -: 5057:         _NOEXCEPT
        -: 5058:    : __ptr_(__r.__ptr_),
        -: 5059:      __cntrl_(__r.__cntrl_)
        -: 5060:{
        -: 5061:    __r.__ptr_ = 0;
        -: 5062:    __r.__cntrl_ = 0;
        -: 5063:}
        -: 5064:
        -: 5065:#endif  // _LIBCPP_HAS_NO_RVALUE_REFERENCES
        -: 5066:
        -: 5067:template<class _Tp>
        -: 5068:weak_ptr<_Tp>::~weak_ptr()
        -: 5069:{
        -: 5070:    if (__cntrl_)
        -: 5071:        __cntrl_->__release_weak();
        -: 5072:}
        -: 5073:
        -: 5074:template<class _Tp>
        -: 5075:inline _LIBCPP_INLINE_VISIBILITY
        -: 5076:weak_ptr<_Tp>&
        -: 5077:weak_ptr<_Tp>::operator=(weak_ptr const& __r) _NOEXCEPT
        -: 5078:{
        -: 5079:    weak_ptr(__r).swap(*this);
        -: 5080:    return *this;
        -: 5081:}
        -: 5082:
        -: 5083:template<class _Tp>
        -: 5084:template<class _Yp>
        -: 5085:inline _LIBCPP_INLINE_VISIBILITY
        -: 5086:typename enable_if
        -: 5087:<
        -: 5088:    is_convertible<_Yp*, _Tp*>::value,
        -: 5089:    weak_ptr<_Tp>&
        -: 5090:>::type
        -: 5091:weak_ptr<_Tp>::operator=(weak_ptr<_Yp> const& __r) _NOEXCEPT
        -: 5092:{
        -: 5093:    weak_ptr(__r).swap(*this);
        -: 5094:    return *this;
        -: 5095:}
        -: 5096:
        -: 5097:#ifndef _LIBCPP_HAS_NO_RVALUE_REFERENCES
        -: 5098:
        -: 5099:template<class _Tp>
        -: 5100:inline _LIBCPP_INLINE_VISIBILITY
        -: 5101:weak_ptr<_Tp>&
        -: 5102:weak_ptr<_Tp>::operator=(weak_ptr&& __r) _NOEXCEPT
        -: 5103:{
        -: 5104:    weak_ptr(_VSTD::move(__r)).swap(*this);
        -: 5105:    return *this;
        -: 5106:}
        -: 5107:
        -: 5108:template<class _Tp>
        -: 5109:template<class _Yp>
        -: 5110:inline _LIBCPP_INLINE_VISIBILITY
        -: 5111:typename enable_if
        -: 5112:<
        -: 5113:    is_convertible<_Yp*, _Tp*>::value,
        -: 5114:    weak_ptr<_Tp>&
        -: 5115:>::type
        -: 5116:weak_ptr<_Tp>::operator=(weak_ptr<_Yp>&& __r) _NOEXCEPT
        -: 5117:{
        -: 5118:    weak_ptr(_VSTD::move(__r)).swap(*this);
        -: 5119:    return *this;
        -: 5120:}
        -: 5121:
        -: 5122:#endif  // _LIBCPP_HAS_NO_RVALUE_REFERENCES
        -: 5123:
        -: 5124:template<class _Tp>
        -: 5125:template<class _Yp>
        -: 5126:inline _LIBCPP_INLINE_VISIBILITY
        -: 5127:typename enable_if
        -: 5128:<
        -: 5129:    is_convertible<_Yp*, _Tp*>::value,
        -: 5130:    weak_ptr<_Tp>&
        -: 5131:>::type
        -: 5132:weak_ptr<_Tp>::operator=(shared_ptr<_Yp> const& __r) _NOEXCEPT
        -: 5133:{
        -: 5134:    weak_ptr(__r).swap(*this);
        -: 5135:    return *this;
        -: 5136:}
        -: 5137:
        -: 5138:template<class _Tp>
        -: 5139:inline _LIBCPP_INLINE_VISIBILITY
        -: 5140:void
        -: 5141:weak_ptr<_Tp>::swap(weak_ptr& __r) _NOEXCEPT
        -: 5142:{
        -: 5143:    _VSTD::swap(__ptr_, __r.__ptr_);
        -: 5144:    _VSTD::swap(__cntrl_, __r.__cntrl_);
        -: 5145:}
        -: 5146:
        -: 5147:template<class _Tp>
        -: 5148:inline _LIBCPP_INLINE_VISIBILITY
        -: 5149:void
        -: 5150:swap(weak_ptr<_Tp>& __x, weak_ptr<_Tp>& __y) _NOEXCEPT
        -: 5151:{
        -: 5152:    __x.swap(__y);
        -: 5153:}
        -: 5154:
        -: 5155:template<class _Tp>
        -: 5156:inline _LIBCPP_INLINE_VISIBILITY
        -: 5157:void
        -: 5158:weak_ptr<_Tp>::reset() _NOEXCEPT
        -: 5159:{
        -: 5160:    weak_ptr().swap(*this);
        -: 5161:}
        -: 5162:
        -: 5163:template<class _Tp>
        -: 5164:template<class _Yp>
        -: 5165:shared_ptr<_Tp>::shared_ptr(const weak_ptr<_Yp>& __r,
        -: 5166:                            typename enable_if<is_convertible<_Yp*, _Tp*>::value, __nat>::type)
        -: 5167:    : __ptr_(__r.__ptr_),
        -: 5168:      __cntrl_(__r.__cntrl_ ? __r.__cntrl_->lock() : __r.__cntrl_)
        -: 5169:{
        -: 5170:    if (__cntrl_ == 0)
        -: 5171:#ifndef _LIBCPP_NO_EXCEPTIONS
        -: 5172:        throw bad_weak_ptr();
        -: 5173:#else
        -: 5174:        assert(!"bad_weak_ptr");
        -: 5175:#endif
        -: 5176:}
        -: 5177:
        -: 5178:template<class _Tp>
        -: 5179:shared_ptr<_Tp>
        -: 5180:weak_ptr<_Tp>::lock() const _NOEXCEPT
        -: 5181:{
        -: 5182:    shared_ptr<_Tp> __r;
        -: 5183:    __r.__cntrl_ = __cntrl_ ? __cntrl_->lock() : __cntrl_;
        -: 5184:    if (__r.__cntrl_)
        -: 5185:        __r.__ptr_ = __ptr_;
        -: 5186:    return __r;
        -: 5187:}
        -: 5188:
        -: 5189:template <class _Tp> struct owner_less;
        -: 5190:
        -: 5191:template <class _Tp>
        -: 5192:struct _LIBCPP_TYPE_VIS_ONLY owner_less<shared_ptr<_Tp> >
        -: 5193:    : binary_function<shared_ptr<_Tp>, shared_ptr<_Tp>, bool>
        -: 5194:{
        -: 5195:    typedef bool result_type;
        -: 5196:    _LIBCPP_INLINE_VISIBILITY
        -: 5197:    bool operator()(shared_ptr<_Tp> const& __x, shared_ptr<_Tp> const& __y) const
        -: 5198:        {return __x.owner_before(__y);}
        -: 5199:    _LIBCPP_INLINE_VISIBILITY
        -: 5200:    bool operator()(shared_ptr<_Tp> const& __x,   weak_ptr<_Tp> const& __y) const
        -: 5201:        {return __x.owner_before(__y);}
        -: 5202:    _LIBCPP_INLINE_VISIBILITY
        -: 5203:    bool operator()(  weak_ptr<_Tp> const& __x, shared_ptr<_Tp> const& __y) const
        -: 5204:        {return __x.owner_before(__y);}
        -: 5205:};
        -: 5206:
        -: 5207:template <class _Tp>
        -: 5208:struct _LIBCPP_TYPE_VIS_ONLY owner_less<weak_ptr<_Tp> >
        -: 5209:    : binary_function<weak_ptr<_Tp>, weak_ptr<_Tp>, bool>
        -: 5210:{
        -: 5211:    typedef bool result_type;
        -: 5212:    _LIBCPP_INLINE_VISIBILITY
        -: 5213:    bool operator()(  weak_ptr<_Tp> const& __x,   weak_ptr<_Tp> const& __y) const
        -: 5214:        {return __x.owner_before(__y);}
        -: 5215:    _LIBCPP_INLINE_VISIBILITY
        -: 5216:    bool operator()(shared_ptr<_Tp> const& __x,   weak_ptr<_Tp> const& __y) const
        -: 5217:        {return __x.owner_before(__y);}
        -: 5218:    _LIBCPP_INLINE_VISIBILITY
        -: 5219:    bool operator()(  weak_ptr<_Tp> const& __x, shared_ptr<_Tp> const& __y) const
        -: 5220:        {return __x.owner_before(__y);}
        -: 5221:};
        -: 5222:
        -: 5223:template<class _Tp>
        -: 5224:class _LIBCPP_TYPE_VIS_ONLY enable_shared_from_this
        -: 5225:{
        -: 5226:    mutable weak_ptr<_Tp> __weak_this_;
        -: 5227:protected:
        -: 5228:    _LIBCPP_INLINE_VISIBILITY _LIBCPP_CONSTEXPR
        -: 5229:    enable_shared_from_this() _NOEXCEPT {}
        -: 5230:    _LIBCPP_INLINE_VISIBILITY
        -: 5231:    enable_shared_from_this(enable_shared_from_this const&) _NOEXCEPT {}
        -: 5232:    _LIBCPP_INLINE_VISIBILITY
        -: 5233:    enable_shared_from_this& operator=(enable_shared_from_this const&) _NOEXCEPT
        -: 5234:        {return *this;}
        -: 5235:    _LIBCPP_INLINE_VISIBILITY
        -: 5236:    ~enable_shared_from_this() {}
        -: 5237:public:
        -: 5238:    _LIBCPP_INLINE_VISIBILITY
        -: 5239:    shared_ptr<_Tp> shared_from_this()
        -: 5240:        {return shared_ptr<_Tp>(__weak_this_);}
        -: 5241:    _LIBCPP_INLINE_VISIBILITY
        -: 5242:    shared_ptr<_Tp const> shared_from_this() const
        -: 5243:        {return shared_ptr<const _Tp>(__weak_this_);}
        -: 5244:
        -: 5245:    template <class _Up> friend class shared_ptr;
        -: 5246:};
        -: 5247:
        -: 5248:template <class _Tp>
        -: 5249:struct _LIBCPP_TYPE_VIS_ONLY hash<shared_ptr<_Tp> >
        -: 5250:{
        -: 5251:    typedef shared_ptr<_Tp>      argument_type;
        -: 5252:    typedef size_t               result_type;
        -: 5253:    _LIBCPP_INLINE_VISIBILITY
        -: 5254:    result_type operator()(const argument_type& __ptr) const _NOEXCEPT
        -: 5255:    {
        -: 5256:        return hash<_Tp*>()(__ptr.get());
        -: 5257:    }
        -: 5258:};
        -: 5259:
        -: 5260:template<class _CharT, class _Traits, class _Yp>
        -: 5261:inline _LIBCPP_INLINE_VISIBILITY
        -: 5262:basic_ostream<_CharT, _Traits>&
        -: 5263:operator<<(basic_ostream<_CharT, _Traits>& __os, shared_ptr<_Yp> const& __p);
        -: 5264:
        -: 5265:#if __has_feature(cxx_atomic)
        -: 5266:
        -: 5267:class _LIBCPP_TYPE_VIS __sp_mut
        -: 5268:{
        -: 5269:    void* __lx;
        -: 5270:public:
        -: 5271:    void lock() _NOEXCEPT;
        -: 5272:    void unlock() _NOEXCEPT;
        -: 5273:
        -: 5274:private:
        -: 5275:    _LIBCPP_CONSTEXPR __sp_mut(void*) _NOEXCEPT;
        -: 5276:    __sp_mut(const __sp_mut&);
        -: 5277:    __sp_mut& operator=(const __sp_mut&);
        -: 5278:
        -: 5279:    friend _LIBCPP_FUNC_VIS __sp_mut& __get_sp_mut(const void*);
        -: 5280:};
        -: 5281:
        -: 5282:_LIBCPP_FUNC_VIS __sp_mut& __get_sp_mut(const void*);
        -: 5283:
        -: 5284:template <class _Tp>
        -: 5285:inline _LIBCPP_INLINE_VISIBILITY
        -: 5286:bool
        -: 5287:atomic_is_lock_free(const shared_ptr<_Tp>*)
        -: 5288:{
        -: 5289:    return false;
        -: 5290:}
        -: 5291:
        -: 5292:template <class _Tp>
        -: 5293:shared_ptr<_Tp>
        -: 5294:atomic_load(const shared_ptr<_Tp>* __p)
        -: 5295:{
        -: 5296:    __sp_mut& __m = __get_sp_mut(__p);
        -: 5297:    __m.lock();
        -: 5298:    shared_ptr<_Tp> __q = *__p;
        -: 5299:    __m.unlock();
        -: 5300:    return __q;
        -: 5301:}
        -: 5302:  
        -: 5303:template <class _Tp>
        -: 5304:inline _LIBCPP_INLINE_VISIBILITY
        -: 5305:shared_ptr<_Tp>
        -: 5306:atomic_load_explicit(const shared_ptr<_Tp>* __p, memory_order)
        -: 5307:{
        -: 5308:    return atomic_load(__p);
        -: 5309:}
        -: 5310:
        -: 5311:template <class _Tp>
        -: 5312:void
        -: 5313:atomic_store(shared_ptr<_Tp>* __p, shared_ptr<_Tp> __r)
        -: 5314:{
        -: 5315:    __sp_mut& __m = __get_sp_mut(__p);
        -: 5316:    __m.lock();
        -: 5317:    __p->swap(__r);
        -: 5318:    __m.unlock();
        -: 5319:}
        -: 5320:
        -: 5321:template <class _Tp>
        -: 5322:inline _LIBCPP_INLINE_VISIBILITY
        -: 5323:void
        -: 5324:atomic_store_explicit(shared_ptr<_Tp>* __p, shared_ptr<_Tp> __r, memory_order)
        -: 5325:{
        -: 5326:    atomic_store(__p, __r);
        -: 5327:}
        -: 5328:
        -: 5329:template <class _Tp>
        -: 5330:shared_ptr<_Tp>
        -: 5331:atomic_exchange(shared_ptr<_Tp>* __p, shared_ptr<_Tp> __r)
        -: 5332:{
        -: 5333:    __sp_mut& __m = __get_sp_mut(__p);
        -: 5334:    __m.lock();
        -: 5335:    __p->swap(__r);
        -: 5336:    __m.unlock();
        -: 5337:    return __r;
        -: 5338:}
        -: 5339:  
        -: 5340:template <class _Tp>
        -: 5341:inline _LIBCPP_INLINE_VISIBILITY
        -: 5342:shared_ptr<_Tp>
        -: 5343:atomic_exchange_explicit(shared_ptr<_Tp>* __p, shared_ptr<_Tp> __r, memory_order)
        -: 5344:{
        -: 5345:    return atomic_exchange(__p, __r);
        -: 5346:}
        -: 5347:
        -: 5348:template <class _Tp>
        -: 5349:bool
        -: 5350:atomic_compare_exchange_strong(shared_ptr<_Tp>* __p, shared_ptr<_Tp>* __v, shared_ptr<_Tp> __w)
        -: 5351:{
        -: 5352:    __sp_mut& __m = __get_sp_mut(__p);
        -: 5353:    __m.lock();
        -: 5354:    if (__p->__owner_equivalent(*__v))
        -: 5355:    {
        -: 5356:        *__p = __w;
        -: 5357:        __m.unlock();
        -: 5358:        return true;
        -: 5359:    }
        -: 5360:    *__v = *__p;
        -: 5361:    __m.unlock();
        -: 5362:    return false;
        -: 5363:}
        -: 5364:
        -: 5365:template <class _Tp>
        -: 5366:inline _LIBCPP_INLINE_VISIBILITY
        -: 5367:bool
        -: 5368:atomic_compare_exchange_weak(shared_ptr<_Tp>* __p, shared_ptr<_Tp>* __v, shared_ptr<_Tp> __w)
        -: 5369:{
        -: 5370:    return atomic_compare_exchange_strong(__p, __v, __w);
        -: 5371:}
        -: 5372:
        -: 5373:template <class _Tp>
        -: 5374:inline _LIBCPP_INLINE_VISIBILITY
        -: 5375:bool
        -: 5376:atomic_compare_exchange_strong_explicit(shared_ptr<_Tp>* __p, shared_ptr<_Tp>* __v,
        -: 5377:                                        shared_ptr<_Tp> __w, memory_order, memory_order)
        -: 5378:{
        -: 5379:    return atomic_compare_exchange_strong(__p, __v, __w);
        -: 5380:}
        -: 5381:
        -: 5382:template <class _Tp>
        -: 5383:inline _LIBCPP_INLINE_VISIBILITY
        -: 5384:bool
        -: 5385:atomic_compare_exchange_weak_explicit(shared_ptr<_Tp>* __p, shared_ptr<_Tp>* __v,
        -: 5386:                                      shared_ptr<_Tp> __w, memory_order, memory_order)
        -: 5387:{
        -: 5388:    return atomic_compare_exchange_weak(__p, __v, __w);
        -: 5389:}
        -: 5390:
        -: 5391:#endif  // __has_feature(cxx_atomic)
        -: 5392:
        -: 5393://enum class
        -: 5394:struct _LIBCPP_TYPE_VIS pointer_safety
        -: 5395:{
        -: 5396:    enum __lx
        -: 5397:    {
        -: 5398:        relaxed,
        -: 5399:        preferred,
        -: 5400:        strict
        -: 5401:    };
        -: 5402:
        -: 5403:    __lx __v_;
        -: 5404:
        -: 5405:    _LIBCPP_INLINE_VISIBILITY
        -: 5406:    pointer_safety(__lx __v) : __v_(__v) {}
        -: 5407:    _LIBCPP_INLINE_VISIBILITY
        -: 5408:    operator int() const {return __v_;}
        -: 5409:};
        -: 5410:
        -: 5411:_LIBCPP_FUNC_VIS void declare_reachable(void* __p);
        -: 5412:_LIBCPP_FUNC_VIS void declare_no_pointers(char* __p, size_t __n);
        -: 5413:_LIBCPP_FUNC_VIS void undeclare_no_pointers(char* __p, size_t __n);
        -: 5414:_LIBCPP_FUNC_VIS pointer_safety get_pointer_safety() _NOEXCEPT;
        -: 5415:_LIBCPP_FUNC_VIS void* __undeclare_reachable(void* __p);
        -: 5416:
        -: 5417:template <class _Tp>
        -: 5418:inline _LIBCPP_INLINE_VISIBILITY
        -: 5419:_Tp*
        -: 5420:undeclare_reachable(_Tp* __p)
        -: 5421:{
        -: 5422:    return static_cast<_Tp*>(__undeclare_reachable(__p));
        -: 5423:}
        -: 5424:
        -: 5425:_LIBCPP_FUNC_VIS void* align(size_t __align, size_t __sz, void*& __ptr, size_t& __space);
        -: 5426:
        -: 5427:_LIBCPP_END_NAMESPACE_STD
        -: 5428:
        -: 5429:#endif  // _LIBCPP_MEMORY
