        -:    0:Source:/Applications/Xcode.app/Contents/Developer/Toolchains/XcodeDefault.xctoolchain/usr/bin/../include/c++/v1/string
        -:    0:Graph:TestCollatz.gcno
        -:    0:Data:TestCollatz.gcda
        -:    0:Runs:1
        -:    0:Programs:1
        -:    1:// -*- C++ -*-
        -:    2://===--------------------------- string -----------------------------------===//
        -:    3://
        -:    4://                     The LLVM Compiler Infrastructure
        -:    5://
        -:    6:// This file is distributed under the University of Illinois Open Source
        -:    7:// License. See LICENSE.TXT for details.
        -:    8://
        -:    9://===----------------------------------------------------------------------===//
        -:   10:
        -:   11:#ifndef _LIBCPP_STRING
        -:   12:#define _LIBCPP_STRING
        -:   13:
        -:   14:/*
        -:   15:    string synopsis
        -:   16:
        -:   17:namespace std
        -:   18:{
        -:   19:
        -:   20:template <class stateT>
        -:   21:class fpos
        -:   22:{
        -:   23:private:
        -:   24:    stateT st;
        -:   25:public:
        -:   26:    fpos(streamoff = streamoff());
        -:   27:
        -:   28:    operator streamoff() const;
        -:   29:
        -:   30:    stateT state() const;
        -:   31:    void state(stateT);
        -:   32:
        -:   33:    fpos& operator+=(streamoff);
        -:   34:    fpos  operator+ (streamoff) const;
        -:   35:    fpos& operator-=(streamoff);
        -:   36:    fpos  operator- (streamoff) const;
        -:   37:};
        -:   38:
        -:   39:template <class stateT> streamoff operator-(const fpos<stateT>& x, const fpos<stateT>& y);
        -:   40:
        -:   41:template <class stateT> bool operator==(const fpos<stateT>& x, const fpos<stateT>& y);
        -:   42:template <class stateT> bool operator!=(const fpos<stateT>& x, const fpos<stateT>& y);
        -:   43:
        -:   44:template <class charT>
        -:   45:struct char_traits
        -:   46:{
        -:   47:    typedef charT     char_type;
        -:   48:    typedef ...       int_type;
        -:   49:    typedef streamoff off_type;
        -:   50:    typedef streampos pos_type;
        -:   51:    typedef mbstate_t state_type;
        -:   52:
        -:   53:    static void assign(char_type& c1, const char_type& c2) noexcept;
        -:   54:    static constexpr bool eq(char_type c1, char_type c2) noexcept;
        -:   55:    static constexpr bool lt(char_type c1, char_type c2) noexcept;
        -:   56:
        -:   57:    static int              compare(const char_type* s1, const char_type* s2, size_t n);
        -:   58:    static size_t           length(const char_type* s);
        -:   59:    static const char_type* find(const char_type* s, size_t n, const char_type& a);
        -:   60:    static char_type*       move(char_type* s1, const char_type* s2, size_t n);
        -:   61:    static char_type*       copy(char_type* s1, const char_type* s2, size_t n);
        -:   62:    static char_type*       assign(char_type* s, size_t n, char_type a);
        -:   63:
        -:   64:    static constexpr int_type  not_eof(int_type c) noexcept;
        -:   65:    static constexpr char_type to_char_type(int_type c) noexcept;
        -:   66:    static constexpr int_type  to_int_type(char_type c) noexcept;
        -:   67:    static constexpr bool      eq_int_type(int_type c1, int_type c2) noexcept;
        -:   68:    static constexpr int_type  eof() noexcept;
        -:   69:};
        -:   70:
        -:   71:template <> struct char_traits<char>;
        -:   72:template <> struct char_traits<wchar_t>;
        -:   73:
        -:   74:template<class charT, class traits = char_traits<charT>, class Allocator = allocator<charT> >
        -:   75:class basic_string
        -:   76:{
        -:   77:public:
        -:   78:// types:
        -:   79:    typedef traits traits_type;
        -:   80:    typedef typename traits_type::char_type value_type;
        -:   81:    typedef Allocator allocator_type;
        -:   82:    typedef typename allocator_type::size_type size_type;
        -:   83:    typedef typename allocator_type::difference_type difference_type;
        -:   84:    typedef typename allocator_type::reference reference;
        -:   85:    typedef typename allocator_type::const_reference const_reference;
        -:   86:    typedef typename allocator_type::pointer pointer;
        -:   87:    typedef typename allocator_type::const_pointer const_pointer;
        -:   88:    typedef implementation-defined iterator;
        -:   89:    typedef implementation-defined const_iterator;
        -:   90:    typedef std::reverse_iterator<iterator> reverse_iterator;
        -:   91:    typedef std::reverse_iterator<const_iterator> const_reverse_iterator;
        -:   92:
        -:   93:    static const size_type npos = -1;
        -:   94:
        -:   95:    basic_string()
        -:   96:        noexcept(is_nothrow_default_constructible<allocator_type>::value);
        -:   97:    explicit basic_string(const allocator_type& a);
        -:   98:    basic_string(const basic_string& str);
        -:   99:    basic_string(basic_string&& str)
        -:  100:        noexcept(is_nothrow_move_constructible<allocator_type>::value);
        -:  101:    basic_string(const basic_string& str, size_type pos, size_type n = npos,
        -:  102:                 const allocator_type& a = allocator_type());
        -:  103:    basic_string(const value_type* s, const allocator_type& a = allocator_type());
        -:  104:    basic_string(const value_type* s, size_type n, const allocator_type& a = allocator_type());
        -:  105:    basic_string(size_type n, value_type c, const allocator_type& a = allocator_type());
        -:  106:    template<class InputIterator>
        -:  107:        basic_string(InputIterator begin, InputIterator end,
        -:  108:                     const allocator_type& a = allocator_type());
        -:  109:    basic_string(initializer_list<value_type>, const Allocator& = Allocator());
        -:  110:    basic_string(const basic_string&, const Allocator&);
        -:  111:    basic_string(basic_string&&, const Allocator&);
        -:  112:
        -:  113:    ~basic_string();
        -:  114:
        -:  115:    basic_string& operator=(const basic_string& str);
        -:  116:    basic_string& operator=(basic_string&& str)
        -:  117:        noexcept(
        -:  118:             allocator_type::propagate_on_container_move_assignment::value &&
        -:  119:             is_nothrow_move_assignable<allocator_type>::value);
        -:  120:    basic_string& operator=(const value_type* s);
        -:  121:    basic_string& operator=(value_type c);
        -:  122:    basic_string& operator=(initializer_list<value_type>);
        -:  123:
        -:  124:    iterator       begin() noexcept;
        -:  125:    const_iterator begin() const noexcept;
        -:  126:    iterator       end() noexcept;
        -:  127:    const_iterator end() const noexcept;
        -:  128:
        -:  129:    reverse_iterator       rbegin() noexcept;
        -:  130:    const_reverse_iterator rbegin() const noexcept;
        -:  131:    reverse_iterator       rend() noexcept;
        -:  132:    const_reverse_iterator rend() const noexcept;
        -:  133:
        -:  134:    const_iterator         cbegin() const noexcept;
        -:  135:    const_iterator         cend() const noexcept;
        -:  136:    const_reverse_iterator crbegin() const noexcept;
        -:  137:    const_reverse_iterator crend() const noexcept;
        -:  138:
        -:  139:    size_type size() const noexcept;
        -:  140:    size_type length() const noexcept;
        -:  141:    size_type max_size() const noexcept;
        -:  142:    size_type capacity() const noexcept;
        -:  143:
        -:  144:    void resize(size_type n, value_type c);
        -:  145:    void resize(size_type n);
        -:  146:
        -:  147:    void reserve(size_type res_arg = 0);
        -:  148:    void shrink_to_fit();
        -:  149:    void clear() noexcept;
        -:  150:    bool empty() const noexcept;
        -:  151:
        -:  152:    const_reference operator[](size_type pos) const;
        -:  153:    reference       operator[](size_type pos);
        -:  154:
        -:  155:    const_reference at(size_type n) const;
        -:  156:    reference       at(size_type n);
        -:  157:
        -:  158:    basic_string& operator+=(const basic_string& str);
        -:  159:    basic_string& operator+=(const value_type* s);
        -:  160:    basic_string& operator+=(value_type c);
        -:  161:    basic_string& operator+=(initializer_list<value_type>);
        -:  162:
        -:  163:    basic_string& append(const basic_string& str);
        -:  164:    basic_string& append(const basic_string& str, size_type pos, size_type n=npos); //C++14
        -:  165:    basic_string& append(const value_type* s, size_type n);
        -:  166:    basic_string& append(const value_type* s);
        -:  167:    basic_string& append(size_type n, value_type c);
        -:  168:    template<class InputIterator>
        -:  169:        basic_string& append(InputIterator first, InputIterator last);
        -:  170:    basic_string& append(initializer_list<value_type>);
        -:  171:
        -:  172:    void push_back(value_type c);
        -:  173:    void pop_back();
        -:  174:    reference       front();
        -:  175:    const_reference front() const;
        -:  176:    reference       back();
        -:  177:    const_reference back() const;
        -:  178:
        -:  179:    basic_string& assign(const basic_string& str);
        -:  180:    basic_string& assign(basic_string&& str);
        -:  181:    basic_string& assign(const basic_string& str, size_type pos, size_type n=npos); // C++14
        -:  182:    basic_string& assign(const value_type* s, size_type n);
        -:  183:    basic_string& assign(const value_type* s);
        -:  184:    basic_string& assign(size_type n, value_type c);
        -:  185:    template<class InputIterator>
        -:  186:        basic_string& assign(InputIterator first, InputIterator last);
        -:  187:    basic_string& assign(initializer_list<value_type>);
        -:  188:
        -:  189:    basic_string& insert(size_type pos1, const basic_string& str);
        -:  190:    basic_string& insert(size_type pos1, const basic_string& str,
        -:  191:                         size_type pos2, size_type n);
        -:  192:    basic_string& insert(size_type pos, const value_type* s, size_type n=npos); //C++14
        -:  193:    basic_string& insert(size_type pos, const value_type* s);
        -:  194:    basic_string& insert(size_type pos, size_type n, value_type c);
        -:  195:    iterator      insert(const_iterator p, value_type c);
        -:  196:    iterator      insert(const_iterator p, size_type n, value_type c);
        -:  197:    template<class InputIterator>
        -:  198:        iterator insert(const_iterator p, InputIterator first, InputIterator last);
        -:  199:    iterator      insert(const_iterator p, initializer_list<value_type>);
        -:  200:
        -:  201:    basic_string& erase(size_type pos = 0, size_type n = npos);
        -:  202:    iterator      erase(const_iterator position);
        -:  203:    iterator      erase(const_iterator first, const_iterator last);
        -:  204:
        -:  205:    basic_string& replace(size_type pos1, size_type n1, const basic_string& str);
        -:  206:    basic_string& replace(size_type pos1, size_type n1, const basic_string& str,
        -:  207:                          size_type pos2, size_type n2=npos); // C++14
        -:  208:    basic_string& replace(size_type pos, size_type n1, const value_type* s, size_type n2);
        -:  209:    basic_string& replace(size_type pos, size_type n1, const value_type* s);
        -:  210:    basic_string& replace(size_type pos, size_type n1, size_type n2, value_type c);
        -:  211:    basic_string& replace(const_iterator i1, const_iterator i2, const basic_string& str);
        -:  212:    basic_string& replace(const_iterator i1, const_iterator i2, const value_type* s, size_type n);
        -:  213:    basic_string& replace(const_iterator i1, const_iterator i2, const value_type* s);
        -:  214:    basic_string& replace(const_iterator i1, const_iterator i2, size_type n, value_type c);
        -:  215:    template<class InputIterator>
        -:  216:        basic_string& replace(const_iterator i1, const_iterator i2, InputIterator j1, InputIterator j2);
        -:  217:    basic_string& replace(const_iterator i1, const_iterator i2, initializer_list<value_type>);
        -:  218:
        -:  219:    size_type copy(value_type* s, size_type n, size_type pos = 0) const;
        -:  220:    basic_string substr(size_type pos = 0, size_type n = npos) const;
        -:  221:
        -:  222:    void swap(basic_string& str)
        -:  223:        noexcept(!allocator_type::propagate_on_container_swap::value ||
        -:  224:                 __is_nothrow_swappable<allocator_type>::value)
        -:  225:
        -:  226:    const value_type* c_str() const noexcept;
        -:  227:    const value_type* data() const noexcept;
        -:  228:
        -:  229:    allocator_type get_allocator() const noexcept;
        -:  230:
        -:  231:    size_type find(const basic_string& str, size_type pos = 0) const noexcept;
        -:  232:    size_type find(const value_type* s, size_type pos, size_type n) const noexcept;
        -:  233:    size_type find(const value_type* s, size_type pos = 0) const noexcept;
        -:  234:    size_type find(value_type c, size_type pos = 0) const noexcept;
        -:  235:
        -:  236:    size_type rfind(const basic_string& str, size_type pos = npos) const noexcept;
        -:  237:    size_type rfind(const value_type* s, size_type pos, size_type n) const noexcept;
        -:  238:    size_type rfind(const value_type* s, size_type pos = npos) const noexcept;
        -:  239:    size_type rfind(value_type c, size_type pos = npos) const noexcept;
        -:  240:
        -:  241:    size_type find_first_of(const basic_string& str, size_type pos = 0) const noexcept;
        -:  242:    size_type find_first_of(const value_type* s, size_type pos, size_type n) const noexcept;
        -:  243:    size_type find_first_of(const value_type* s, size_type pos = 0) const noexcept;
        -:  244:    size_type find_first_of(value_type c, size_type pos = 0) const noexcept;
        -:  245:
        -:  246:    size_type find_last_of(const basic_string& str, size_type pos = npos) const noexcept;
        -:  247:    size_type find_last_of(const value_type* s, size_type pos, size_type n) const noexcept;
        -:  248:    size_type find_last_of(const value_type* s, size_type pos = npos) const noexcept;
        -:  249:    size_type find_last_of(value_type c, size_type pos = npos) const noexcept;
        -:  250:
        -:  251:    size_type find_first_not_of(const basic_string& str, size_type pos = 0) const noexcept;
        -:  252:    size_type find_first_not_of(const value_type* s, size_type pos, size_type n) const noexcept;
        -:  253:    size_type find_first_not_of(const value_type* s, size_type pos = 0) const noexcept;
        -:  254:    size_type find_first_not_of(value_type c, size_type pos = 0) const noexcept;
        -:  255:
        -:  256:    size_type find_last_not_of(const basic_string& str, size_type pos = npos) const noexcept;
        -:  257:    size_type find_last_not_of(const value_type* s, size_type pos, size_type n) const noexcept;
        -:  258:    size_type find_last_not_of(const value_type* s, size_type pos = npos) const noexcept;
        -:  259:    size_type find_last_not_of(value_type c, size_type pos = npos) const noexcept;
        -:  260:
        -:  261:    int compare(const basic_string& str) const noexcept;
        -:  262:    int compare(size_type pos1, size_type n1, const basic_string& str) const;
        -:  263:    int compare(size_type pos1, size_type n1, const basic_string& str,
        -:  264:                size_type pos2, size_type n2=npos) const; // C++14
        -:  265:    int compare(const value_type* s) const noexcept;
        -:  266:    int compare(size_type pos1, size_type n1, const value_type* s) const;
        -:  267:    int compare(size_type pos1, size_type n1, const value_type* s, size_type n2) const;
        -:  268:
        -:  269:    bool __invariants() const;
        -:  270:};
        -:  271:
        -:  272:template<class charT, class traits, class Allocator>
        -:  273:basic_string<charT, traits, Allocator>
        -:  274:operator+(const basic_string<charT, traits, Allocator>& lhs,
        -:  275:          const basic_string<charT, traits, Allocator>& rhs);
        -:  276:
        -:  277:template<class charT, class traits, class Allocator>
        -:  278:basic_string<charT, traits, Allocator>
        -:  279:operator+(const charT* lhs , const basic_string<charT,traits,Allocator>&rhs);
        -:  280:
        -:  281:template<class charT, class traits, class Allocator>
        -:  282:basic_string<charT, traits, Allocator>
        -:  283:operator+(charT lhs, const basic_string<charT,traits,Allocator>& rhs);
        -:  284:
        -:  285:template<class charT, class traits, class Allocator>
        -:  286:basic_string<charT, traits, Allocator>
        -:  287:operator+(const basic_string<charT, traits, Allocator>& lhs, const charT* rhs);
        -:  288:
        -:  289:template<class charT, class traits, class Allocator>
        -:  290:basic_string<charT, traits, Allocator>
        -:  291:operator+(const basic_string<charT, traits, Allocator>& lhs, charT rhs);
        -:  292:
        -:  293:template<class charT, class traits, class Allocator>
        -:  294:bool operator==(const basic_string<charT, traits, Allocator>& lhs,
        -:  295:                const basic_string<charT, traits, Allocator>& rhs) noexcept;
        -:  296:
        -:  297:template<class charT, class traits, class Allocator>
        -:  298:bool operator==(const charT* lhs, const basic_string<charT, traits, Allocator>& rhs) noexcept;
        -:  299:
        -:  300:template<class charT, class traits, class Allocator>
        -:  301:bool operator==(const basic_string<charT,traits,Allocator>& lhs, const charT* rhs) noexcept;
        -:  302:
        -:  303:template<class charT, class traits, class Allocator>
        -:  304:bool operator!=(const basic_string<charT,traits,Allocator>& lhs,
        -:  305:                const basic_string<charT, traits, Allocator>& rhs) noexcept;
        -:  306:
        -:  307:template<class charT, class traits, class Allocator>
        -:  308:bool operator!=(const charT* lhs, const basic_string<charT, traits, Allocator>& rhs) noexcept;
        -:  309:
        -:  310:template<class charT, class traits, class Allocator>
        -:  311:bool operator!=(const basic_string<charT, traits, Allocator>& lhs, const charT* rhs) noexcept;
        -:  312:
        -:  313:template<class charT, class traits, class Allocator>
        -:  314:bool operator< (const basic_string<charT, traits, Allocator>& lhs,
        -:  315:                const basic_string<charT, traits, Allocator>& rhs) noexcept;
        -:  316:
        -:  317:template<class charT, class traits, class Allocator>
        -:  318:bool operator< (const basic_string<charT, traits, Allocator>& lhs, const charT* rhs) noexcept;
        -:  319:
        -:  320:template<class charT, class traits, class Allocator>
        -:  321:bool operator< (const charT* lhs, const basic_string<charT, traits, Allocator>& rhs) noexcept;
        -:  322:
        -:  323:template<class charT, class traits, class Allocator>
        -:  324:bool operator> (const basic_string<charT, traits, Allocator>& lhs,
        -:  325:                const basic_string<charT, traits, Allocator>& rhs) noexcept;
        -:  326:
        -:  327:template<class charT, class traits, class Allocator>
        -:  328:bool operator> (const basic_string<charT, traits, Allocator>& lhs, const charT* rhs) noexcept;
        -:  329:
        -:  330:template<class charT, class traits, class Allocator>
        -:  331:bool operator> (const charT* lhs, const basic_string<charT, traits, Allocator>& rhs) noexcept;
        -:  332:
        -:  333:template<class charT, class traits, class Allocator>
        -:  334:bool operator<=(const basic_string<charT, traits, Allocator>& lhs,
        -:  335:                const basic_string<charT, traits, Allocator>& rhs) noexcept;
        -:  336:
        -:  337:template<class charT, class traits, class Allocator>
        -:  338:bool operator<=(const basic_string<charT, traits, Allocator>& lhs, const charT* rhs) noexcept;
        -:  339:
        -:  340:template<class charT, class traits, class Allocator>
        -:  341:bool operator<=(const charT* lhs, const basic_string<charT, traits, Allocator>& rhs) noexcept;
        -:  342:
        -:  343:template<class charT, class traits, class Allocator>
        -:  344:bool operator>=(const basic_string<charT, traits, Allocator>& lhs,
        -:  345:                const basic_string<charT, traits, Allocator>& rhs) noexcept;
        -:  346:
        -:  347:template<class charT, class traits, class Allocator>
        -:  348:bool operator>=(const basic_string<charT, traits, Allocator>& lhs, const charT* rhs) noexcept;
        -:  349:
        -:  350:template<class charT, class traits, class Allocator>
        -:  351:bool operator>=(const charT* lhs, const basic_string<charT, traits, Allocator>& rhs) noexcept;
        -:  352:
        -:  353:template<class charT, class traits, class Allocator>
        -:  354:void swap(basic_string<charT, traits, Allocator>& lhs,
        -:  355:          basic_string<charT, traits, Allocator>& rhs)
        -:  356:            noexcept(noexcept(lhs.swap(rhs)));
        -:  357:
        -:  358:template<class charT, class traits, class Allocator>
        -:  359:basic_istream<charT, traits>&
        -:  360:operator>>(basic_istream<charT, traits>& is, basic_string<charT, traits, Allocator>& str);
        -:  361:
        -:  362:template<class charT, class traits, class Allocator>
        -:  363:basic_ostream<charT, traits>&
        -:  364:operator<<(basic_ostream<charT, traits>& os, const basic_string<charT, traits, Allocator>& str);
        -:  365:
        -:  366:template<class charT, class traits, class Allocator>
        -:  367:basic_istream<charT, traits>&
        -:  368:getline(basic_istream<charT, traits>& is, basic_string<charT, traits, Allocator>& str,
        -:  369:        charT delim);
        -:  370:
        -:  371:template<class charT, class traits, class Allocator>
        -:  372:basic_istream<charT, traits>&
        -:  373:getline(basic_istream<charT, traits>& is, basic_string<charT, traits, Allocator>& str);
        -:  374:
        -:  375:typedef basic_string<char>    string;
        -:  376:typedef basic_string<wchar_t> wstring;
        -:  377:typedef basic_string<char16_t> u16string;
        -:  378:typedef basic_string<char32_t> u32string;
        -:  379:
        -:  380:int                stoi  (const string& str, size_t* idx = 0, int base = 10);
        -:  381:long               stol  (const string& str, size_t* idx = 0, int base = 10);
        -:  382:unsigned long      stoul (const string& str, size_t* idx = 0, int base = 10);
        -:  383:long long          stoll (const string& str, size_t* idx = 0, int base = 10);
        -:  384:unsigned long long stoull(const string& str, size_t* idx = 0, int base = 10);
        -:  385:
        -:  386:float       stof (const string& str, size_t* idx = 0);
        -:  387:double      stod (const string& str, size_t* idx = 0);
        -:  388:long double stold(const string& str, size_t* idx = 0);
        -:  389:
        -:  390:string to_string(int val);
        -:  391:string to_string(unsigned val);
        -:  392:string to_string(long val);
        -:  393:string to_string(unsigned long val);
        -:  394:string to_string(long long val);
        -:  395:string to_string(unsigned long long val);
        -:  396:string to_string(float val);
        -:  397:string to_string(double val);
        -:  398:string to_string(long double val);
        -:  399:
        -:  400:int                stoi  (const wstring& str, size_t* idx = 0, int base = 10);
        -:  401:long               stol  (const wstring& str, size_t* idx = 0, int base = 10);
        -:  402:unsigned long      stoul (const wstring& str, size_t* idx = 0, int base = 10);
        -:  403:long long          stoll (const wstring& str, size_t* idx = 0, int base = 10);
        -:  404:unsigned long long stoull(const wstring& str, size_t* idx = 0, int base = 10);
        -:  405:
        -:  406:float       stof (const wstring& str, size_t* idx = 0);
        -:  407:double      stod (const wstring& str, size_t* idx = 0);
        -:  408:long double stold(const wstring& str, size_t* idx = 0);
        -:  409:
        -:  410:wstring to_wstring(int val);
        -:  411:wstring to_wstring(unsigned val);
        -:  412:wstring to_wstring(long val);
        -:  413:wstring to_wstring(unsigned long val);
        -:  414:wstring to_wstring(long long val);
        -:  415:wstring to_wstring(unsigned long long val);
        -:  416:wstring to_wstring(float val);
        -:  417:wstring to_wstring(double val);
        -:  418:wstring to_wstring(long double val);
        -:  419:
        -:  420:template <> struct hash<string>;
        -:  421:template <> struct hash<u16string>;
        -:  422:template <> struct hash<u32string>;
        -:  423:template <> struct hash<wstring>;
        -:  424:
        -:  425:basic_string<char>     operator "" s( const char *str,     size_t len ); // C++14
        -:  426:basic_string<wchar_t>  operator "" s( const wchar_t *str,  size_t len ); // C++14
        -:  427:basic_string<char16_t> operator "" s( const char16_t *str, size_t len ); // C++14
        -:  428:basic_string<char32_t> operator "" s( const char32_t *str, size_t len ); // C++14
        -:  429:
        -:  430:}  // std
        -:  431:
        -:  432:*/
        -:  433:
        -:  434:#include <__config>
        -:  435:#include <iosfwd>
        -:  436:#include <cstring>
        -:  437:#include <cstdio>  // For EOF.
        -:  438:#include <cwchar>
        -:  439:#include <algorithm>
        -:  440:#include <iterator>
        -:  441:#include <utility>
        -:  442:#include <memory>
        -:  443:#include <stdexcept>
        -:  444:#include <type_traits>
        -:  445:#include <initializer_list>
        -:  446:#include <__functional_base>
        -:  447:#ifndef _LIBCPP_HAS_NO_UNICODE_CHARS
        -:  448:#include <cstdint>
        -:  449:#endif
        -:  450:#if defined(_LIBCPP_NO_EXCEPTIONS)
        -:  451:#include <cassert>
        -:  452:#endif
        -:  453:
        -:  454:#include <__undef_min_max>
        -:  455:
        -:  456:#include <__debug>
        -:  457:
        -:  458:#if !defined(_LIBCPP_HAS_NO_PRAGMA_SYSTEM_HEADER)
        -:  459:#pragma GCC system_header
        -:  460:#endif
        -:  461:
        -:  462:_LIBCPP_BEGIN_NAMESPACE_STD
        -:  463:
        -:  464:// fpos
        -:  465:
        -:  466:template <class _StateT>
        -:  467:class _LIBCPP_TYPE_VIS_ONLY fpos
        -:  468:{
        -:  469:private:
        -:  470:    _StateT __st_;
        -:  471:    streamoff __off_;
        -:  472:public:
function _ZNSt3__14fposI11__mbstate_tEC1Ex called 0 returned 0% blocks executed 0%
function _ZNSt3__14fposI11__mbstate_tEC2Ex called 0 returned 0% blocks executed 0%
    #####:  473:    _LIBCPP_INLINE_VISIBILITY fpos(streamoff __off = streamoff()) : __st_(), __off_(__off) {}
        -:  474:
function _ZNKSt3__14fposI11__mbstate_tEcvxEv called 0 returned 0% blocks executed 0%
    #####:  475:    _LIBCPP_INLINE_VISIBILITY operator streamoff() const {return __off_;}
        -:  476:
        -:  477:    _LIBCPP_INLINE_VISIBILITY _StateT state() const {return __st_;}
        -:  478:    _LIBCPP_INLINE_VISIBILITY void state(_StateT __st) {__st_ = __st;}
        -:  479:
        -:  480:    _LIBCPP_INLINE_VISIBILITY fpos& operator+=(streamoff __off) {__off_ += __off; return *this;}
        -:  481:    _LIBCPP_INLINE_VISIBILITY fpos  operator+ (streamoff __off) const {fpos __t(*this); __t += __off; return __t;}
        -:  482:    _LIBCPP_INLINE_VISIBILITY fpos& operator-=(streamoff __off) {__off_ -= __off; return *this;}
        -:  483:    _LIBCPP_INLINE_VISIBILITY fpos  operator- (streamoff __off) const {fpos __t(*this); __t -= __off; return __t;}
        -:  484:};
        -:  485:
        -:  486:template <class _StateT>
        -:  487:inline _LIBCPP_INLINE_VISIBILITY
        -:  488:streamoff operator-(const fpos<_StateT>& __x, const fpos<_StateT>& __y)
        -:  489:    {return streamoff(__x) - streamoff(__y);}
        -:  490:
        -:  491:template <class _StateT>
        -:  492:inline _LIBCPP_INLINE_VISIBILITY
        -:  493:bool operator==(const fpos<_StateT>& __x, const fpos<_StateT>& __y)
        -:  494:    {return streamoff(__x) == streamoff(__y);}
        -:  495:
        -:  496:template <class _StateT>
        -:  497:inline _LIBCPP_INLINE_VISIBILITY
        -:  498:bool operator!=(const fpos<_StateT>& __x, const fpos<_StateT>& __y)
        -:  499:    {return streamoff(__x) != streamoff(__y);}
        -:  500:
        -:  501:// char_traits
        -:  502:
        -:  503:template <class _CharT>
        -:  504:struct _LIBCPP_TYPE_VIS_ONLY char_traits
        -:  505:{
        -:  506:    typedef _CharT    char_type;
        -:  507:    typedef int       int_type;
        -:  508:    typedef streamoff off_type;
        -:  509:    typedef streampos pos_type;
        -:  510:    typedef mbstate_t state_type;
        -:  511:
        -:  512:    _LIBCPP_INLINE_VISIBILITY
        -:  513:    static void assign(char_type& __c1, const char_type& __c2) _NOEXCEPT
        -:  514:        {__c1 = __c2;}
        -:  515:    _LIBCPP_INLINE_VISIBILITY
        -:  516:    static _LIBCPP_CONSTEXPR bool eq(char_type __c1, char_type __c2) _NOEXCEPT
        -:  517:        {return __c1 == __c2;}
        -:  518:    _LIBCPP_INLINE_VISIBILITY
        -:  519:    static _LIBCPP_CONSTEXPR bool lt(char_type __c1, char_type __c2) _NOEXCEPT
        -:  520:        {return __c1 < __c2;}
        -:  521:
        -:  522:    static int              compare(const char_type* __s1, const char_type* __s2, size_t __n);
        -:  523:    static size_t           length(const char_type* __s);
        -:  524:    static const char_type* find(const char_type* __s, size_t __n, const char_type& __a);
        -:  525:    static char_type*       move(char_type* __s1, const char_type* __s2, size_t __n);
        -:  526:    static char_type*       copy(char_type* __s1, const char_type* __s2, size_t __n);
        -:  527:    static char_type*       assign(char_type* __s, size_t __n, char_type __a);
        -:  528:
        -:  529:    _LIBCPP_INLINE_VISIBILITY
        -:  530:    static _LIBCPP_CONSTEXPR int_type  not_eof(int_type __c) _NOEXCEPT
        -:  531:        {return eq_int_type(__c, eof()) ? ~eof() : __c;}
        -:  532:    _LIBCPP_INLINE_VISIBILITY
        -:  533:    static _LIBCPP_CONSTEXPR char_type to_char_type(int_type __c) _NOEXCEPT
        -:  534:        {return char_type(__c);}
        -:  535:    _LIBCPP_INLINE_VISIBILITY
        -:  536:    static _LIBCPP_CONSTEXPR int_type  to_int_type(char_type __c) _NOEXCEPT
        -:  537:        {return int_type(__c);}
        -:  538:    _LIBCPP_INLINE_VISIBILITY
        -:  539:    static _LIBCPP_CONSTEXPR bool      eq_int_type(int_type __c1, int_type __c2) _NOEXCEPT
        -:  540:        {return __c1 == __c2;}
        -:  541:    _LIBCPP_INLINE_VISIBILITY
        -:  542:    static _LIBCPP_CONSTEXPR int_type  eof() _NOEXCEPT
        -:  543:        {return int_type(EOF);}
        -:  544:};
        -:  545:
        -:  546:template <class _CharT>
        -:  547:int
        -:  548:char_traits<_CharT>::compare(const char_type* __s1, const char_type* __s2, size_t __n)
        -:  549:{
        -:  550:    for (; __n; --__n, ++__s1, ++__s2)
        -:  551:    {
        -:  552:        if (lt(*__s1, *__s2))
        -:  553:            return -1;
        -:  554:        if (lt(*__s2, *__s1))
        -:  555:            return 1;
        -:  556:    }
        -:  557:    return 0;
        -:  558:}
        -:  559:
        -:  560:template <class _CharT>
        -:  561:inline _LIBCPP_INLINE_VISIBILITY
        -:  562:size_t
        -:  563:char_traits<_CharT>::length(const char_type* __s)
        -:  564:{
        -:  565:    size_t __len = 0;
        -:  566:    for (; !eq(*__s, char_type(0)); ++__s)
        -:  567:        ++__len;
        -:  568:    return __len;
        -:  569:}
        -:  570:
        -:  571:template <class _CharT>
        -:  572:inline _LIBCPP_INLINE_VISIBILITY
        -:  573:const _CharT*
        -:  574:char_traits<_CharT>::find(const char_type* __s, size_t __n, const char_type& __a)
        -:  575:{
        -:  576:    for (; __n; --__n)
        -:  577:    {
        -:  578:        if (eq(*__s, __a))
        -:  579:            return __s;
        -:  580:        ++__s;
        -:  581:    }
        -:  582:    return 0;
        -:  583:}
        -:  584:
        -:  585:template <class _CharT>
        -:  586:_CharT*
        -:  587:char_traits<_CharT>::move(char_type* __s1, const char_type* __s2, size_t __n)
        -:  588:{
        -:  589:    char_type* __r = __s1;
        -:  590:    if (__s1 < __s2)
        -:  591:    {
        -:  592:        for (; __n; --__n, ++__s1, ++__s2)
        -:  593:            assign(*__s1, *__s2);
        -:  594:    }
        -:  595:    else if (__s2 < __s1)
        -:  596:    {
        -:  597:        __s1 += __n;
        -:  598:        __s2 += __n;
        -:  599:        for (; __n; --__n)
        -:  600:            assign(*--__s1, *--__s2);
        -:  601:    }
        -:  602:    return __r;
        -:  603:}
        -:  604:
        -:  605:template <class _CharT>
        -:  606:inline _LIBCPP_INLINE_VISIBILITY
        -:  607:_CharT*
        -:  608:char_traits<_CharT>::copy(char_type* __s1, const char_type* __s2, size_t __n)
        -:  609:{
        -:  610:    _LIBCPP_ASSERT(__s2 < __s1 || __s2 >= __s1+__n, "char_traits::copy overlapped range");
        -:  611:    char_type* __r = __s1;
        -:  612:    for (; __n; --__n, ++__s1, ++__s2)
        -:  613:        assign(*__s1, *__s2);
        -:  614:    return __r;
        -:  615:}
        -:  616:
        -:  617:template <class _CharT>
        -:  618:inline _LIBCPP_INLINE_VISIBILITY
        -:  619:_CharT*
        -:  620:char_traits<_CharT>::assign(char_type* __s, size_t __n, char_type __a)
        -:  621:{
        -:  622:    char_type* __r = __s;
        -:  623:    for (; __n; --__n, ++__s)
        -:  624:        assign(*__s, __a);
        -:  625:    return __r;
        -:  626:}
        -:  627:
        -:  628:// char_traits<char>
        -:  629:
        -:  630:template <>
        -:  631:struct _LIBCPP_TYPE_VIS_ONLY char_traits<char>
        -:  632:{
        -:  633:    typedef char      char_type;
        -:  634:    typedef int       int_type;
        -:  635:    typedef streamoff off_type;
        -:  636:    typedef streampos pos_type;
        -:  637:    typedef mbstate_t state_type;
        -:  638:
        -:  639:    _LIBCPP_INLINE_VISIBILITY
function _ZNSt3__111char_traitsIcE6assignERcRKc called 80 returned 100% blocks executed 100%
        -:  640:    static void assign(char_type& __c1, const char_type& __c2) _NOEXCEPT
       80:  641:        {__c1 = __c2;}
        -:  642:    _LIBCPP_INLINE_VISIBILITY
function _ZNSt3__111char_traitsIcE2eqEcc called 0 returned 0% blocks executed 0%
        -:  643:    static _LIBCPP_CONSTEXPR bool eq(char_type __c1, char_type __c2) _NOEXCEPT
    #####:  644:            {return __c1 == __c2;}
        -:  645:    _LIBCPP_INLINE_VISIBILITY
        -:  646:    static _LIBCPP_CONSTEXPR bool lt(char_type __c1, char_type __c2) _NOEXCEPT
        -:  647:        {return (unsigned char)__c1 < (unsigned char)__c2;}
        -:  648:
        -:  649:    _LIBCPP_INLINE_VISIBILITY
        -:  650:    static int compare(const char_type* __s1, const char_type* __s2, size_t __n)
        -:  651:        {return memcmp(__s1, __s2, __n);}
        -:  652:    _LIBCPP_INLINE_VISIBILITY
function _ZNSt3__111char_traitsIcE6lengthEPKc called 2 returned 100% blocks executed 100%
        2:  653:    static size_t length(const char_type* __s) {return strlen(__s);}
        -:  654:    _LIBCPP_INLINE_VISIBILITY
        -:  655:    static const char_type* find(const char_type* __s, size_t __n, const char_type& __a)
        -:  656:        {return (const char_type*)memchr(__s, to_int_type(__a), __n);}
        -:  657:    _LIBCPP_INLINE_VISIBILITY
        -:  658:    static char_type* move(char_type* __s1, const char_type* __s2, size_t __n)
        -:  659:        {return (char_type*)memmove(__s1, __s2, __n);}
        -:  660:    _LIBCPP_INLINE_VISIBILITY
        -:  661:    static char_type* copy(char_type* __s1, const char_type* __s2, size_t __n)
        -:  662:        {
        -:  663:            _LIBCPP_ASSERT(__s2 < __s1 || __s2 >= __s1+__n, "char_traits::copy overlapped range");
        -:  664:            return (char_type*)memcpy(__s1, __s2, __n);
        -:  665:        }
        -:  666:    _LIBCPP_INLINE_VISIBILITY
        -:  667:    static char_type* assign(char_type* __s, size_t __n, char_type __a)
        -:  668:        {return (char_type*)memset(__s, to_int_type(__a), __n);}
        -:  669:
        -:  670:    _LIBCPP_INLINE_VISIBILITY
function _ZNSt3__111char_traitsIcE7not_eofEi called 0 returned 0% blocks executed 0%
        -:  671:    static _LIBCPP_CONSTEXPR int_type  not_eof(int_type __c) _NOEXCEPT
    #####:  672:        {return eq_int_type(__c, eof()) ? ~eof() : __c;}
branch  0 never executed
branch  1 never executed
        -:  673:    _LIBCPP_INLINE_VISIBILITY
function _ZNSt3__111char_traitsIcE12to_char_typeEi called 0 returned 0% blocks executed 0%
        -:  674:    static _LIBCPP_CONSTEXPR char_type to_char_type(int_type __c) _NOEXCEPT
    #####:  675:        {return char_type(__c);}
        -:  676:    _LIBCPP_INLINE_VISIBILITY
function _ZNSt3__111char_traitsIcE11to_int_typeEc called 0 returned 0% blocks executed 0%
        -:  677:    static _LIBCPP_CONSTEXPR int_type to_int_type(char_type __c) _NOEXCEPT
    #####:  678:        {return int_type((unsigned char)__c);}
        -:  679:    _LIBCPP_INLINE_VISIBILITY
function _ZNSt3__111char_traitsIcE11eq_int_typeEii called 0 returned 0% blocks executed 0%
        -:  680:    static _LIBCPP_CONSTEXPR bool eq_int_type(int_type __c1, int_type __c2) _NOEXCEPT
    #####:  681:        {return __c1 == __c2;}
        -:  682:    _LIBCPP_INLINE_VISIBILITY
function _ZNSt3__111char_traitsIcE3eofEv called 3 returned 100% blocks executed 100%
        -:  683:    static _LIBCPP_CONSTEXPR int_type  eof() _NOEXCEPT
        3:  684:        {return int_type(EOF);}
        -:  685:};
        -:  686:
        -:  687:// char_traits<wchar_t>
        -:  688:
        -:  689:template <>
        -:  690:struct _LIBCPP_TYPE_VIS_ONLY char_traits<wchar_t>
        -:  691:{
        -:  692:    typedef wchar_t   char_type;
        -:  693:    typedef wint_t    int_type;
        -:  694:    typedef streamoff off_type;
        -:  695:    typedef streampos pos_type;
        -:  696:    typedef mbstate_t state_type;
        -:  697:
        -:  698:    _LIBCPP_INLINE_VISIBILITY
        -:  699:    static void assign(char_type& __c1, const char_type& __c2) _NOEXCEPT
        -:  700:        {__c1 = __c2;}
        -:  701:    _LIBCPP_INLINE_VISIBILITY
        -:  702:    static _LIBCPP_CONSTEXPR bool eq(char_type __c1, char_type __c2) _NOEXCEPT
        -:  703:        {return __c1 == __c2;}
        -:  704:    _LIBCPP_INLINE_VISIBILITY
        -:  705:    static _LIBCPP_CONSTEXPR bool lt(char_type __c1, char_type __c2) _NOEXCEPT
        -:  706:        {return __c1 < __c2;}
        -:  707:
        -:  708:    _LIBCPP_INLINE_VISIBILITY
        -:  709:    static int compare(const char_type* __s1, const char_type* __s2, size_t __n)
        -:  710:        {return wmemcmp(__s1, __s2, __n);}
        -:  711:    _LIBCPP_INLINE_VISIBILITY
        -:  712:    static size_t length(const char_type* __s)
        -:  713:        {return wcslen(__s);}
        -:  714:    _LIBCPP_INLINE_VISIBILITY
        -:  715:    static const char_type* find(const char_type* __s, size_t __n, const char_type& __a)
        -:  716:        {return (const char_type*)wmemchr(__s, __a, __n);}
        -:  717:    _LIBCPP_INLINE_VISIBILITY
        -:  718:    static char_type* move(char_type* __s1, const char_type* __s2, size_t __n)
        -:  719:        {return (char_type*)wmemmove(__s1, __s2, __n);}
        -:  720:    _LIBCPP_INLINE_VISIBILITY
        -:  721:    static char_type* copy(char_type* __s1, const char_type* __s2, size_t __n)
        -:  722:        {
        -:  723:            _LIBCPP_ASSERT(__s2 < __s1 || __s2 >= __s1+__n, "char_traits::copy overlapped range");
        -:  724:            return (char_type*)wmemcpy(__s1, __s2, __n);
        -:  725:        }
        -:  726:    _LIBCPP_INLINE_VISIBILITY
        -:  727:    static char_type* assign(char_type* __s, size_t __n, char_type __a)
        -:  728:        {return (char_type*)wmemset(__s, __a, __n);}
        -:  729:
        -:  730:    _LIBCPP_INLINE_VISIBILITY
        -:  731:    static _LIBCPP_CONSTEXPR int_type  not_eof(int_type __c) _NOEXCEPT
        -:  732:        {return eq_int_type(__c, eof()) ? ~eof() : __c;}
        -:  733:    _LIBCPP_INLINE_VISIBILITY
        -:  734:    static _LIBCPP_CONSTEXPR char_type to_char_type(int_type __c) _NOEXCEPT
        -:  735:        {return char_type(__c);}
        -:  736:    _LIBCPP_INLINE_VISIBILITY
        -:  737:    static _LIBCPP_CONSTEXPR int_type to_int_type(char_type __c) _NOEXCEPT
        -:  738:        {return int_type(__c);}
        -:  739:    _LIBCPP_INLINE_VISIBILITY
        -:  740:    static _LIBCPP_CONSTEXPR bool eq_int_type(int_type __c1, int_type __c2) _NOEXCEPT
        -:  741:        {return __c1 == __c2;}
        -:  742:    _LIBCPP_INLINE_VISIBILITY
        -:  743:    static _LIBCPP_CONSTEXPR int_type eof() _NOEXCEPT
        -:  744:        {return int_type(WEOF);}
        -:  745:};
        -:  746:
        -:  747:#ifndef _LIBCPP_HAS_NO_UNICODE_CHARS
        -:  748:
        -:  749:template <>
        -:  750:struct _LIBCPP_TYPE_VIS_ONLY char_traits<char16_t>
        -:  751:{
        -:  752:    typedef char16_t       char_type;
        -:  753:    typedef uint_least16_t int_type;
        -:  754:    typedef streamoff      off_type;
        -:  755:    typedef u16streampos   pos_type;
        -:  756:    typedef mbstate_t      state_type;
        -:  757:
        -:  758:    _LIBCPP_INLINE_VISIBILITY
        -:  759:    static void assign(char_type& __c1, const char_type& __c2) _NOEXCEPT
        -:  760:        {__c1 = __c2;}
        -:  761:    _LIBCPP_INLINE_VISIBILITY
        -:  762:    static _LIBCPP_CONSTEXPR bool eq(char_type __c1, char_type __c2) _NOEXCEPT
        -:  763:        {return __c1 == __c2;}
        -:  764:    _LIBCPP_INLINE_VISIBILITY
        -:  765:    static _LIBCPP_CONSTEXPR bool lt(char_type __c1, char_type __c2) _NOEXCEPT
        -:  766:        {return __c1 < __c2;}
        -:  767:
        -:  768:    static int              compare(const char_type* __s1, const char_type* __s2, size_t __n);
        -:  769:    static size_t           length(const char_type* __s);
        -:  770:    static const char_type* find(const char_type* __s, size_t __n, const char_type& __a);
        -:  771:    static char_type*       move(char_type* __s1, const char_type* __s2, size_t __n);
        -:  772:    static char_type*       copy(char_type* __s1, const char_type* __s2, size_t __n);
        -:  773:    static char_type*       assign(char_type* __s, size_t __n, char_type __a);
        -:  774:
        -:  775:    _LIBCPP_INLINE_VISIBILITY
        -:  776:    static _LIBCPP_CONSTEXPR int_type  not_eof(int_type __c) _NOEXCEPT
        -:  777:        {return eq_int_type(__c, eof()) ? ~eof() : __c;}
        -:  778:    _LIBCPP_INLINE_VISIBILITY
        -:  779:    static _LIBCPP_CONSTEXPR char_type to_char_type(int_type __c) _NOEXCEPT
        -:  780:        {return char_type(__c);}
        -:  781:    _LIBCPP_INLINE_VISIBILITY
        -:  782:    static _LIBCPP_CONSTEXPR int_type to_int_type(char_type __c) _NOEXCEPT
        -:  783:        {return int_type(__c);}
        -:  784:    _LIBCPP_INLINE_VISIBILITY
        -:  785:    static _LIBCPP_CONSTEXPR bool eq_int_type(int_type __c1, int_type __c2) _NOEXCEPT
        -:  786:        {return __c1 == __c2;}
        -:  787:    _LIBCPP_INLINE_VISIBILITY
        -:  788:    static _LIBCPP_CONSTEXPR int_type eof() _NOEXCEPT
        -:  789:        {return int_type(0xDFFF);}
        -:  790:};
        -:  791:
        -:  792:inline _LIBCPP_INLINE_VISIBILITY
        -:  793:int
        -:  794:char_traits<char16_t>::compare(const char_type* __s1, const char_type* __s2, size_t __n)
        -:  795:{
        -:  796:    for (; __n; --__n, ++__s1, ++__s2)
        -:  797:    {
        -:  798:        if (lt(*__s1, *__s2))
        -:  799:            return -1;
        -:  800:        if (lt(*__s2, *__s1))
        -:  801:            return 1;
        -:  802:    }
        -:  803:    return 0;
        -:  804:}
        -:  805:
        -:  806:inline _LIBCPP_INLINE_VISIBILITY
        -:  807:size_t
        -:  808:char_traits<char16_t>::length(const char_type* __s)
        -:  809:{
        -:  810:    size_t __len = 0;
        -:  811:    for (; !eq(*__s, char_type(0)); ++__s)
        -:  812:        ++__len;
        -:  813:    return __len;
        -:  814:}
        -:  815:
        -:  816:inline _LIBCPP_INLINE_VISIBILITY
        -:  817:const char16_t*
        -:  818:char_traits<char16_t>::find(const char_type* __s, size_t __n, const char_type& __a)
        -:  819:{
        -:  820:    for (; __n; --__n)
        -:  821:    {
        -:  822:        if (eq(*__s, __a))
        -:  823:            return __s;
        -:  824:        ++__s;
        -:  825:    }
        -:  826:    return 0;
        -:  827:}
        -:  828:
        -:  829:inline _LIBCPP_INLINE_VISIBILITY
        -:  830:char16_t*
        -:  831:char_traits<char16_t>::move(char_type* __s1, const char_type* __s2, size_t __n)
        -:  832:{
        -:  833:    char_type* __r = __s1;
        -:  834:    if (__s1 < __s2)
        -:  835:    {
        -:  836:        for (; __n; --__n, ++__s1, ++__s2)
        -:  837:            assign(*__s1, *__s2);
        -:  838:    }
        -:  839:    else if (__s2 < __s1)
        -:  840:    {
        -:  841:        __s1 += __n;
        -:  842:        __s2 += __n;
        -:  843:        for (; __n; --__n)
        -:  844:            assign(*--__s1, *--__s2);
        -:  845:    }
        -:  846:    return __r;
        -:  847:}
        -:  848:
        -:  849:inline _LIBCPP_INLINE_VISIBILITY
        -:  850:char16_t*
        -:  851:char_traits<char16_t>::copy(char_type* __s1, const char_type* __s2, size_t __n)
        -:  852:{
        -:  853:    _LIBCPP_ASSERT(__s2 < __s1 || __s2 >= __s1+__n, "char_traits::copy overlapped range");
        -:  854:    char_type* __r = __s1;
        -:  855:    for (; __n; --__n, ++__s1, ++__s2)
        -:  856:        assign(*__s1, *__s2);
        -:  857:    return __r;
        -:  858:}
        -:  859:
        -:  860:inline _LIBCPP_INLINE_VISIBILITY
        -:  861:char16_t*
        -:  862:char_traits<char16_t>::assign(char_type* __s, size_t __n, char_type __a)
        -:  863:{
        -:  864:    char_type* __r = __s;
        -:  865:    for (; __n; --__n, ++__s)
        -:  866:        assign(*__s, __a);
        -:  867:    return __r;
        -:  868:}
        -:  869:
        -:  870:template <>
        -:  871:struct _LIBCPP_TYPE_VIS_ONLY char_traits<char32_t>
        -:  872:{
        -:  873:    typedef char32_t       char_type;
        -:  874:    typedef uint_least32_t int_type;
        -:  875:    typedef streamoff      off_type;
        -:  876:    typedef u32streampos   pos_type;
        -:  877:    typedef mbstate_t      state_type;
        -:  878:
        -:  879:    _LIBCPP_INLINE_VISIBILITY
        -:  880:    static void assign(char_type& __c1, const char_type& __c2) _NOEXCEPT
        -:  881:        {__c1 = __c2;}
        -:  882:    _LIBCPP_INLINE_VISIBILITY
        -:  883:    static _LIBCPP_CONSTEXPR bool eq(char_type __c1, char_type __c2) _NOEXCEPT
        -:  884:        {return __c1 == __c2;}
        -:  885:    _LIBCPP_INLINE_VISIBILITY
        -:  886:    static _LIBCPP_CONSTEXPR bool lt(char_type __c1, char_type __c2) _NOEXCEPT
        -:  887:        {return __c1 < __c2;}
        -:  888:
        -:  889:    static int              compare(const char_type* __s1, const char_type* __s2, size_t __n);
        -:  890:    static size_t           length(const char_type* __s);
        -:  891:    static const char_type* find(const char_type* __s, size_t __n, const char_type& __a);
        -:  892:    static char_type*       move(char_type* __s1, const char_type* __s2, size_t __n);
        -:  893:    static char_type*       copy(char_type* __s1, const char_type* __s2, size_t __n);
        -:  894:    static char_type*       assign(char_type* __s, size_t __n, char_type __a);
        -:  895:
        -:  896:    _LIBCPP_INLINE_VISIBILITY
        -:  897:    static _LIBCPP_CONSTEXPR int_type  not_eof(int_type __c) _NOEXCEPT
        -:  898:        {return eq_int_type(__c, eof()) ? ~eof() : __c;}
        -:  899:    _LIBCPP_INLINE_VISIBILITY
        -:  900:    static _LIBCPP_CONSTEXPR char_type to_char_type(int_type __c) _NOEXCEPT
        -:  901:        {return char_type(__c);}
        -:  902:    _LIBCPP_INLINE_VISIBILITY
        -:  903:    static _LIBCPP_CONSTEXPR int_type to_int_type(char_type __c) _NOEXCEPT
        -:  904:        {return int_type(__c);}
        -:  905:    _LIBCPP_INLINE_VISIBILITY
        -:  906:    static _LIBCPP_CONSTEXPR bool eq_int_type(int_type __c1, int_type __c2) _NOEXCEPT
        -:  907:        {return __c1 == __c2;}
        -:  908:    _LIBCPP_INLINE_VISIBILITY
        -:  909:    static _LIBCPP_CONSTEXPR int_type eof() _NOEXCEPT
        -:  910:        {return int_type(0xFFFFFFFF);}
        -:  911:};
        -:  912:
        -:  913:inline _LIBCPP_INLINE_VISIBILITY
        -:  914:int
        -:  915:char_traits<char32_t>::compare(const char_type* __s1, const char_type* __s2, size_t __n)
        -:  916:{
        -:  917:    for (; __n; --__n, ++__s1, ++__s2)
        -:  918:    {
        -:  919:        if (lt(*__s1, *__s2))
        -:  920:            return -1;
        -:  921:        if (lt(*__s2, *__s1))
        -:  922:            return 1;
        -:  923:    }
        -:  924:    return 0;
        -:  925:}
        -:  926:
        -:  927:inline _LIBCPP_INLINE_VISIBILITY
        -:  928:size_t
        -:  929:char_traits<char32_t>::length(const char_type* __s)
        -:  930:{
        -:  931:    size_t __len = 0;
        -:  932:    for (; !eq(*__s, char_type(0)); ++__s)
        -:  933:        ++__len;
        -:  934:    return __len;
        -:  935:}
        -:  936:
        -:  937:inline _LIBCPP_INLINE_VISIBILITY
        -:  938:const char32_t*
        -:  939:char_traits<char32_t>::find(const char_type* __s, size_t __n, const char_type& __a)
        -:  940:{
        -:  941:    for (; __n; --__n)
        -:  942:    {
        -:  943:        if (eq(*__s, __a))
        -:  944:            return __s;
        -:  945:        ++__s;
        -:  946:    }
        -:  947:    return 0;
        -:  948:}
        -:  949:
        -:  950:inline _LIBCPP_INLINE_VISIBILITY
        -:  951:char32_t*
        -:  952:char_traits<char32_t>::move(char_type* __s1, const char_type* __s2, size_t __n)
        -:  953:{
        -:  954:    char_type* __r = __s1;
        -:  955:    if (__s1 < __s2)
        -:  956:    {
        -:  957:        for (; __n; --__n, ++__s1, ++__s2)
        -:  958:            assign(*__s1, *__s2);
        -:  959:    }
        -:  960:    else if (__s2 < __s1)
        -:  961:    {
        -:  962:        __s1 += __n;
        -:  963:        __s2 += __n;
        -:  964:        for (; __n; --__n)
        -:  965:            assign(*--__s1, *--__s2);
        -:  966:    }
        -:  967:    return __r;
        -:  968:}
        -:  969:
        -:  970:inline _LIBCPP_INLINE_VISIBILITY
        -:  971:char32_t*
        -:  972:char_traits<char32_t>::copy(char_type* __s1, const char_type* __s2, size_t __n)
        -:  973:{
        -:  974:    _LIBCPP_ASSERT(__s2 < __s1 || __s2 >= __s1+__n, "char_traits::copy overlapped range");
        -:  975:    char_type* __r = __s1;
        -:  976:    for (; __n; --__n, ++__s1, ++__s2)
        -:  977:        assign(*__s1, *__s2);
        -:  978:    return __r;
        -:  979:}
        -:  980:
        -:  981:inline _LIBCPP_INLINE_VISIBILITY
        -:  982:char32_t*
        -:  983:char_traits<char32_t>::assign(char_type* __s, size_t __n, char_type __a)
        -:  984:{
        -:  985:    char_type* __r = __s;
        -:  986:    for (; __n; --__n, ++__s)
        -:  987:        assign(*__s, __a);
        -:  988:    return __r;
        -:  989:}
        -:  990:
        -:  991:#endif  // _LIBCPP_HAS_NO_UNICODE_CHARS
        -:  992:
        -:  993:// helper fns for basic_string
        -:  994:
        -:  995:// __str_find
        -:  996:template<class _CharT, class _SizeT, class _Traits, _SizeT __npos>
        -:  997:_SizeT _LIBCPP_CONSTEXPR_AFTER_CXX11 _LIBCPP_INLINE_VISIBILITY
        -:  998:__str_find(const _CharT *__p, _SizeT __sz, 
        -:  999:             _CharT __c, _SizeT __pos) _NOEXCEPT
        -: 1000:{
        -: 1001:    if (__pos >= __sz)
        -: 1002:        return __npos;
        -: 1003:    const _CharT* __r = _Traits::find(__p + __pos, __sz - __pos, __c);
        -: 1004:    if (__r == 0)
        -: 1005:        return __npos;
        -: 1006:    return static_cast<_SizeT>(__r - __p);
        -: 1007:}
        -: 1008:
        -: 1009:template<class _CharT, class _SizeT, class _Traits, _SizeT __npos>
        -: 1010:_SizeT _LIBCPP_CONSTEXPR_AFTER_CXX11 _LIBCPP_INLINE_VISIBILITY
        -: 1011:__str_find(const _CharT *__p, _SizeT __sz, 
        -: 1012:       const _CharT* __s, _SizeT __pos, _SizeT __n) _NOEXCEPT
        -: 1013:{
        -: 1014:    if (__pos > __sz || __sz - __pos < __n)
        -: 1015:        return __npos;
        -: 1016:    if (__n == 0)
        -: 1017:        return __pos;
        -: 1018:    const _CharT* __r = 
        -: 1019:        _VSTD::__search(__p + __pos, __p + __sz,
        -: 1020:                        __s, __s + __n, _Traits::eq,
        -: 1021:                        random_access_iterator_tag(), random_access_iterator_tag());
        -: 1022:    if (__r == __p + __sz)
        -: 1023:        return __npos;
        -: 1024:    return static_cast<_SizeT>(__r - __p);
        -: 1025:}
        -: 1026:
        -: 1027:
        -: 1028:// __str_rfind
        -: 1029:
        -: 1030:template<class _CharT, class _SizeT, class _Traits, _SizeT __npos>
        -: 1031:_SizeT _LIBCPP_CONSTEXPR_AFTER_CXX11 _LIBCPP_INLINE_VISIBILITY
        -: 1032:__str_rfind(const _CharT *__p, _SizeT __sz, 
        -: 1033:              _CharT __c, _SizeT __pos) _NOEXCEPT
        -: 1034:{
        -: 1035:    if (__sz < 1)
        -: 1036:        return __npos;
        -: 1037:    if (__pos < __sz)
        -: 1038:        ++__pos;
        -: 1039:    else
        -: 1040:        __pos = __sz;
        -: 1041:    for (const _CharT* __ps = __p + __pos; __ps != __p;)
        -: 1042:    {
        -: 1043:        if (_Traits::eq(*--__ps, __c))
        -: 1044:            return static_cast<_SizeT>(__ps - __p);
        -: 1045:    }
        -: 1046:    return __npos;
        -: 1047:}
        -: 1048:
        -: 1049:template<class _CharT, class _SizeT, class _Traits, _SizeT __npos>
        -: 1050:_SizeT _LIBCPP_CONSTEXPR_AFTER_CXX11 _LIBCPP_INLINE_VISIBILITY
        -: 1051:__str_rfind(const _CharT *__p, _SizeT __sz, 
        -: 1052:        const _CharT* __s, _SizeT __pos, _SizeT __n) _NOEXCEPT
        -: 1053:{
        -: 1054:    __pos = _VSTD::min(__pos, __sz);
        -: 1055:    if (__n < __sz - __pos)
        -: 1056:        __pos += __n;
        -: 1057:    else
        -: 1058:        __pos = __sz;
        -: 1059:    const _CharT* __r = _VSTD::__find_end(
        -: 1060:                  __p, __p + __pos, __s, __s + __n, _Traits::eq, 
        -: 1061:                        random_access_iterator_tag(), random_access_iterator_tag());
        -: 1062:    if (__n > 0 && __r == __p + __pos)
        -: 1063:        return __npos;
        -: 1064:    return static_cast<_SizeT>(__r - __p);
        -: 1065:}
        -: 1066:
        -: 1067:// __str_find_first_of
        -: 1068:template<class _CharT, class _SizeT, class _Traits, _SizeT __npos>
        -: 1069:_SizeT _LIBCPP_CONSTEXPR_AFTER_CXX11 _LIBCPP_INLINE_VISIBILITY
        -: 1070:__str_find_first_of(const _CharT *__p, _SizeT __sz,
        -: 1071:                const _CharT* __s, _SizeT __pos, _SizeT __n) _NOEXCEPT
        -: 1072:{
        -: 1073:    if (__pos >= __sz || __n == 0)
        -: 1074:        return __npos;
        -: 1075:    const _CharT* __r = _VSTD::__find_first_of_ce
        -: 1076:        (__p + __pos, __p + __sz, __s, __s + __n, _Traits::eq );
        -: 1077:    if (__r == __p + __sz)
        -: 1078:        return __npos;
        -: 1079:    return static_cast<_SizeT>(__r - __p);
        -: 1080:}
        -: 1081:
        -: 1082:
        -: 1083:// __str_find_last_of
        -: 1084:template<class _CharT, class _SizeT, class _Traits, _SizeT __npos>
        -: 1085:_SizeT _LIBCPP_CONSTEXPR_AFTER_CXX11 _LIBCPP_INLINE_VISIBILITY 
        -: 1086:__str_find_last_of(const _CharT *__p, _SizeT __sz,
        -: 1087:               const _CharT* __s, _SizeT __pos, _SizeT __n) _NOEXCEPT
        -: 1088:    {
        -: 1089:    if (__n != 0)
        -: 1090:    {
        -: 1091:        if (__pos < __sz)
        -: 1092:            ++__pos;
        -: 1093:        else
        -: 1094:            __pos = __sz;
        -: 1095:        for (const _CharT* __ps = __p + __pos; __ps != __p;)
        -: 1096:        {
        -: 1097:            const _CharT* __r = _Traits::find(__s, __n, *--__ps);
        -: 1098:            if (__r)
        -: 1099:                return static_cast<_SizeT>(__ps - __p);
        -: 1100:        }
        -: 1101:    }
        -: 1102:    return __npos;
        -: 1103:}
        -: 1104:
        -: 1105:
        -: 1106:// __str_find_first_not_of
        -: 1107:template<class _CharT, class _SizeT, class _Traits, _SizeT __npos>
        -: 1108:_SizeT _LIBCPP_CONSTEXPR_AFTER_CXX11 _LIBCPP_INLINE_VISIBILITY
        -: 1109:__str_find_first_not_of(const _CharT *__p, _SizeT __sz,
        -: 1110:                    const _CharT* __s, _SizeT __pos, _SizeT __n) _NOEXCEPT
        -: 1111:{
        -: 1112:    if (__pos < __sz)
        -: 1113:    {
        -: 1114:        const _CharT* __pe = __p + __sz;
        -: 1115:        for (const _CharT* __ps = __p + __pos; __ps != __pe; ++__ps)
        -: 1116:            if (_Traits::find(__s, __n, *__ps) == 0)
        -: 1117:                return static_cast<_SizeT>(__ps - __p);
        -: 1118:    }
        -: 1119:    return __npos;
        -: 1120:}
        -: 1121:
        -: 1122:
        -: 1123:template<class _CharT, class _SizeT, class _Traits, _SizeT __npos>
        -: 1124:_SizeT _LIBCPP_CONSTEXPR_AFTER_CXX11 _LIBCPP_INLINE_VISIBILITY
        -: 1125:__str_find_first_not_of(const _CharT *__p, _SizeT __sz,
        -: 1126:                          _CharT __c, _SizeT __pos) _NOEXCEPT
        -: 1127:{
        -: 1128:    if (__pos < __sz)
        -: 1129:    {
        -: 1130:        const _CharT* __pe = __p + __sz;
        -: 1131:        for (const _CharT* __ps = __p + __pos; __ps != __pe; ++__ps)
        -: 1132:            if (!_Traits::eq(*__ps, __c))
        -: 1133:                return static_cast<_SizeT>(__ps - __p);
        -: 1134:    }
        -: 1135:    return __npos;
        -: 1136:}
        -: 1137:
        -: 1138:
        -: 1139:// __str_find_last_not_of
        -: 1140:template<class _CharT, class _SizeT, class _Traits, _SizeT __npos>
        -: 1141:_SizeT _LIBCPP_CONSTEXPR_AFTER_CXX11 _LIBCPP_INLINE_VISIBILITY
        -: 1142:__str_find_last_not_of(const _CharT *__p, _SizeT __sz,
        -: 1143:                   const _CharT* __s, _SizeT __pos, _SizeT __n) _NOEXCEPT
        -: 1144:{
        -: 1145:    if (__pos < __sz)
        -: 1146:        ++__pos;
        -: 1147:    else
        -: 1148:        __pos = __sz;
        -: 1149:    for (const _CharT* __ps = __p + __pos; __ps != __p;)
        -: 1150:        if (_Traits::find(__s, __n, *--__ps) == 0)
        -: 1151:            return static_cast<_SizeT>(__ps - __p);
        -: 1152:    return __npos;
        -: 1153:}
        -: 1154:
        -: 1155:
        -: 1156:template<class _CharT, class _SizeT, class _Traits, _SizeT __npos>
        -: 1157:_SizeT _LIBCPP_CONSTEXPR_AFTER_CXX11 _LIBCPP_INLINE_VISIBILITY
        -: 1158:__str_find_last_not_of(const _CharT *__p, _SizeT __sz,
        -: 1159:                         _CharT __c, _SizeT __pos) _NOEXCEPT
        -: 1160:{
        -: 1161:    if (__pos < __sz)
        -: 1162:        ++__pos;
        -: 1163:    else
        -: 1164:        __pos = __sz;
        -: 1165:    for (const _CharT* __ps = __p + __pos; __ps != __p;)
        -: 1166:        if (!_Traits::eq(*--__ps, __c))
        -: 1167:            return static_cast<_SizeT>(__ps - __p);
        -: 1168:    return __npos;
        -: 1169:}
        -: 1170:
        -: 1171:template<class _Ptr>
        -: 1172:size_t _LIBCPP_INLINE_VISIBILITY __do_string_hash(_Ptr __p, _Ptr __e)
        -: 1173:{
        -: 1174:    typedef typename iterator_traits<_Ptr>::value_type value_type;
        -: 1175:    return __murmur2_or_cityhash<size_t>()(__p, (__e-__p)*sizeof(value_type));
        -: 1176:}
        -: 1177:
        -: 1178:// basic_string
        -: 1179:
        -: 1180:template<class _CharT, class _Traits, class _Allocator>
        -: 1181:basic_string<_CharT, _Traits, _Allocator>
        -: 1182:operator+(const basic_string<_CharT, _Traits, _Allocator>& __x,
        -: 1183:          const basic_string<_CharT, _Traits, _Allocator>& __y);
        -: 1184:
        -: 1185:template<class _CharT, class _Traits, class _Allocator>
        -: 1186:basic_string<_CharT, _Traits, _Allocator>
        -: 1187:operator+(const _CharT* __x, const basic_string<_CharT,_Traits,_Allocator>& __y);
        -: 1188:
        -: 1189:template<class _CharT, class _Traits, class _Allocator>
        -: 1190:basic_string<_CharT, _Traits, _Allocator>
        -: 1191:operator+(_CharT __x, const basic_string<_CharT,_Traits,_Allocator>& __y);
        -: 1192:
        -: 1193:template<class _CharT, class _Traits, class _Allocator>
        -: 1194:basic_string<_CharT, _Traits, _Allocator>
        -: 1195:operator+(const basic_string<_CharT, _Traits, _Allocator>& __x, const _CharT* __y);
        -: 1196:
        -: 1197:template<class _CharT, class _Traits, class _Allocator>
        -: 1198:basic_string<_CharT, _Traits, _Allocator>
        -: 1199:operator+(const basic_string<_CharT, _Traits, _Allocator>& __x, _CharT __y);
        -: 1200:
        -: 1201:template <bool>
        -: 1202:class _LIBCPP_TYPE_VIS_ONLY __basic_string_common
        -: 1203:{
        -: 1204:protected:
        -: 1205:    void __throw_length_error() const;
        -: 1206:    void __throw_out_of_range() const;
        -: 1207:};
        -: 1208:
        -: 1209:template <bool __b>
        -: 1210:void
        -: 1211:__basic_string_common<__b>::__throw_length_error() const
        -: 1212:{
        -: 1213:#ifndef _LIBCPP_NO_EXCEPTIONS
        -: 1214:    throw length_error("basic_string");
        -: 1215:#else
        -: 1216:    assert(!"basic_string length_error");
        -: 1217:#endif
        -: 1218:}
        -: 1219:
        -: 1220:template <bool __b>
        -: 1221:void
        -: 1222:__basic_string_common<__b>::__throw_out_of_range() const
        -: 1223:{
        -: 1224:#ifndef _LIBCPP_NO_EXCEPTIONS
        -: 1225:    throw out_of_range("basic_string");
        -: 1226:#else
        -: 1227:    assert(!"basic_string out_of_range");
        -: 1228:#endif
        -: 1229:}
        -: 1230:
        -: 1231:#ifdef _LIBCPP_MSVC
        -: 1232:#pragma warning( push )
        -: 1233:#pragma warning( disable: 4231 )
        -: 1234:#endif // _LIBCPP_MSVC
        -: 1235:_LIBCPP_EXTERN_TEMPLATE(class _LIBCPP_TYPE_VIS __basic_string_common<true>)
        -: 1236:#ifdef _LIBCPP_MSVC
        -: 1237:#pragma warning( pop )
        -: 1238:#endif // _LIBCPP_MSVC
        -: 1239:
        -: 1240:#ifdef _LIBCPP_ALTERNATE_STRING_LAYOUT
        -: 1241:
        -: 1242:template <class _CharT, size_t = sizeof(_CharT)>
        -: 1243:struct __padding
        -: 1244:{
        -: 1245:    unsigned char __xx[sizeof(_CharT)-1];
        -: 1246:};
        -: 1247:
        -: 1248:template <class _CharT>
        -: 1249:struct __padding<_CharT, 1>
        -: 1250:{
        -: 1251:};
        -: 1252:
        -: 1253:#endif  // _LIBCPP_ALTERNATE_STRING_LAYOUT
        -: 1254:
        -: 1255:template<class _CharT, class _Traits, class _Allocator>
        -: 1256:class _LIBCPP_TYPE_VIS_ONLY basic_string
        -: 1257:    : private __basic_string_common<true>
        -: 1258:{
        -: 1259:public:
        -: 1260:    typedef basic_string                                 __self;
        -: 1261:    typedef _Traits                                      traits_type;
        -: 1262:    typedef typename traits_type::char_type              value_type;
        -: 1263:    typedef _Allocator                                   allocator_type;
        -: 1264:    typedef allocator_traits<allocator_type>             __alloc_traits;
        -: 1265:    typedef typename __alloc_traits::size_type           size_type;
        -: 1266:    typedef typename __alloc_traits::difference_type     difference_type;
        -: 1267:    typedef value_type&                                  reference;
        -: 1268:    typedef const value_type&                            const_reference;
        -: 1269:    typedef typename __alloc_traits::pointer             pointer;
        -: 1270:    typedef typename __alloc_traits::const_pointer       const_pointer;
        -: 1271:
        -: 1272:    static_assert(is_pod<value_type>::value, "Character type of basic_string must be a POD");
        -: 1273:    static_assert((is_same<_CharT, value_type>::value),
        -: 1274:                  "traits_type::char_type must be the same type as CharT");
        -: 1275:    static_assert((is_same<typename allocator_type::value_type, value_type>::value),
        -: 1276:                  "Allocator::value_type must be same type as value_type");
        -: 1277:#if defined(_LIBCPP_RAW_ITERATORS)
        -: 1278:    typedef pointer                                      iterator;
        -: 1279:    typedef const_pointer                                const_iterator;
        -: 1280:#else  // defined(_LIBCPP_RAW_ITERATORS)
        -: 1281:    typedef __wrap_iter<pointer>                         iterator;
        -: 1282:    typedef __wrap_iter<const_pointer>                   const_iterator;
        -: 1283:#endif  // defined(_LIBCPP_RAW_ITERATORS)
        -: 1284:    typedef _VSTD::reverse_iterator<iterator>             reverse_iterator;
        -: 1285:    typedef _VSTD::reverse_iterator<const_iterator>       const_reverse_iterator;
        -: 1286:
        -: 1287:private:
        -: 1288:
        -: 1289:#ifdef _LIBCPP_ALTERNATE_STRING_LAYOUT
        -: 1290:
        -: 1291:    struct __long
        -: 1292:    {
        -: 1293:        pointer   __data_;
        -: 1294:        size_type __size_;
        -: 1295:        size_type __cap_;
        -: 1296:    };
        -: 1297:
        -: 1298:#if _LIBCPP_BIG_ENDIAN
        -: 1299:    enum {__short_mask = 0x01};
        -: 1300:    enum {__long_mask  = 0x1ul};
        -: 1301:#else  // _LIBCPP_BIG_ENDIAN
        -: 1302:    enum {__short_mask = 0x80};
        -: 1303:    enum {__long_mask  = ~(size_type(~0) >> 1)};
        -: 1304:#endif  // _LIBCPP_BIG_ENDIAN
        -: 1305:
        -: 1306:    enum {__min_cap = (sizeof(__long) - 1)/sizeof(value_type) > 2 ?
        -: 1307:                      (sizeof(__long) - 1)/sizeof(value_type) : 2};
        -: 1308:
        -: 1309:    struct __short
        -: 1310:    {
        -: 1311:        value_type __data_[__min_cap];
        -: 1312:        struct
        -: 1313:            : __padding<value_type>
        -: 1314:        {
        -: 1315:            unsigned char __size_;
        -: 1316:        };
        -: 1317:    };
        -: 1318:
        -: 1319:#else
        -: 1320:
        -: 1321:    struct __long
        -: 1322:    {
        -: 1323:        size_type __cap_;
        -: 1324:        size_type __size_;
        -: 1325:        pointer   __data_;
        -: 1326:    };
        -: 1327:
        -: 1328:#if _LIBCPP_BIG_ENDIAN
        -: 1329:    enum {__short_mask = 0x80};
        -: 1330:    enum {__long_mask  = ~(size_type(~0) >> 1)};
        -: 1331:#else  // _LIBCPP_BIG_ENDIAN
        -: 1332:    enum {__short_mask = 0x01};
        -: 1333:    enum {__long_mask  = 0x1ul};
        -: 1334:#endif  // _LIBCPP_BIG_ENDIAN
        -: 1335:
        -: 1336:    enum {__min_cap = (sizeof(__long) - 1)/sizeof(value_type) > 2 ?
        -: 1337:                      (sizeof(__long) - 1)/sizeof(value_type) : 2};
        -: 1338:
        -: 1339:    struct __short
        -: 1340:    {
        -: 1341:        union
        -: 1342:        {
        -: 1343:            unsigned char __size_;
        -: 1344:            value_type __lx;
        -: 1345:        };
        -: 1346:        value_type __data_[__min_cap];
        -: 1347:    };
        -: 1348:
        -: 1349:#endif  // _LIBCPP_ALTERNATE_STRING_LAYOUT
        -: 1350:
        -: 1351:    union __ulx{__long __lx; __short __lxx;};
        -: 1352:
        -: 1353:    enum {__n_words = sizeof(__ulx) / sizeof(size_type)};
        -: 1354:
        -: 1355:    struct __raw
        -: 1356:    {
        -: 1357:        size_type __words[__n_words];
        -: 1358:    };
        -: 1359:
        -: 1360:    struct __rep
        -: 1361:    {
        -: 1362:        union
        -: 1363:        {
        -: 1364:            __long  __l;
        -: 1365:            __short __s;
        -: 1366:            __raw   __r;
        -: 1367:        };
        -: 1368:    };
        -: 1369:
        -: 1370:    __compressed_pair<__rep, allocator_type> __r_;
        -: 1371:
        -: 1372:public:
        -: 1373:    static const size_type npos = -1;
        -: 1374:
        -: 1375:    _LIBCPP_INLINE_VISIBILITY basic_string()
        -: 1376:        _NOEXCEPT_(is_nothrow_default_constructible<allocator_type>::value);
        -: 1377:    _LIBCPP_INLINE_VISIBILITY explicit basic_string(const allocator_type& __a);
        -: 1378:    basic_string(const basic_string& __str);
        -: 1379:    basic_string(const basic_string& __str, const allocator_type& __a);
        -: 1380:#ifndef _LIBCPP_HAS_NO_RVALUE_REFERENCES
        -: 1381:    _LIBCPP_INLINE_VISIBILITY
        -: 1382:    basic_string(basic_string&& __str)
        -: 1383:        _NOEXCEPT_(is_nothrow_move_constructible<allocator_type>::value);
        -: 1384:    _LIBCPP_INLINE_VISIBILITY
        -: 1385:    basic_string(basic_string&& __str, const allocator_type& __a);
        -: 1386:#endif  // _LIBCPP_HAS_NO_RVALUE_REFERENCES
        -: 1387:    _LIBCPP_INLINE_VISIBILITY basic_string(const value_type* __s);
        -: 1388:    _LIBCPP_INLINE_VISIBILITY
        -: 1389:    basic_string(const value_type* __s, const allocator_type& __a);
        -: 1390:    _LIBCPP_INLINE_VISIBILITY
        -: 1391:    basic_string(const value_type* __s, size_type __n);
        -: 1392:    _LIBCPP_INLINE_VISIBILITY
        -: 1393:    basic_string(const value_type* __s, size_type __n, const allocator_type& __a);
        -: 1394:    _LIBCPP_INLINE_VISIBILITY
        -: 1395:    basic_string(size_type __n, value_type __c);
        -: 1396:    _LIBCPP_INLINE_VISIBILITY
        -: 1397:    basic_string(size_type __n, value_type __c, const allocator_type& __a);
        -: 1398:    basic_string(const basic_string& __str, size_type __pos, size_type __n = npos,
        -: 1399:                 const allocator_type& __a = allocator_type());
        -: 1400:    template<class _InputIterator>
        -: 1401:        _LIBCPP_INLINE_VISIBILITY
        -: 1402:        basic_string(_InputIterator __first, _InputIterator __last);
        -: 1403:    template<class _InputIterator>
        -: 1404:        _LIBCPP_INLINE_VISIBILITY
        -: 1405:        basic_string(_InputIterator __first, _InputIterator __last, const allocator_type& __a);
        -: 1406:#ifndef _LIBCPP_HAS_NO_GENERALIZED_INITIALIZERS
        -: 1407:    _LIBCPP_INLINE_VISIBILITY
        -: 1408:    basic_string(initializer_list<value_type> __il);
        -: 1409:    _LIBCPP_INLINE_VISIBILITY
        -: 1410:    basic_string(initializer_list<value_type> __il, const allocator_type& __a);
        -: 1411:#endif  // _LIBCPP_HAS_NO_GENERALIZED_INITIALIZERS
        -: 1412:
        -: 1413:    ~basic_string();
        -: 1414:
        -: 1415:    basic_string& operator=(const basic_string& __str);
        -: 1416:#ifndef _LIBCPP_HAS_NO_RVALUE_REFERENCES
        -: 1417:    _LIBCPP_INLINE_VISIBILITY
        -: 1418:    basic_string& operator=(basic_string&& __str)
        -: 1419:        _NOEXCEPT_(__alloc_traits::propagate_on_container_move_assignment::value &&
        -: 1420:                   is_nothrow_move_assignable<allocator_type>::value);
        -: 1421:#endif
        -: 1422:    _LIBCPP_INLINE_VISIBILITY basic_string& operator=(const value_type* __s) {return assign(__s);}
        -: 1423:    basic_string& operator=(value_type __c);
        -: 1424:#ifndef _LIBCPP_HAS_NO_GENERALIZED_INITIALIZERS
        -: 1425:    _LIBCPP_INLINE_VISIBILITY
        -: 1426:    basic_string& operator=(initializer_list<value_type> __il) {return assign(__il.begin(), __il.size());}
        -: 1427:#endif  // _LIBCPP_HAS_NO_GENERALIZED_INITIALIZERS
        -: 1428:
        -: 1429:#if _LIBCPP_DEBUG_LEVEL >= 2
        -: 1430:    _LIBCPP_INLINE_VISIBILITY
        -: 1431:    iterator begin() _NOEXCEPT
        -: 1432:        {return iterator(this, __get_pointer());}
        -: 1433:    _LIBCPP_INLINE_VISIBILITY
        -: 1434:    const_iterator begin() const _NOEXCEPT
        -: 1435:        {return const_iterator(this, __get_pointer());}
        -: 1436:    _LIBCPP_INLINE_VISIBILITY
        -: 1437:    iterator end() _NOEXCEPT
        -: 1438:        {return iterator(this, __get_pointer() + size());}
        -: 1439:    _LIBCPP_INLINE_VISIBILITY
        -: 1440:    const_iterator end() const _NOEXCEPT
        -: 1441:        {return const_iterator(this, __get_pointer() + size());}
        -: 1442:#else
        -: 1443:    _LIBCPP_INLINE_VISIBILITY
        -: 1444:    iterator begin() _NOEXCEPT
        -: 1445:        {return iterator(__get_pointer());}
        -: 1446:    _LIBCPP_INLINE_VISIBILITY
        -: 1447:    const_iterator begin() const _NOEXCEPT
        -: 1448:        {return const_iterator(__get_pointer());}
        -: 1449:    _LIBCPP_INLINE_VISIBILITY
        -: 1450:    iterator end() _NOEXCEPT
        -: 1451:        {return iterator(__get_pointer() + size());}
        -: 1452:    _LIBCPP_INLINE_VISIBILITY
        -: 1453:    const_iterator end() const _NOEXCEPT
        -: 1454:        {return const_iterator(__get_pointer() + size());}
        -: 1455:#endif  // _LIBCPP_DEBUG_LEVEL >= 2
        -: 1456:    _LIBCPP_INLINE_VISIBILITY
        -: 1457:    reverse_iterator rbegin() _NOEXCEPT
        -: 1458:        {return reverse_iterator(end());}
        -: 1459:    _LIBCPP_INLINE_VISIBILITY
        -: 1460:    const_reverse_iterator rbegin() const _NOEXCEPT
        -: 1461:        {return const_reverse_iterator(end());}
        -: 1462:    _LIBCPP_INLINE_VISIBILITY
        -: 1463:    reverse_iterator rend() _NOEXCEPT
        -: 1464:        {return reverse_iterator(begin());}
        -: 1465:    _LIBCPP_INLINE_VISIBILITY
        -: 1466:    const_reverse_iterator rend() const _NOEXCEPT
        -: 1467:        {return const_reverse_iterator(begin());}
        -: 1468:
        -: 1469:    _LIBCPP_INLINE_VISIBILITY
        -: 1470:    const_iterator cbegin() const _NOEXCEPT
        -: 1471:        {return begin();}
        -: 1472:    _LIBCPP_INLINE_VISIBILITY
        -: 1473:    const_iterator cend() const _NOEXCEPT
        -: 1474:        {return end();}
        -: 1475:    _LIBCPP_INLINE_VISIBILITY
        -: 1476:    const_reverse_iterator crbegin() const _NOEXCEPT
        -: 1477:        {return rbegin();}
        -: 1478:    _LIBCPP_INLINE_VISIBILITY
        -: 1479:    const_reverse_iterator crend() const _NOEXCEPT
        -: 1480:        {return rend();}
        -: 1481:
function _ZNKSt3__112basic_stringIcNS_11char_traitsIcEENS_9allocatorIcEEE4sizeEv called 0 returned 0% blocks executed 0%
        -: 1482:    _LIBCPP_INLINE_VISIBILITY size_type size() const _NOEXCEPT
    #####: 1483:        {return __is_long() ? __get_long_size() : __get_short_size();}
branch  0 never executed
branch  1 never executed
        -: 1484:    _LIBCPP_INLINE_VISIBILITY size_type length() const _NOEXCEPT {return size();}
        -: 1485:    _LIBCPP_INLINE_VISIBILITY size_type max_size() const _NOEXCEPT;
function _ZNKSt3__112basic_stringIcNS_11char_traitsIcEENS_9allocatorIcEEE8capacityEv called 0 returned 0% blocks executed 0%
        -: 1486:    _LIBCPP_INLINE_VISIBILITY size_type capacity() const _NOEXCEPT
    #####: 1487:        {return (__is_long() ? __get_long_cap() : __min_cap) - 1;}
branch  0 never executed
branch  1 never executed
        -: 1488:
        -: 1489:    void resize(size_type __n, value_type __c);
function _ZNSt3__112basic_stringIcNS_11char_traitsIcEENS_9allocatorIcEEE6resizeEm called 0 returned 0% blocks executed 0%
    #####: 1490:    _LIBCPP_INLINE_VISIBILITY void resize(size_type __n) {resize(__n, value_type());}
        -: 1491:
        -: 1492:    void reserve(size_type res_arg = 0);
        -: 1493:    _LIBCPP_INLINE_VISIBILITY
        -: 1494:    void shrink_to_fit() _NOEXCEPT {reserve();}
        -: 1495:    _LIBCPP_INLINE_VISIBILITY
        -: 1496:    void clear() _NOEXCEPT;
        -: 1497:    _LIBCPP_INLINE_VISIBILITY bool empty() const _NOEXCEPT {return size() == 0;}
        -: 1498:
        -: 1499:    _LIBCPP_INLINE_VISIBILITY const_reference operator[](size_type __pos) const;
[...]
        -: 3923:operator> (const _CharT* __lhs,
        -: 3924:           const basic_string<_CharT, _Traits, _Allocator>& __rhs) _NOEXCEPT
        -: 3925:{
        -: 3926:    return __rhs < __lhs;
        -: 3927:}
        -: 3928:
        -: 3929:// operator<=
        -: 3930:
        -: 3931:template<class _CharT, class _Traits, class _Allocator>
        -: 3932:inline _LIBCPP_INLINE_VISIBILITY
        -: 3933:bool
        -: 3934:operator<=(const basic_string<_CharT, _Traits, _Allocator>& __lhs,
        -: 3935:           const basic_string<_CharT, _Traits, _Allocator>& __rhs) _NOEXCEPT
        -: 3936:{
        -: 3937:    return !(__rhs < __lhs);
        -: 3938:}
        -: 3939:
        -: 3940:template<class _CharT, class _Traits, class _Allocator>
        -: 3941:inline _LIBCPP_INLINE_VISIBILITY
        -: 3942:bool
        -: 3943:operator<=(const basic_string<_CharT, _Traits, _Allocator>& __lhs,
        -: 3944:           const _CharT* __rhs) _NOEXCEPT
        -: 3945:{
        -: 3946:    return !(__rhs < __lhs);
        -: 3947:}
        -: 3948:
        -: 3949:template<class _CharT, class _Traits, class _Allocator>
        -: 3950:inline _LIBCPP_INLINE_VISIBILITY
        -: 3951:bool
        -: 3952:operator<=(const _CharT* __lhs,
        -: 3953:           const basic_string<_CharT, _Traits, _Allocator>& __rhs) _NOEXCEPT
        -: 3954:{
        -: 3955:    return !(__rhs < __lhs);
        -: 3956:}
        -: 3957:
        -: 3958:// operator>=
        -: 3959:
        -: 3960:template<class _CharT, class _Traits, class _Allocator>
        -: 3961:inline _LIBCPP_INLINE_VISIBILITY
        -: 3962:bool
        -: 3963:operator>=(const basic_string<_CharT, _Traits, _Allocator>& __lhs,
        -: 3964:           const basic_string<_CharT, _Traits, _Allocator>& __rhs) _NOEXCEPT
        -: 3965:{
        -: 3966:    return !(__lhs < __rhs);
        -: 3967:}
        -: 3968:
        -: 3969:template<class _CharT, class _Traits, class _Allocator>
        -: 3970:inline _LIBCPP_INLINE_VISIBILITY
        -: 3971:bool
        -: 3972:operator>=(const basic_string<_CharT, _Traits, _Allocator>& __lhs,
        -: 3973:           const _CharT* __rhs) _NOEXCEPT
        -: 3974:{
        -: 3975:    return !(__lhs < __rhs);
        -: 3976:}
        -: 3977:
        -: 3978:template<class _CharT, class _Traits, class _Allocator>
        -: 3979:inline _LIBCPP_INLINE_VISIBILITY
        -: 3980:bool
        -: 3981:operator>=(const _CharT* __lhs,
        -: 3982:           const basic_string<_CharT, _Traits, _Allocator>& __rhs) _NOEXCEPT
        -: 3983:{
        -: 3984:    return !(__lhs < __rhs);
        -: 3985:}
        -: 3986:
        -: 3987:// operator +
        -: 3988:
        -: 3989:template<class _CharT, class _Traits, class _Allocator>
        -: 3990:basic_string<_CharT, _Traits, _Allocator>
        -: 3991:operator+(const basic_string<_CharT, _Traits, _Allocator>& __lhs,
        -: 3992:          const basic_string<_CharT, _Traits, _Allocator>& __rhs)
        -: 3993:{
        -: 3994:    basic_string<_CharT, _Traits, _Allocator> __r(__lhs.get_allocator());
        -: 3995:    typename basic_string<_CharT, _Traits, _Allocator>::size_type __lhs_sz = __lhs.size();
        -: 3996:    typename basic_string<_CharT, _Traits, _Allocator>::size_type __rhs_sz = __rhs.size();
        -: 3997:    __r.__init(__lhs.data(), __lhs_sz, __lhs_sz + __rhs_sz);
        -: 3998:    __r.append(__rhs.data(), __rhs_sz);
        -: 3999:    return __r;
        -: 4000:}
        -: 4001:
        -: 4002:template<class _CharT, class _Traits, class _Allocator>
        -: 4003:basic_string<_CharT, _Traits, _Allocator>
        -: 4004:operator+(const _CharT* __lhs , const basic_string<_CharT,_Traits,_Allocator>& __rhs)
        -: 4005:{
        -: 4006:    basic_string<_CharT, _Traits, _Allocator> __r(__rhs.get_allocator());
        -: 4007:    typename basic_string<_CharT, _Traits, _Allocator>::size_type __lhs_sz = _Traits::length(__lhs);
        -: 4008:    typename basic_string<_CharT, _Traits, _Allocator>::size_type __rhs_sz = __rhs.size();
        -: 4009:    __r.__init(__lhs, __lhs_sz, __lhs_sz + __rhs_sz);
        -: 4010:    __r.append(__rhs.data(), __rhs_sz);
        -: 4011:    return __r;
        -: 4012:}
        -: 4013:
        -: 4014:template<class _CharT, class _Traits, class _Allocator>
        -: 4015:basic_string<_CharT, _Traits, _Allocator>
        -: 4016:operator+(_CharT __lhs, const basic_string<_CharT,_Traits,_Allocator>& __rhs)
        -: 4017:{
        -: 4018:    basic_string<_CharT, _Traits, _Allocator> __r(__rhs.get_allocator());
        -: 4019:    typename basic_string<_CharT, _Traits, _Allocator>::size_type __rhs_sz = __rhs.size();
        -: 4020:    __r.__init(&__lhs, 1, 1 + __rhs_sz);
        -: 4021:    __r.append(__rhs.data(), __rhs_sz);
        -: 4022:    return __r;
        -: 4023:}
        -: 4024:
        -: 4025:template<class _CharT, class _Traits, class _Allocator>
        -: 4026:basic_string<_CharT, _Traits, _Allocator>
        -: 4027:operator+(const basic_string<_CharT, _Traits, _Allocator>& __lhs, const _CharT* __rhs)
        -: 4028:{
        -: 4029:    basic_string<_CharT, _Traits, _Allocator> __r(__lhs.get_allocator());
        -: 4030:    typename basic_string<_CharT, _Traits, _Allocator>::size_type __lhs_sz = __lhs.size();
        -: 4031:    typename basic_string<_CharT, _Traits, _Allocator>::size_type __rhs_sz = _Traits::length(__rhs);
        -: 4032:    __r.__init(__lhs.data(), __lhs_sz, __lhs_sz + __rhs_sz);
        -: 4033:    __r.append(__rhs, __rhs_sz);
        -: 4034:    return __r;
        -: 4035:}
        -: 4036:
        -: 4037:template<class _CharT, class _Traits, class _Allocator>
        -: 4038:basic_string<_CharT, _Traits, _Allocator>
        -: 4039:operator+(const basic_string<_CharT, _Traits, _Allocator>& __lhs, _CharT __rhs)
        -: 4040:{
        -: 4041:    basic_string<_CharT, _Traits, _Allocator> __r(__lhs.get_allocator());
        -: 4042:    typename basic_string<_CharT, _Traits, _Allocator>::size_type __lhs_sz = __lhs.size();
        -: 4043:    __r.__init(__lhs.data(), __lhs_sz, __lhs_sz + 1);
        -: 4044:    __r.push_back(__rhs);
        -: 4045:    return __r;
        -: 4046:}
        -: 4047:
        -: 4048:#ifndef _LIBCPP_HAS_NO_RVALUE_REFERENCES
        -: 4049:
        -: 4050:template<class _CharT, class _Traits, class _Allocator>
        -: 4051:inline _LIBCPP_INLINE_VISIBILITY
        -: 4052:basic_string<_CharT, _Traits, _Allocator>
        -: 4053:operator+(basic_string<_CharT, _Traits, _Allocator>&& __lhs, const basic_string<_CharT, _Traits, _Allocator>& __rhs)
        -: 4054:{
        -: 4055:    return _VSTD::move(__lhs.append(__rhs));
        -: 4056:}
        -: 4057:
        -: 4058:template<class _CharT, class _Traits, class _Allocator>
        -: 4059:inline _LIBCPP_INLINE_VISIBILITY
        -: 4060:basic_string<_CharT, _Traits, _Allocator>
        -: 4061:operator+(const basic_string<_CharT, _Traits, _Allocator>& __lhs, basic_string<_CharT, _Traits, _Allocator>&& __rhs)
        -: 4062:{
        -: 4063:    return _VSTD::move(__rhs.insert(0, __lhs));
        -: 4064:}
        -: 4065:
        -: 4066:template<class _CharT, class _Traits, class _Allocator>
        -: 4067:inline _LIBCPP_INLINE_VISIBILITY
        -: 4068:basic_string<_CharT, _Traits, _Allocator>
        -: 4069:operator+(basic_string<_CharT, _Traits, _Allocator>&& __lhs, basic_string<_CharT, _Traits, _Allocator>&& __rhs)
        -: 4070:{
        -: 4071:    return _VSTD::move(__lhs.append(__rhs));
        -: 4072:}
        -: 4073:
        -: 4074:template<class _CharT, class _Traits, class _Allocator>
        -: 4075:inline _LIBCPP_INLINE_VISIBILITY
        -: 4076:basic_string<_CharT, _Traits, _Allocator>
        -: 4077:operator+(const _CharT* __lhs , basic_string<_CharT,_Traits,_Allocator>&& __rhs)
        -: 4078:{
        -: 4079:    return _VSTD::move(__rhs.insert(0, __lhs));
        -: 4080:}
        -: 4081:
        -: 4082:template<class _CharT, class _Traits, class _Allocator>
        -: 4083:inline _LIBCPP_INLINE_VISIBILITY
        -: 4084:basic_string<_CharT, _Traits, _Allocator>
        -: 4085:operator+(_CharT __lhs, basic_string<_CharT,_Traits,_Allocator>&& __rhs)
        -: 4086:{
        -: 4087:    __rhs.insert(__rhs.begin(), __lhs);
        -: 4088:    return _VSTD::move(__rhs);
        -: 4089:}
        -: 4090:
        -: 4091:template<class _CharT, class _Traits, class _Allocator>
        -: 4092:inline _LIBCPP_INLINE_VISIBILITY
        -: 4093:basic_string<_CharT, _Traits, _Allocator>
        -: 4094:operator+(basic_string<_CharT, _Traits, _Allocator>&& __lhs, const _CharT* __rhs)
        -: 4095:{
        -: 4096:    return _VSTD::move(__lhs.append(__rhs));
        -: 4097:}
        -: 4098:
        -: 4099:template<class _CharT, class _Traits, class _Allocator>
        -: 4100:inline _LIBCPP_INLINE_VISIBILITY
        -: 4101:basic_string<_CharT, _Traits, _Allocator>
        -: 4102:operator+(basic_string<_CharT, _Traits, _Allocator>&& __lhs, _CharT __rhs)
        -: 4103:{
        -: 4104:    __lhs.push_back(__rhs);
        -: 4105:    return _VSTD::move(__lhs);
        -: 4106:}
        -: 4107:
        -: 4108:#endif  // _LIBCPP_HAS_NO_RVALUE_REFERENCES
        -: 4109:
        -: 4110:// swap
        -: 4111:
        -: 4112:template<class _CharT, class _Traits, class _Allocator>
        -: 4113:inline _LIBCPP_INLINE_VISIBILITY
        -: 4114:void
        -: 4115:swap(basic_string<_CharT, _Traits, _Allocator>& __lhs,
        -: 4116:     basic_string<_CharT, _Traits, _Allocator>& __rhs)
        -: 4117:     _NOEXCEPT_(_NOEXCEPT_(__lhs.swap(__rhs)))
        -: 4118:{
        -: 4119:    __lhs.swap(__rhs);
        -: 4120:}
        -: 4121:
        -: 4122:#ifndef _LIBCPP_HAS_NO_UNICODE_CHARS
        -: 4123:
        -: 4124:typedef basic_string<char16_t> u16string;
        -: 4125:typedef basic_string<char32_t> u32string;
        -: 4126:
        -: 4127:#endif  // _LIBCPP_HAS_NO_UNICODE_CHARS
        -: 4128:
        -: 4129:_LIBCPP_FUNC_VIS int                stoi  (const string& __str, size_t* __idx = 0, int __base = 10);
        -: 4130:_LIBCPP_FUNC_VIS long               stol  (const string& __str, size_t* __idx = 0, int __base = 10);
        -: 4131:_LIBCPP_FUNC_VIS unsigned long      stoul (const string& __str, size_t* __idx = 0, int __base = 10);
        -: 4132:_LIBCPP_FUNC_VIS long long          stoll (const string& __str, size_t* __idx = 0, int __base = 10);
        -: 4133:_LIBCPP_FUNC_VIS unsigned long long stoull(const string& __str, size_t* __idx = 0, int __base = 10);
        -: 4134:
        -: 4135:_LIBCPP_FUNC_VIS float       stof (const string& __str, size_t* __idx = 0);
        -: 4136:_LIBCPP_FUNC_VIS double      stod (const string& __str, size_t* __idx = 0);
        -: 4137:_LIBCPP_FUNC_VIS long double stold(const string& __str, size_t* __idx = 0);
        -: 4138:
        -: 4139:_LIBCPP_FUNC_VIS string to_string(int __val);
        -: 4140:_LIBCPP_FUNC_VIS string to_string(unsigned __val);
        -: 4141:_LIBCPP_FUNC_VIS string to_string(long __val);
        -: 4142:_LIBCPP_FUNC_VIS string to_string(unsigned long __val);
        -: 4143:_LIBCPP_FUNC_VIS string to_string(long long __val);
        -: 4144:_LIBCPP_FUNC_VIS string to_string(unsigned long long __val);
        -: 4145:_LIBCPP_FUNC_VIS string to_string(float __val);
        -: 4146:_LIBCPP_FUNC_VIS string to_string(double __val);
        -: 4147:_LIBCPP_FUNC_VIS string to_string(long double __val);
        -: 4148:
        -: 4149:_LIBCPP_FUNC_VIS int                stoi  (const wstring& __str, size_t* __idx = 0, int __base = 10);
        -: 4150:_LIBCPP_FUNC_VIS long               stol  (const wstring& __str, size_t* __idx = 0, int __base = 10);
        -: 4151:_LIBCPP_FUNC_VIS unsigned long      stoul (const wstring& __str, size_t* __idx = 0, int __base = 10);
        -: 4152:_LIBCPP_FUNC_VIS long long          stoll (const wstring& __str, size_t* __idx = 0, int __base = 10);
        -: 4153:_LIBCPP_FUNC_VIS unsigned long long stoull(const wstring& __str, size_t* __idx = 0, int __base = 10);
        -: 4154:
        -: 4155:_LIBCPP_FUNC_VIS float       stof (const wstring& __str, size_t* __idx = 0);
        -: 4156:_LIBCPP_FUNC_VIS double      stod (const wstring& __str, size_t* __idx = 0);
        -: 4157:_LIBCPP_FUNC_VIS long double stold(const wstring& __str, size_t* __idx = 0);
        -: 4158:
        -: 4159:_LIBCPP_FUNC_VIS wstring to_wstring(int __val);
        -: 4160:_LIBCPP_FUNC_VIS wstring to_wstring(unsigned __val);
        -: 4161:_LIBCPP_FUNC_VIS wstring to_wstring(long __val);
        -: 4162:_LIBCPP_FUNC_VIS wstring to_wstring(unsigned long __val);
        -: 4163:_LIBCPP_FUNC_VIS wstring to_wstring(long long __val);
        -: 4164:_LIBCPP_FUNC_VIS wstring to_wstring(unsigned long long __val);
        -: 4165:_LIBCPP_FUNC_VIS wstring to_wstring(float __val);
        -: 4166:_LIBCPP_FUNC_VIS wstring to_wstring(double __val);
        -: 4167:_LIBCPP_FUNC_VIS wstring to_wstring(long double __val);
        -: 4168:
        -: 4169:template<class _CharT, class _Traits, class _Allocator>
        -: 4170:    const typename basic_string<_CharT, _Traits, _Allocator>::size_type
        -: 4171:                   basic_string<_CharT, _Traits, _Allocator>::npos;
        -: 4172:
        -: 4173:template<class _CharT, class _Traits, class _Allocator>
        -: 4174:struct _LIBCPP_TYPE_VIS_ONLY hash<basic_string<_CharT, _Traits, _Allocator> >
        -: 4175:    : public unary_function<basic_string<_CharT, _Traits, _Allocator>, size_t>
        -: 4176:{
        -: 4177:    size_t
        -: 4178:        operator()(const basic_string<_CharT, _Traits, _Allocator>& __val) const _NOEXCEPT;
        -: 4179:};
        -: 4180:
        -: 4181:template<class _CharT, class _Traits, class _Allocator>
        -: 4182:size_t
        -: 4183:hash<basic_string<_CharT, _Traits, _Allocator> >::operator()(
        -: 4184:        const basic_string<_CharT, _Traits, _Allocator>& __val) const _NOEXCEPT
        -: 4185:{
        -: 4186:    return __do_string_hash(__val.data(), __val.data() + __val.size());
        -: 4187:}
        -: 4188:
        -: 4189:template<class _CharT, class _Traits, class _Allocator>
        -: 4190:basic_ostream<_CharT, _Traits>&
        -: 4191:operator<<(basic_ostream<_CharT, _Traits>& __os,
        -: 4192:           const basic_string<_CharT, _Traits, _Allocator>& __str);
        -: 4193:
        -: 4194:template<class _CharT, class _Traits, class _Allocator>
        -: 4195:basic_istream<_CharT, _Traits>&
        -: 4196:operator>>(basic_istream<_CharT, _Traits>& __is,
        -: 4197:           basic_string<_CharT, _Traits, _Allocator>& __str);
        -: 4198:
        -: 4199:template<class _CharT, class _Traits, class _Allocator>
        -: 4200:basic_istream<_CharT, _Traits>&
        -: 4201:getline(basic_istream<_CharT, _Traits>& __is,
        -: 4202:        basic_string<_CharT, _Traits, _Allocator>& __str, _CharT __dlm);
        -: 4203:
        -: 4204:template<class _CharT, class _Traits, class _Allocator>
        -: 4205:inline _LIBCPP_INLINE_VISIBILITY
        -: 4206:basic_istream<_CharT, _Traits>&
        -: 4207:getline(basic_istream<_CharT, _Traits>& __is,
        -: 4208:        basic_string<_CharT, _Traits, _Allocator>& __str);
        -: 4209:
        -: 4210:#ifndef _LIBCPP_HAS_NO_RVALUE_REFERENCES
        -: 4211:
        -: 4212:template<class _CharT, class _Traits, class _Allocator>
        -: 4213:inline _LIBCPP_INLINE_VISIBILITY
        -: 4214:basic_istream<_CharT, _Traits>&
        -: 4215:getline(basic_istream<_CharT, _Traits>&& __is,
        -: 4216:        basic_string<_CharT, _Traits, _Allocator>& __str, _CharT __dlm);
        -: 4217:
        -: 4218:template<class _CharT, class _Traits, class _Allocator>
        -: 4219:inline _LIBCPP_INLINE_VISIBILITY
        -: 4220:basic_istream<_CharT, _Traits>&
        -: 4221:getline(basic_istream<_CharT, _Traits>&& __is,
        -: 4222:        basic_string<_CharT, _Traits, _Allocator>& __str);
        -: 4223:
        -: 4224:#endif  // _LIBCPP_HAS_NO_RVALUE_REFERENCES
        -: 4225:
        -: 4226:#if _LIBCPP_DEBUG_LEVEL >= 2
        -: 4227:
        -: 4228:template<class _CharT, class _Traits, class _Allocator>
        -: 4229:bool
        -: 4230:basic_string<_CharT, _Traits, _Allocator>::__dereferenceable(const const_iterator* __i) const
        -: 4231:{
        -: 4232:    return this->data() <= _VSTD::__to_raw_pointer(__i->base()) &&
        -: 4233:           _VSTD::__to_raw_pointer(__i->base()) < this->data() + this->size();
        -: 4234:}
        -: 4235:
        -: 4236:template<class _CharT, class _Traits, class _Allocator>
        -: 4237:bool
        -: 4238:basic_string<_CharT, _Traits, _Allocator>::__decrementable(const const_iterator* __i) const
        -: 4239:{
        -: 4240:    return this->data() < _VSTD::__to_raw_pointer(__i->base()) &&
        -: 4241:           _VSTD::__to_raw_pointer(__i->base()) <= this->data() + this->size();
        -: 4242:}
        -: 4243:
        -: 4244:template<class _CharT, class _Traits, class _Allocator>
        -: 4245:bool
        -: 4246:basic_string<_CharT, _Traits, _Allocator>::__addable(const const_iterator* __i, ptrdiff_t __n) const
        -: 4247:{
        -: 4248:    const value_type* __p = _VSTD::__to_raw_pointer(__i->base()) + __n;
        -: 4249:    return this->data() <= __p && __p <= this->data() + this->size();
        -: 4250:}
        -: 4251:
        -: 4252:template<class _CharT, class _Traits, class _Allocator>
        -: 4253:bool
        -: 4254:basic_string<_CharT, _Traits, _Allocator>::__subscriptable(const const_iterator* __i, ptrdiff_t __n) const
        -: 4255:{
        -: 4256:    const value_type* __p = _VSTD::__to_raw_pointer(__i->base()) + __n;
        -: 4257:    return this->data() <= __p && __p < this->data() + this->size();
        -: 4258:}
        -: 4259:
        -: 4260:#endif  // _LIBCPP_DEBUG_LEVEL >= 2
        -: 4261:
        -: 4262:#if _LIBCPP_STD_VER > 11 
        -: 4263:// Literal suffixes for basic_string [basic.string.literals]
        -: 4264:inline namespace literals
        -: 4265:{
        -: 4266:  inline namespace string_literals
        -: 4267:  {
        -: 4268:    inline _LIBCPP_INLINE_VISIBILITY
        -: 4269:    basic_string<char> operator "" s( const char *__str, size_t __len )
        -: 4270:    {
        -: 4271:        return basic_string<char> (__str, __len);
        -: 4272:    }
        -: 4273:
        -: 4274:    inline _LIBCPP_INLINE_VISIBILITY
        -: 4275:    basic_string<wchar_t> operator "" s( const wchar_t *__str, size_t __len )
        -: 4276:    {
        -: 4277:        return basic_string<wchar_t> (__str, __len);
        -: 4278:    }
        -: 4279:
        -: 4280:    inline _LIBCPP_INLINE_VISIBILITY
        -: 4281:    basic_string<char16_t> operator "" s( const char16_t *__str, size_t __len )
        -: 4282:    {
        -: 4283:        return basic_string<char16_t> (__str, __len);
        -: 4284:    }
        -: 4285:
        -: 4286:    inline _LIBCPP_INLINE_VISIBILITY
        -: 4287:    basic_string<char32_t> operator "" s( const char32_t *__str, size_t __len )
        -: 4288:    {
        -: 4289:        return basic_string<char32_t> (__str, __len);
        -: 4290:    }
        -: 4291:  }
        -: 4292:}
        -: 4293:#endif
        -: 4294:
        -: 4295:_LIBCPP_EXTERN_TEMPLATE(class _LIBCPP_TYPE_VIS basic_string<char>)
        -: 4296:_LIBCPP_EXTERN_TEMPLATE(class _LIBCPP_TYPE_VIS basic_string<wchar_t>)
        -: 4297:_LIBCPP_EXTERN_TEMPLATE(string operator+<char, char_traits<char>, allocator<char> >(char const*, string const&))
        -: 4298:
        -: 4299:_LIBCPP_END_NAMESPACE_STD
        -: 4300:
        -: 4301:#endif  // _LIBCPP_STRING
